ERROR - 2022-10-06 18:56:50 --> mysqli_sql_exception: Cannot add or update a child row: a foreign key constraint fails (`p5bk`.`rencana_budaya_kerja`, CONSTRAINT `get_kelas` FOREIGN KEY (`kelas_id`) REFERENCES `tb_kelas` (`kelas_id`)) in E:\laragon\www\p5bk\system\Database\MySQLi\Connection.php:292
Stack trace:
#0 E:\laragon\www\p5bk\system\Database\MySQLi\Connection.php(292): mysqli->query('INSERT INTO `re...', 0)
#1 E:\laragon\www\p5bk\system\Database\BaseConnection.php(693): CodeIgniter\Database\MySQLi\Connection->execute('INSERT INTO `re...')
#2 E:\laragon\www\p5bk\system\Database\BaseConnection.php(620): CodeIgniter\Database\BaseConnection->simpleQuery('INSERT INTO `re...')
#3 E:\laragon\www\p5bk\system\Database\BaseBuilder.php(1778): CodeIgniter\Database\BaseConnection->query('INSERT INTO `re...', NULL, false)
#4 E:\laragon\www\p5bk\app\Controllers\P5bk.php(72): CodeIgniter\Database\BaseBuilder->insertBatch(Array)
#5 E:\laragon\www\p5bk\system\CodeIgniter.php(907): App\Controllers\P5bk->tambah_rencana()
#6 E:\laragon\www\p5bk\system\CodeIgniter.php(457): CodeIgniter\CodeIgniter->runController(Object(App\Controllers\P5bk))
#7 E:\laragon\www\p5bk\system\CodeIgniter.php(340): CodeIgniter\CodeIgniter->handleRequest(NULL, Object(Config\Cache), false)
#8 E:\laragon\www\p5bk\public\index.php(67): CodeIgniter\CodeIgniter->run()
#9 E:\laragon\www\p5bk\system\Commands\Server\rewrite.php(43): require_once('E:\\laragon\\www\\...')
#10 {main}
CRITICAL - 2022-10-06 18:56:50 --> Cannot add or update a child row: a foreign key constraint fails (`p5bk`.`rencana_budaya_kerja`, CONSTRAINT `get_kelas` FOREIGN KEY (`kelas_id`) REFERENCES `tb_kelas` (`kelas_id`))
in SYSTEMPATH\Database\MySQLi\Connection.php on line 292.
 1 SYSTEMPATH\Database\MySQLi\Connection.php(292): mysqli->query('INSERT INTO `rencana_budaya_kerja` (`deskripsi`, `kelas_id`, `nama`) VALUES (\'asdasdads\',\'2\',\'asdad\'), (\'\',\'Pilih Kelas\',\'\')', 0)
 2 SYSTEMPATH\Database\BaseConnection.php(693): CodeIgniter\Database\MySQLi\Connection->execute('INSERT INTO `rencana_budaya_kerja` (`deskripsi`, `kelas_id`, `nama`) VALUES (\'asdasdads\',\'2\',\'asdad\'), (\'\',\'Pilih Kelas\',\'\')')
 3 SYSTEMPATH\Database\BaseConnection.php(620): CodeIgniter\Database\BaseConnection->simpleQuery('INSERT INTO `rencana_budaya_kerja` (`deskripsi`, `kelas_id`, `nama`) VALUES (\'asdasdads\',\'2\',\'asdad\'), (\'\',\'Pilih Kelas\',\'\')')
 4 SYSTEMPATH\Database\BaseBuilder.php(1778): CodeIgniter\Database\BaseConnection->query('INSERT INTO `rencana_budaya_kerja` (`deskripsi`, `kelas_id`, `nama`) VALUES (\'asdasdads\',\'2\',\'asdad\'), (\'\',\'Pilih Kelas\',\'\')', null, false)
 5 APPPATH\Controllers\P5bk.php(72): CodeIgniter\Database\BaseBuilder->insertBatch([...])
 6 SYSTEMPATH\CodeIgniter.php(907): App\Controllers\P5bk->tambah_rencana()
 7 SYSTEMPATH\CodeIgniter.php(457): CodeIgniter\CodeIgniter->runController(Object(App\Controllers\P5bk))
 8 SYSTEMPATH\CodeIgniter.php(340): CodeIgniter\CodeIgniter->handleRequest(null, Object(Config\Cache), false)
 9 FCPATH\index.php(67): CodeIgniter\CodeIgniter->run()
10 SYSTEMPATH\Commands\Server\rewrite.php(43): require_once('FCPATH\\index.php')
CRITICAL - 2022-10-06 19:01:08 --> Undefined array key 1
in APPPATH\Controllers\P5bk.php on line 65.
 1 APPPATH\Controllers\P5bk.php(65): CodeIgniter\Debug\Exceptions->errorHandler(2, 'Undefined array key 1', 'APPPATH\\Controllers\\P5bk.php', 65)
 2 SYSTEMPATH\CodeIgniter.php(907): App\Controllers\P5bk->tambah_rencana()
 3 SYSTEMPATH\CodeIgniter.php(457): CodeIgniter\CodeIgniter->runController(Object(App\Controllers\P5bk))
 4 SYSTEMPATH\CodeIgniter.php(340): CodeIgniter\CodeIgniter->handleRequest(null, Object(Config\Cache), false)
 5 FCPATH\index.php(67): CodeIgniter\CodeIgniter->run()
 6 SYSTEMPATH\Commands\Server\rewrite.php(43): require_once('FCPATH\\index.php')
CRITICAL - 2022-10-06 19:22:45 --> The route for "hapus-perencanaan1" cannot be found.
in SYSTEMPATH\Helpers\url_helper.php on line 542.
 1 SYSTEMPATH\Helpers\url_helper.php(542): CodeIgniter\Router\Exceptions\RouterException::forInvalidRoute('hapus-perencanaan1')
 2 APPPATH\Views\fitur\perencanaan.php(47): url_to('hapus-perencanaan1')
 3 SYSTEMPATH\View\View.php(213): include('APPPATH\\Views\\fitur\\perencanaan.php')
 4 SYSTEMPATH\View\View.php(216): CodeIgniter\View\View->CodeIgniter\View\{closure}()
 5 SYSTEMPATH\Common.php(1142): CodeIgniter\View\View->render('fitur/perencanaan', [], true)
 6 APPPATH\Controllers\P5bk.php(50): view('fitur/perencanaan', [...])
 7 SYSTEMPATH\CodeIgniter.php(907): App\Controllers\P5bk->index()
 8 SYSTEMPATH\CodeIgniter.php(457): CodeIgniter\CodeIgniter->runController(Object(App\Controllers\P5bk))
 9 SYSTEMPATH\CodeIgniter.php(340): CodeIgniter\CodeIgniter->handleRequest(null, Object(Config\Cache), false)
10 FCPATH\index.php(67): CodeIgniter\CodeIgniter->run()
11 SYSTEMPATH\Commands\Server\rewrite.php(43): require_once('FCPATH\\index.php')
CRITICAL - 2022-10-06 19:22:59 --> Undefined array key 0
in SYSTEMPATH\Router\RouteCollection.php on line 1135.
 1 SYSTEMPATH\Router\RouteCollection.php(1135): CodeIgniter\Debug\Exceptions->errorHandler(2, 'Undefined array key 0', 'SYSTEMPATH\\Router\\RouteCollection.php', 1135)
 2 SYSTEMPATH\Router\RouteCollection.php(1002): CodeIgniter\Router\RouteCollection->fillRouteParams('admin/perencanaan/hapus/([0-9]+)', [])
 3 SYSTEMPATH\Common.php(920): CodeIgniter\Router\RouteCollection->reverseRoute('hapus-perencanaan')
 4 SYSTEMPATH\Helpers\url_helper.php(535): route_to('hapus-perencanaan')
 5 APPPATH\Views\fitur\perencanaan.php(47): url_to('hapus-perencanaan')
 6 SYSTEMPATH\View\View.php(213): include('APPPATH\\Views\\fitur\\perencanaan.php')
 7 SYSTEMPATH\View\View.php(216): CodeIgniter\View\View->CodeIgniter\View\{closure}()
 8 SYSTEMPATH\Common.php(1142): CodeIgniter\View\View->render('fitur/perencanaan', [], true)
 9 APPPATH\Controllers\P5bk.php(50): view('fitur/perencanaan', [...])
10 SYSTEMPATH\CodeIgniter.php(907): App\Controllers\P5bk->index()
11 SYSTEMPATH\CodeIgniter.php(457): CodeIgniter\CodeIgniter->runController(Object(App\Controllers\P5bk))
12 SYSTEMPATH\CodeIgniter.php(340): CodeIgniter\CodeIgniter->handleRequest(null, Object(Config\Cache), false)
13 FCPATH\index.php(67): CodeIgniter\CodeIgniter->run()
14 SYSTEMPATH\Commands\Server\rewrite.php(43): require_once('FCPATH\\index.php')
CRITICAL - 2022-10-06 19:23:09 --> The route for "hapus-perencanaan1" cannot be found.
in SYSTEMPATH\Helpers\url_helper.php on line 542.
 1 SYSTEMPATH\Helpers\url_helper.php(542): CodeIgniter\Router\Exceptions\RouterException::forInvalidRoute('hapus-perencanaan1')
 2 APPPATH\Views\fitur\perencanaan.php(47): url_to('hapus-perencanaan1')
 3 SYSTEMPATH\View\View.php(213): include('APPPATH\\Views\\fitur\\perencanaan.php')
 4 SYSTEMPATH\View\View.php(216): CodeIgniter\View\View->CodeIgniter\View\{closure}()
 5 SYSTEMPATH\Common.php(1142): CodeIgniter\View\View->render('fitur/perencanaan', [], true)
 6 APPPATH\Controllers\P5bk.php(50): view('fitur/perencanaan', [...])
 7 SYSTEMPATH\CodeIgniter.php(907): App\Controllers\P5bk->index()
 8 SYSTEMPATH\CodeIgniter.php(457): CodeIgniter\CodeIgniter->runController(Object(App\Controllers\P5bk))
 9 SYSTEMPATH\CodeIgniter.php(340): CodeIgniter\CodeIgniter->handleRequest(null, Object(Config\Cache), false)
10 FCPATH\index.php(67): CodeIgniter\CodeIgniter->run()
11 SYSTEMPATH\Commands\Server\rewrite.php(43): require_once('FCPATH\\index.php')
CRITICAL - 2022-10-06 19:23:38 --> The route for "hapus-perencanaan1" cannot be found.
in SYSTEMPATH\Helpers\url_helper.php on line 542.
 1 SYSTEMPATH\Helpers\url_helper.php(542): CodeIgniter\Router\Exceptions\RouterException::forInvalidRoute('hapus-perencanaan1')
 2 APPPATH\Views\fitur\perencanaan.php(47): url_to('hapus-perencanaan1')
 3 SYSTEMPATH\View\View.php(213): include('APPPATH\\Views\\fitur\\perencanaan.php')
 4 SYSTEMPATH\View\View.php(216): CodeIgniter\View\View->CodeIgniter\View\{closure}()
 5 SYSTEMPATH\Common.php(1142): CodeIgniter\View\View->render('fitur/perencanaan', [], true)
 6 APPPATH\Controllers\P5bk.php(50): view('fitur/perencanaan', [...])
 7 SYSTEMPATH\CodeIgniter.php(907): App\Controllers\P5bk->index()
 8 SYSTEMPATH\CodeIgniter.php(457): CodeIgniter\CodeIgniter->runController(Object(App\Controllers\P5bk))
 9 SYSTEMPATH\CodeIgniter.php(340): CodeIgniter\CodeIgniter->handleRequest(null, Object(Config\Cache), false)
10 FCPATH\index.php(67): CodeIgniter\CodeIgniter->run()
11 SYSTEMPATH\Commands\Server\rewrite.php(43): require_once('FCPATH\\index.php')
CRITICAL - 2022-10-06 19:24:57 --> Undefined array key 0
in SYSTEMPATH\Router\RouteCollection.php on line 1135.
 1 SYSTEMPATH\Router\RouteCollection.php(1135): CodeIgniter\Debug\Exceptions->errorHandler(2, 'Undefined array key 0', 'SYSTEMPATH\\Router\\RouteCollection.php', 1135)
 2 SYSTEMPATH\Router\RouteCollection.php(1002): CodeIgniter\Router\RouteCollection->fillRouteParams('admin/perencanaan/hapus/([0-9]+)', [])
 3 SYSTEMPATH\Common.php(920): CodeIgniter\Router\RouteCollection->reverseRoute('hapus-perencanaan')
 4 SYSTEMPATH\Helpers\url_helper.php(535): route_to('hapus-perencanaan')
 5 APPPATH\Views\fitur\perencanaan.php(47): url_to('hapus-perencanaan')
 6 SYSTEMPATH\View\View.php(213): include('APPPATH\\Views\\fitur\\perencanaan.php')
 7 SYSTEMPATH\View\View.php(216): CodeIgniter\View\View->CodeIgniter\View\{closure}()
 8 SYSTEMPATH\Common.php(1142): CodeIgniter\View\View->render('fitur/perencanaan', [], true)
 9 APPPATH\Controllers\P5bk.php(50): view('fitur/perencanaan', [...])
10 SYSTEMPATH\CodeIgniter.php(907): App\Controllers\P5bk->index()
11 SYSTEMPATH\CodeIgniter.php(457): CodeIgniter\CodeIgniter->runController(Object(App\Controllers\P5bk))
12 SYSTEMPATH\CodeIgniter.php(340): CodeIgniter\CodeIgniter->handleRequest(null, Object(Config\Cache), false)
13 FCPATH\index.php(67): CodeIgniter\CodeIgniter->run()
14 SYSTEMPATH\Commands\Server\rewrite.php(43): require_once('FCPATH\\index.php')
ERROR - 2022-10-06 19:29:47 --> mysqli_sql_exception: Cannot delete or update a parent row: a foreign key constraint fails (`p5bk`.`nilai_p5bk`, CONSTRAINT `gotoaspek` FOREIGN KEY (`aspek_id`) REFERENCES `aspek_penilaian` (`aspek_id`) ON DELETE NO ACTION ON UPDATE NO ACTION) in E:\laragon\www\p5bk\system\Database\MySQLi\Connection.php:292
Stack trace:
#0 E:\laragon\www\p5bk\system\Database\MySQLi\Connection.php(292): mysqli->query('DELETE FROM `re...', 0)
#1 E:\laragon\www\p5bk\system\Database\BaseConnection.php(693): CodeIgniter\Database\MySQLi\Connection->execute('DELETE FROM `re...')
#2 E:\laragon\www\p5bk\system\Database\BaseConnection.php(620): CodeIgniter\Database\BaseConnection->simpleQuery('DELETE FROM `re...')
#3 E:\laragon\www\p5bk\system\Database\BaseBuilder.php(2391): CodeIgniter\Database\BaseConnection->query('DELETE FROM `re...', Array, false)
#4 E:\laragon\www\p5bk\app\Controllers\P5bk.php(89): CodeIgniter\Database\BaseBuilder->delete(Array)
#5 E:\laragon\www\p5bk\system\CodeIgniter.php(907): App\Controllers\P5bk->hapus_rencana('1')
#6 E:\laragon\www\p5bk\system\CodeIgniter.php(457): CodeIgniter\CodeIgniter->runController(Object(App\Controllers\P5bk))
#7 E:\laragon\www\p5bk\system\CodeIgniter.php(340): CodeIgniter\CodeIgniter->handleRequest(NULL, Object(Config\Cache), false)
#8 E:\laragon\www\p5bk\public\index.php(67): CodeIgniter\CodeIgniter->run()
#9 E:\laragon\www\p5bk\system\Commands\Server\rewrite.php(43): require_once('E:\\laragon\\www\\...')
#10 {main}
CRITICAL - 2022-10-06 19:29:47 --> Cannot delete or update a parent row: a foreign key constraint fails (`p5bk`.`nilai_p5bk`, CONSTRAINT `gotoaspek` FOREIGN KEY (`aspek_id`) REFERENCES `aspek_penilaian` (`aspek_id`) ON DELETE NO ACTION ON UPDATE NO ACTION)
in SYSTEMPATH\Database\MySQLi\Connection.php on line 292.
 1 SYSTEMPATH\Database\MySQLi\Connection.php(292): mysqli->query('DELETE FROM `rencana_budaya_kerja`
WHERE `rencana_id` = \'1\'', 0)
 2 SYSTEMPATH\Database\BaseConnection.php(693): CodeIgniter\Database\MySQLi\Connection->execute('DELETE FROM `rencana_budaya_kerja`
WHERE `rencana_id` = \'1\'')
 3 SYSTEMPATH\Database\BaseConnection.php(620): CodeIgniter\Database\BaseConnection->simpleQuery('DELETE FROM `rencana_budaya_kerja`
WHERE `rencana_id` = \'1\'')
 4 SYSTEMPATH\Database\BaseBuilder.php(2391): CodeIgniter\Database\BaseConnection->query('DELETE FROM `rencana_budaya_kerja`
WHERE `rencana_id` = :rencana_id:', [...], false)
 5 APPPATH\Controllers\P5bk.php(89): CodeIgniter\Database\BaseBuilder->delete([...])
 6 SYSTEMPATH\CodeIgniter.php(907): App\Controllers\P5bk->hapus_rencana('1')
 7 SYSTEMPATH\CodeIgniter.php(457): CodeIgniter\CodeIgniter->runController(Object(App\Controllers\P5bk))
 8 SYSTEMPATH\CodeIgniter.php(340): CodeIgniter\CodeIgniter->handleRequest(null, Object(Config\Cache), false)
 9 FCPATH\index.php(67): CodeIgniter\CodeIgniter->run()
10 SYSTEMPATH\Commands\Server\rewrite.php(43): require_once('FCPATH\\index.php')
CRITICAL - 2022-10-06 20:28:34 --> Trying to access array offset on value of type null
in APPPATH\Views\fitur\test.php on line 282.
 1 APPPATH\Views\fitur\test.php(282): CodeIgniter\Debug\Exceptions->errorHandler(2, 'Trying to access array offset on value of type null', 'APPPATH\\Views\\fitur\\test.php', 282)
 2 SYSTEMPATH\View\View.php(213): include('APPPATH\\Views\\fitur\\test.php')
 3 SYSTEMPATH\View\View.php(216): CodeIgniter\View\View->CodeIgniter\View\{closure}()
 4 SYSTEMPATH\Common.php(1142): CodeIgniter\View\View->render('fitur/test', [], true)
 5 APPPATH\Controllers\Test.php(107): view('fitur/test', [...])
 6 SYSTEMPATH\CodeIgniter.php(907): App\Controllers\Test->index()
 7 SYSTEMPATH\CodeIgniter.php(457): CodeIgniter\CodeIgniter->runController(Object(App\Controllers\Test))
 8 SYSTEMPATH\CodeIgniter.php(340): CodeIgniter\CodeIgniter->handleRequest(null, Object(Config\Cache), false)
 9 FCPATH\index.php(67): CodeIgniter\CodeIgniter->run()
10 SYSTEMPATH\Commands\Server\rewrite.php(43): require_once('FCPATH\\index.php')
CRITICAL - 2022-10-06 20:28:40 --> Trying to access array offset on value of type null
in APPPATH\Views\fitur\test.php on line 282.
 1 APPPATH\Views\fitur\test.php(282): CodeIgniter\Debug\Exceptions->errorHandler(2, 'Trying to access array offset on value of type null', 'APPPATH\\Views\\fitur\\test.php', 282)
 2 SYSTEMPATH\View\View.php(213): include('APPPATH\\Views\\fitur\\test.php')
 3 SYSTEMPATH\View\View.php(216): CodeIgniter\View\View->CodeIgniter\View\{closure}()
 4 SYSTEMPATH\Common.php(1142): CodeIgniter\View\View->render('fitur/test', [], true)
 5 APPPATH\Controllers\Test.php(107): view('fitur/test', [...])
 6 SYSTEMPATH\CodeIgniter.php(907): App\Controllers\Test->index()
 7 SYSTEMPATH\CodeIgniter.php(457): CodeIgniter\CodeIgniter->runController(Object(App\Controllers\Test))
 8 SYSTEMPATH\CodeIgniter.php(340): CodeIgniter\CodeIgniter->handleRequest(null, Object(Config\Cache), false)
 9 FCPATH\index.php(67): CodeIgniter\CodeIgniter->run()
10 SYSTEMPATH\Commands\Server\rewrite.php(43): require_once('FCPATH\\index.php')
CRITICAL - 2022-10-06 20:29:21 --> Cannot access offset of type string on string
in APPPATH\Views\fitur\test.php on line 282.
 1 SYSTEMPATH\View\View.php(213): include()
 2 SYSTEMPATH\View\View.php(216): CodeIgniter\View\View->CodeIgniter\View\{closure}()
 3 SYSTEMPATH\Common.php(1142): CodeIgniter\View\View->render('fitur/test', [], true)
 4 APPPATH\Controllers\Test.php(109): view('fitur/test', [...])
 5 SYSTEMPATH\CodeIgniter.php(907): App\Controllers\Test->index()
 6 SYSTEMPATH\CodeIgniter.php(457): CodeIgniter\CodeIgniter->runController(Object(App\Controllers\Test))
 7 SYSTEMPATH\CodeIgniter.php(340): CodeIgniter\CodeIgniter->handleRequest(null, Object(Config\Cache), false)
 8 FCPATH\index.php(67): CodeIgniter\CodeIgniter->run()
 9 SYSTEMPATH\Commands\Server\rewrite.php(43): require_once('FCPATH\\index.php')
CRITICAL - 2022-10-06 20:29:32 --> Cannot access offset of type string on string
in APPPATH\Views\fitur\test.php on line 282.
 1 SYSTEMPATH\View\View.php(213): include()
 2 SYSTEMPATH\View\View.php(216): CodeIgniter\View\View->CodeIgniter\View\{closure}()
 3 SYSTEMPATH\Common.php(1142): CodeIgniter\View\View->render('fitur/test', [], true)
 4 APPPATH\Controllers\Test.php(109): view('fitur/test', [...])
 5 SYSTEMPATH\CodeIgniter.php(907): App\Controllers\Test->index()
 6 SYSTEMPATH\CodeIgniter.php(457): CodeIgniter\CodeIgniter->runController(Object(App\Controllers\Test))
 7 SYSTEMPATH\CodeIgniter.php(340): CodeIgniter\CodeIgniter->handleRequest(null, Object(Config\Cache), false)
 8 FCPATH\index.php(67): CodeIgniter\CodeIgniter->run()
 9 SYSTEMPATH\Commands\Server\rewrite.php(43): require_once('FCPATH\\index.php')
CRITICAL - 2022-10-06 20:29:34 --> Cannot access offset of type string on string
in APPPATH\Views\fitur\test.php on line 282.
 1 SYSTEMPATH\View\View.php(213): include()
 2 SYSTEMPATH\View\View.php(216): CodeIgniter\View\View->CodeIgniter\View\{closure}()
 3 SYSTEMPATH\Common.php(1142): CodeIgniter\View\View->render('fitur/test', [], true)
 4 APPPATH\Controllers\Test.php(109): view('fitur/test', [...])
 5 SYSTEMPATH\CodeIgniter.php(907): App\Controllers\Test->index()
 6 SYSTEMPATH\CodeIgniter.php(457): CodeIgniter\CodeIgniter->runController(Object(App\Controllers\Test))
 7 SYSTEMPATH\CodeIgniter.php(340): CodeIgniter\CodeIgniter->handleRequest(null, Object(Config\Cache), false)
 8 FCPATH\index.php(67): CodeIgniter\CodeIgniter->run()
 9 SYSTEMPATH\Commands\Server\rewrite.php(43): require_once('FCPATH\\index.php')
CRITICAL - 2022-10-06 20:30:33 --> Trying to access array offset on value of type null
in APPPATH\Controllers\Test.php on line 90.
 1 APPPATH\Controllers\Test.php(90): CodeIgniter\Debug\Exceptions->errorHandler(2, 'Trying to access array offset on value of type null', 'APPPATH\\Controllers\\Test.php', 90)
 2 SYSTEMPATH\CodeIgniter.php(907): App\Controllers\Test->index()
 3 SYSTEMPATH\CodeIgniter.php(457): CodeIgniter\CodeIgniter->runController(Object(App\Controllers\Test))
 4 SYSTEMPATH\CodeIgniter.php(340): CodeIgniter\CodeIgniter->handleRequest(null, Object(Config\Cache), false)
 5 FCPATH\index.php(67): CodeIgniter\CodeIgniter->run()
 6 SYSTEMPATH\Commands\Server\rewrite.php(43): require_once('FCPATH\\index.php')
CRITICAL - 2022-10-06 20:31:01 --> Trying to access array offset on value of type null
in APPPATH\Controllers\Test.php on line 90.
 1 APPPATH\Controllers\Test.php(90): CodeIgniter\Debug\Exceptions->errorHandler(2, 'Trying to access array offset on value of type null', 'APPPATH\\Controllers\\Test.php', 90)
 2 SYSTEMPATH\CodeIgniter.php(907): App\Controllers\Test->index()
 3 SYSTEMPATH\CodeIgniter.php(457): CodeIgniter\CodeIgniter->runController(Object(App\Controllers\Test))
 4 SYSTEMPATH\CodeIgniter.php(340): CodeIgniter\CodeIgniter->handleRequest(null, Object(Config\Cache), false)
 5 FCPATH\index.php(67): CodeIgniter\CodeIgniter->run()
 6 SYSTEMPATH\Commands\Server\rewrite.php(43): require_once('FCPATH\\index.php')
CRITICAL - 2022-10-06 20:31:19 --> Cannot access offset of type string on string
in APPPATH\Views\fitur\test.php on line 282.
 1 SYSTEMPATH\View\View.php(213): include()
 2 SYSTEMPATH\View\View.php(216): CodeIgniter\View\View->CodeIgniter\View\{closure}()
 3 SYSTEMPATH\Common.php(1142): CodeIgniter\View\View->render('fitur/test', [], true)
 4 APPPATH\Controllers\Test.php(110): view('fitur/test', [...])
 5 SYSTEMPATH\CodeIgniter.php(907): App\Controllers\Test->index()
 6 SYSTEMPATH\CodeIgniter.php(457): CodeIgniter\CodeIgniter->runController(Object(App\Controllers\Test))
 7 SYSTEMPATH\CodeIgniter.php(340): CodeIgniter\CodeIgniter->handleRequest(null, Object(Config\Cache), false)
 8 FCPATH\index.php(67): CodeIgniter\CodeIgniter->run()
 9 SYSTEMPATH\Commands\Server\rewrite.php(43): require_once('FCPATH\\index.php')
CRITICAL - 2022-10-06 20:31:35 --> Cannot access offset of type string on string
in APPPATH\Views\fitur\test.php on line 282.
 1 SYSTEMPATH\View\View.php(213): include()
 2 SYSTEMPATH\View\View.php(216): CodeIgniter\View\View->CodeIgniter\View\{closure}()
 3 SYSTEMPATH\Common.php(1142): CodeIgniter\View\View->render('fitur/test', [], true)
 4 APPPATH\Controllers\Test.php(110): view('fitur/test', [...])
 5 SYSTEMPATH\CodeIgniter.php(907): App\Controllers\Test->index()
 6 SYSTEMPATH\CodeIgniter.php(457): CodeIgniter\CodeIgniter->runController(Object(App\Controllers\Test))
 7 SYSTEMPATH\CodeIgniter.php(340): CodeIgniter\CodeIgniter->handleRequest(null, Object(Config\Cache), false)
 8 FCPATH\index.php(67): CodeIgniter\CodeIgniter->run()
 9 SYSTEMPATH\Commands\Server\rewrite.php(43): require_once('FCPATH\\index.php')
CRITICAL - 2022-10-06 20:31:36 --> Cannot access offset of type string on string
in APPPATH\Views\fitur\test.php on line 282.
 1 SYSTEMPATH\View\View.php(213): include()
 2 SYSTEMPATH\View\View.php(216): CodeIgniter\View\View->CodeIgniter\View\{closure}()
 3 SYSTEMPATH\Common.php(1142): CodeIgniter\View\View->render('fitur/test', [], true)
 4 APPPATH\Controllers\Test.php(110): view('fitur/test', [...])
 5 SYSTEMPATH\CodeIgniter.php(907): App\Controllers\Test->index()
 6 SYSTEMPATH\CodeIgniter.php(457): CodeIgniter\CodeIgniter->runController(Object(App\Controllers\Test))
 7 SYSTEMPATH\CodeIgniter.php(340): CodeIgniter\CodeIgniter->handleRequest(null, Object(Config\Cache), false)
 8 FCPATH\index.php(67): CodeIgniter\CodeIgniter->run()
 9 SYSTEMPATH\Commands\Server\rewrite.php(43): require_once('FCPATH\\index.php')
CRITICAL - 2022-10-06 20:31:37 --> Cannot access offset of type string on string
in APPPATH\Views\fitur\test.php on line 282.
 1 SYSTEMPATH\View\View.php(213): include()
 2 SYSTEMPATH\View\View.php(216): CodeIgniter\View\View->CodeIgniter\View\{closure}()
 3 SYSTEMPATH\Common.php(1142): CodeIgniter\View\View->render('fitur/test', [], true)
 4 APPPATH\Controllers\Test.php(110): view('fitur/test', [...])
 5 SYSTEMPATH\CodeIgniter.php(907): App\Controllers\Test->index()
 6 SYSTEMPATH\CodeIgniter.php(457): CodeIgniter\CodeIgniter->runController(Object(App\Controllers\Test))
 7 SYSTEMPATH\CodeIgniter.php(340): CodeIgniter\CodeIgniter->handleRequest(null, Object(Config\Cache), false)
 8 FCPATH\index.php(67): CodeIgniter\CodeIgniter->run()
 9 SYSTEMPATH\Commands\Server\rewrite.php(43): require_once('FCPATH\\index.php')
CRITICAL - 2022-10-06 20:31:37 --> Cannot access offset of type string on string
in APPPATH\Views\fitur\test.php on line 282.
 1 SYSTEMPATH\View\View.php(213): include()
 2 SYSTEMPATH\View\View.php(216): CodeIgniter\View\View->CodeIgniter\View\{closure}()
 3 SYSTEMPATH\Common.php(1142): CodeIgniter\View\View->render('fitur/test', [], true)
 4 APPPATH\Controllers\Test.php(110): view('fitur/test', [...])
 5 SYSTEMPATH\CodeIgniter.php(907): App\Controllers\Test->index()
 6 SYSTEMPATH\CodeIgniter.php(457): CodeIgniter\CodeIgniter->runController(Object(App\Controllers\Test))
 7 SYSTEMPATH\CodeIgniter.php(340): CodeIgniter\CodeIgniter->handleRequest(null, Object(Config\Cache), false)
 8 FCPATH\index.php(67): CodeIgniter\CodeIgniter->run()
 9 SYSTEMPATH\Commands\Server\rewrite.php(43): require_once('FCPATH\\index.php')
CRITICAL - 2022-10-06 20:31:38 --> Cannot access offset of type string on string
in APPPATH\Views\fitur\test.php on line 282.
 1 SYSTEMPATH\View\View.php(213): include()
 2 SYSTEMPATH\View\View.php(216): CodeIgniter\View\View->CodeIgniter\View\{closure}()
 3 SYSTEMPATH\Common.php(1142): CodeIgniter\View\View->render('fitur/test', [], true)
 4 APPPATH\Controllers\Test.php(110): view('fitur/test', [...])
 5 SYSTEMPATH\CodeIgniter.php(907): App\Controllers\Test->index()
 6 SYSTEMPATH\CodeIgniter.php(457): CodeIgniter\CodeIgniter->runController(Object(App\Controllers\Test))
 7 SYSTEMPATH\CodeIgniter.php(340): CodeIgniter\CodeIgniter->handleRequest(null, Object(Config\Cache), false)
 8 FCPATH\index.php(67): CodeIgniter\CodeIgniter->run()
 9 SYSTEMPATH\Commands\Server\rewrite.php(43): require_once('FCPATH\\index.php')
CRITICAL - 2022-10-06 20:31:52 --> Cannot access offset of type string on string
in APPPATH\Views\fitur\test.php on line 282.
 1 SYSTEMPATH\View\View.php(213): include()
 2 SYSTEMPATH\View\View.php(216): CodeIgniter\View\View->CodeIgniter\View\{closure}()
 3 SYSTEMPATH\Common.php(1142): CodeIgniter\View\View->render('fitur/test', [], true)
 4 APPPATH\Controllers\Test.php(110): view('fitur/test', [...])
 5 SYSTEMPATH\CodeIgniter.php(907): App\Controllers\Test->index()
 6 SYSTEMPATH\CodeIgniter.php(457): CodeIgniter\CodeIgniter->runController(Object(App\Controllers\Test))
 7 SYSTEMPATH\CodeIgniter.php(340): CodeIgniter\CodeIgniter->handleRequest(null, Object(Config\Cache), false)
 8 FCPATH\index.php(67): CodeIgniter\CodeIgniter->run()
 9 SYSTEMPATH\Commands\Server\rewrite.php(43): require_once('FCPATH\\index.php')
CRITICAL - 2022-10-06 20:31:58 --> Cannot access offset of type string on string
in APPPATH\Views\fitur\test.php on line 282.
 1 SYSTEMPATH\View\View.php(213): include()
 2 SYSTEMPATH\View\View.php(216): CodeIgniter\View\View->CodeIgniter\View\{closure}()
 3 SYSTEMPATH\Common.php(1142): CodeIgniter\View\View->render('fitur/test', [], true)
 4 APPPATH\Controllers\Test.php(105): view('fitur/test', [...])
 5 SYSTEMPATH\CodeIgniter.php(907): App\Controllers\Test->index()
 6 SYSTEMPATH\CodeIgniter.php(457): CodeIgniter\CodeIgniter->runController(Object(App\Controllers\Test))
 7 SYSTEMPATH\CodeIgniter.php(340): CodeIgniter\CodeIgniter->handleRequest(null, Object(Config\Cache), false)
 8 FCPATH\index.php(67): CodeIgniter\CodeIgniter->run()
 9 SYSTEMPATH\Commands\Server\rewrite.php(43): require_once('FCPATH\\index.php')
CRITICAL - 2022-10-06 20:31:59 --> Cannot access offset of type string on string
in APPPATH\Views\fitur\test.php on line 282.
 1 SYSTEMPATH\View\View.php(213): include()
 2 SYSTEMPATH\View\View.php(216): CodeIgniter\View\View->CodeIgniter\View\{closure}()
 3 SYSTEMPATH\Common.php(1142): CodeIgniter\View\View->render('fitur/test', [], true)
 4 APPPATH\Controllers\Test.php(105): view('fitur/test', [...])
 5 SYSTEMPATH\CodeIgniter.php(907): App\Controllers\Test->index()
 6 SYSTEMPATH\CodeIgniter.php(457): CodeIgniter\CodeIgniter->runController(Object(App\Controllers\Test))
 7 SYSTEMPATH\CodeIgniter.php(340): CodeIgniter\CodeIgniter->handleRequest(null, Object(Config\Cache), false)
 8 FCPATH\index.php(67): CodeIgniter\CodeIgniter->run()
 9 SYSTEMPATH\Commands\Server\rewrite.php(43): require_once('FCPATH\\index.php')
CRITICAL - 2022-10-06 20:32:09 --> Undefined variable $cat
in APPPATH\Controllers\Test.php on line 92.
 1 APPPATH\Controllers\Test.php(92): CodeIgniter\Debug\Exceptions->errorHandler(2, 'Undefined variable $cat', 'APPPATH\\Controllers\\Test.php', 92)
 2 SYSTEMPATH\CodeIgniter.php(907): App\Controllers\Test->index()
 3 SYSTEMPATH\CodeIgniter.php(457): CodeIgniter\CodeIgniter->runController(Object(App\Controllers\Test))
 4 SYSTEMPATH\CodeIgniter.php(340): CodeIgniter\CodeIgniter->handleRequest(null, Object(Config\Cache), false)
 5 FCPATH\index.php(67): CodeIgniter\CodeIgniter->run()
 6 SYSTEMPATH\Commands\Server\rewrite.php(43): require_once('FCPATH\\index.php')
CRITICAL - 2022-10-06 20:32:11 --> Undefined variable $cat
in APPPATH\Controllers\Test.php on line 92.
 1 APPPATH\Controllers\Test.php(92): CodeIgniter\Debug\Exceptions->errorHandler(2, 'Undefined variable $cat', 'APPPATH\\Controllers\\Test.php', 92)
 2 SYSTEMPATH\CodeIgniter.php(907): App\Controllers\Test->index()
 3 SYSTEMPATH\CodeIgniter.php(457): CodeIgniter\CodeIgniter->runController(Object(App\Controllers\Test))
 4 SYSTEMPATH\CodeIgniter.php(340): CodeIgniter\CodeIgniter->handleRequest(null, Object(Config\Cache), false)
 5 FCPATH\index.php(67): CodeIgniter\CodeIgniter->run()
 6 SYSTEMPATH\Commands\Server\rewrite.php(43): require_once('FCPATH\\index.php')
CRITICAL - 2022-10-06 20:32:20 --> Cannot access offset of type string on string
in APPPATH\Views\fitur\test.php on line 282.
 1 SYSTEMPATH\View\View.php(213): include()
 2 SYSTEMPATH\View\View.php(216): CodeIgniter\View\View->CodeIgniter\View\{closure}()
 3 SYSTEMPATH\Common.php(1142): CodeIgniter\View\View->render('fitur/test', [], true)
 4 APPPATH\Controllers\Test.php(105): view('fitur/test', [...])
 5 SYSTEMPATH\CodeIgniter.php(907): App\Controllers\Test->index()
 6 SYSTEMPATH\CodeIgniter.php(457): CodeIgniter\CodeIgniter->runController(Object(App\Controllers\Test))
 7 SYSTEMPATH\CodeIgniter.php(340): CodeIgniter\CodeIgniter->handleRequest(null, Object(Config\Cache), false)
 8 FCPATH\index.php(67): CodeIgniter\CodeIgniter->run()
 9 SYSTEMPATH\Commands\Server\rewrite.php(43): require_once('FCPATH\\index.php')
CRITICAL - 2022-10-06 20:33:37 --> Undefined array key "catatan"
in APPPATH\Views\fitur\test.php on line 282.
 1 APPPATH\Views\fitur\test.php(282): CodeIgniter\Debug\Exceptions->errorHandler(2, 'Undefined array key "catatan"', 'APPPATH\\Views\\fitur\\test.php', 282)
 2 SYSTEMPATH\View\View.php(213): include('APPPATH\\Views\\fitur\\test.php')
 3 SYSTEMPATH\View\View.php(216): CodeIgniter\View\View->CodeIgniter\View\{closure}()
 4 SYSTEMPATH\Common.php(1142): CodeIgniter\View\View->render('fitur/test', [], true)
 5 APPPATH\Controllers\Test.php(105): view('fitur/test', [...])
 6 SYSTEMPATH\CodeIgniter.php(907): App\Controllers\Test->index()
 7 SYSTEMPATH\CodeIgniter.php(457): CodeIgniter\CodeIgniter->runController(Object(App\Controllers\Test))
 8 SYSTEMPATH\CodeIgniter.php(340): CodeIgniter\CodeIgniter->handleRequest(null, Object(Config\Cache), false)
 9 FCPATH\index.php(67): CodeIgniter\CodeIgniter->run()
10 SYSTEMPATH\Commands\Server\rewrite.php(43): require_once('FCPATH\\index.php')
CRITICAL - 2022-10-06 20:34:10 --> Cannot access offset of type string on string
in APPPATH\Views\fitur\test.php on line 282.
 1 SYSTEMPATH\View\View.php(213): include()
 2 SYSTEMPATH\View\View.php(216): CodeIgniter\View\View->CodeIgniter\View\{closure}()
 3 SYSTEMPATH\Common.php(1142): CodeIgniter\View\View->render('fitur/test', [], true)
 4 APPPATH\Controllers\Test.php(105): view('fitur/test', [...])
 5 SYSTEMPATH\CodeIgniter.php(907): App\Controllers\Test->index()
 6 SYSTEMPATH\CodeIgniter.php(457): CodeIgniter\CodeIgniter->runController(Object(App\Controllers\Test))
 7 SYSTEMPATH\CodeIgniter.php(340): CodeIgniter\CodeIgniter->handleRequest(null, Object(Config\Cache), false)
 8 FCPATH\index.php(67): CodeIgniter\CodeIgniter->run()
 9 SYSTEMPATH\Commands\Server\rewrite.php(43): require_once('FCPATH\\index.php')
CRITICAL - 2022-10-06 20:34:32 --> Trying to access array offset on value of type null
in APPPATH\Controllers\Test.php on line 101.
 1 APPPATH\Controllers\Test.php(101): CodeIgniter\Debug\Exceptions->errorHandler(2, 'Trying to access array offset on value of type null', 'APPPATH\\Controllers\\Test.php', 101)
 2 SYSTEMPATH\CodeIgniter.php(907): App\Controllers\Test->index()
 3 SYSTEMPATH\CodeIgniter.php(457): CodeIgniter\CodeIgniter->runController(Object(App\Controllers\Test))
 4 SYSTEMPATH\CodeIgniter.php(340): CodeIgniter\CodeIgniter->handleRequest(null, Object(Config\Cache), false)
 5 FCPATH\index.php(67): CodeIgniter\CodeIgniter->run()
 6 SYSTEMPATH\Commands\Server\rewrite.php(43): require_once('FCPATH\\index.php')
CRITICAL - 2022-10-06 20:34:51 --> Undefined array key "catatan"
in APPPATH\Views\fitur\test.php on line 282.
 1 APPPATH\Views\fitur\test.php(282): CodeIgniter\Debug\Exceptions->errorHandler(2, 'Undefined array key "catatan"', 'APPPATH\\Views\\fitur\\test.php', 282)
 2 SYSTEMPATH\View\View.php(213): include('APPPATH\\Views\\fitur\\test.php')
 3 SYSTEMPATH\View\View.php(216): CodeIgniter\View\View->CodeIgniter\View\{closure}()
 4 SYSTEMPATH\Common.php(1142): CodeIgniter\View\View->render('fitur/test', [], true)
 5 APPPATH\Controllers\Test.php(105): view('fitur/test', [...])
 6 SYSTEMPATH\CodeIgniter.php(907): App\Controllers\Test->index()
 7 SYSTEMPATH\CodeIgniter.php(457): CodeIgniter\CodeIgniter->runController(Object(App\Controllers\Test))
 8 SYSTEMPATH\CodeIgniter.php(340): CodeIgniter\CodeIgniter->handleRequest(null, Object(Config\Cache), false)
 9 FCPATH\index.php(67): CodeIgniter\CodeIgniter->run()
10 SYSTEMPATH\Commands\Server\rewrite.php(43): require_once('FCPATH\\index.php')
CRITICAL - 2022-10-06 20:35:28 --> Undefined array key "catatan"
in APPPATH\Views\fitur\test.php on line 282.
 1 APPPATH\Views\fitur\test.php(282): CodeIgniter\Debug\Exceptions->errorHandler(2, 'Undefined array key "catatan"', 'APPPATH\\Views\\fitur\\test.php', 282)
 2 SYSTEMPATH\View\View.php(213): include('APPPATH\\Views\\fitur\\test.php')
 3 SYSTEMPATH\View\View.php(216): CodeIgniter\View\View->CodeIgniter\View\{closure}()
 4 SYSTEMPATH\Common.php(1142): CodeIgniter\View\View->render('fitur/test', [], true)
 5 APPPATH\Controllers\Test.php(105): view('fitur/test', [...])
 6 SYSTEMPATH\CodeIgniter.php(907): App\Controllers\Test->index()
 7 SYSTEMPATH\CodeIgniter.php(457): CodeIgniter\CodeIgniter->runController(Object(App\Controllers\Test))
 8 SYSTEMPATH\CodeIgniter.php(340): CodeIgniter\CodeIgniter->handleRequest(null, Object(Config\Cache), false)
 9 FCPATH\index.php(67): CodeIgniter\CodeIgniter->run()
10 SYSTEMPATH\Commands\Server\rewrite.php(43): require_once('FCPATH\\index.php')
CRITICAL - 2022-10-06 20:35:58 --> Cannot access offset of type string on string
in APPPATH\Views\fitur\test.php on line 282.
 1 SYSTEMPATH\View\View.php(213): include()
 2 SYSTEMPATH\View\View.php(216): CodeIgniter\View\View->CodeIgniter\View\{closure}()
 3 SYSTEMPATH\Common.php(1142): CodeIgniter\View\View->render('fitur/test', [], true)
 4 APPPATH\Controllers\Test.php(111): view('fitur/test', [...])
 5 SYSTEMPATH\CodeIgniter.php(907): App\Controllers\Test->index()
 6 SYSTEMPATH\CodeIgniter.php(457): CodeIgniter\CodeIgniter->runController(Object(App\Controllers\Test))
 7 SYSTEMPATH\CodeIgniter.php(340): CodeIgniter\CodeIgniter->handleRequest(null, Object(Config\Cache), false)
 8 FCPATH\index.php(67): CodeIgniter\CodeIgniter->run()
 9 SYSTEMPATH\Commands\Server\rewrite.php(43): require_once('FCPATH\\index.php')
CRITICAL - 2022-10-06 20:38:47 --> Undefined array key "kelas_nis"
in APPPATH\Views\fitur\test.php on line 113.
 1 APPPATH\Views\fitur\test.php(113): CodeIgniter\Debug\Exceptions->errorHandler(2, 'Undefined array key "kelas_nis"', 'APPPATH\\Views\\fitur\\test.php', 113)
 2 SYSTEMPATH\View\View.php(213): include('APPPATH\\Views\\fitur\\test.php')
 3 SYSTEMPATH\View\View.php(216): CodeIgniter\View\View->CodeIgniter\View\{closure}()
 4 SYSTEMPATH\Common.php(1142): CodeIgniter\View\View->render('fitur/test', [], true)
 5 APPPATH\Controllers\Test.php(95): view('fitur/test', [...])
 6 SYSTEMPATH\CodeIgniter.php(907): App\Controllers\Test->index()
 7 SYSTEMPATH\CodeIgniter.php(457): CodeIgniter\CodeIgniter->runController(Object(App\Controllers\Test))
 8 SYSTEMPATH\CodeIgniter.php(340): CodeIgniter\CodeIgniter->handleRequest(null, Object(Config\Cache), false)
 9 FCPATH\index.php(67): CodeIgniter\CodeIgniter->run()
10 SYSTEMPATH\Commands\Server\rewrite.php(43): require_once('FCPATH\\index.php')
