CRITICAL - 2022-10-09 08:24:36 --> Undefined variable $title
in APPPATH\Views\fitur\kelas.php on line 6.
 1 APPPATH\Views\fitur\kelas.php(6): CodeIgniter\Debug\Exceptions->errorHandler(2, 'Undefined variable $title', 'APPPATH\\Views\\fitur\\kelas.php', 6)
 2 SYSTEMPATH\View\View.php(213): include('APPPATH\\Views\\fitur\\kelas.php')
 3 SYSTEMPATH\View\View.php(216): CodeIgniter\View\View->CodeIgniter\View\{closure}()
 4 SYSTEMPATH\Common.php(1142): CodeIgniter\View\View->render('fitur/kelas', [], true)
 5 APPPATH\Controllers\Kelas.php(11): view('fitur/kelas')
 6 SYSTEMPATH\CodeIgniter.php(907): App\Controllers\Kelas->index()
 7 SYSTEMPATH\CodeIgniter.php(457): CodeIgniter\CodeIgniter->runController(Object(App\Controllers\Kelas))
 8 SYSTEMPATH\CodeIgniter.php(340): CodeIgniter\CodeIgniter->handleRequest(null, Object(Config\Cache), false)
 9 FCPATH\index.php(67): CodeIgniter\CodeIgniter->run()
10 SYSTEMPATH\Commands\Server\rewrite.php(43): require_once('FCPATH\\index.php')
CRITICAL - 2022-10-09 08:25:07 --> Undefined property: App\Controllers\Kelas::$kelasModel
in APPPATH\Controllers\Kelas.php on line 13.
 1 APPPATH\Controllers\Kelas.php(13): CodeIgniter\Debug\Exceptions->errorHandler(2, 'Undefined property: App\\Controllers\\Kelas::$kelasModel', 'APPPATH\\Controllers\\Kelas.php', 13)
 2 SYSTEMPATH\CodeIgniter.php(907): App\Controllers\Kelas->index()
 3 SYSTEMPATH\CodeIgniter.php(457): CodeIgniter\CodeIgniter->runController(Object(App\Controllers\Kelas))
 4 SYSTEMPATH\CodeIgniter.php(340): CodeIgniter\CodeIgniter->handleRequest(null, Object(Config\Cache), false)
 5 FCPATH\index.php(67): CodeIgniter\CodeIgniter->run()
 6 SYSTEMPATH\Commands\Server\rewrite.php(43): require_once('FCPATH\\index.php')
CRITICAL - 2022-10-09 08:25:46 --> Undefined variable $siswa
in APPPATH\Views\fitur\kelas.php on line 40.
 1 APPPATH\Views\fitur\kelas.php(40): CodeIgniter\Debug\Exceptions->errorHandler(2, 'Undefined variable $siswa', 'APPPATH\\Views\\fitur\\kelas.php', 40)
 2 SYSTEMPATH\View\View.php(213): include('APPPATH\\Views\\fitur\\kelas.php')
 3 SYSTEMPATH\View\View.php(216): CodeIgniter\View\View->CodeIgniter\View\{closure}()
 4 SYSTEMPATH\Common.php(1142): CodeIgniter\View\View->render('fitur/kelas', [], true)
 5 APPPATH\Controllers\Kelas.php(17): view('fitur/kelas', [...])
 6 SYSTEMPATH\CodeIgniter.php(907): App\Controllers\Kelas->index()
 7 SYSTEMPATH\CodeIgniter.php(457): CodeIgniter\CodeIgniter->runController(Object(App\Controllers\Kelas))
 8 SYSTEMPATH\CodeIgniter.php(340): CodeIgniter\CodeIgniter->handleRequest(null, Object(Config\Cache), false)
 9 FCPATH\index.php(67): CodeIgniter\CodeIgniter->run()
10 SYSTEMPATH\Commands\Server\rewrite.php(43): require_once('FCPATH\\index.php')
CRITICAL - 2022-10-09 08:27:21 --> Undefined variable $active
in APPPATH\Views\layout\sidebar.php on line 2.
 1 APPPATH\Views\layout\sidebar.php(2): CodeIgniter\Debug\Exceptions->errorHandler(2, 'Undefined variable $active', 'APPPATH\\Views\\layout\\sidebar.php', 2)
 2 SYSTEMPATH\View\View.php(213): include('APPPATH\\Views\\layout\\sidebar.php')
 3 SYSTEMPATH\View\View.php(216): CodeIgniter\View\View->CodeIgniter\View\{closure}()
 4 SYSTEMPATH\View\View.php(429): CodeIgniter\View\View->render('layout/sidebar', null, true)
 5 APPPATH\Views\layout\index.php(54): CodeIgniter\View\View->include('layout/sidebar')
 6 SYSTEMPATH\View\View.php(213): include('APPPATH\\Views\\layout\\index.php')
 7 SYSTEMPATH\View\View.php(216): CodeIgniter\View\View->CodeIgniter\View\{closure}()
 8 SYSTEMPATH\View\View.php(229): CodeIgniter\View\View->render('layout/index', [], true)
 9 SYSTEMPATH\Common.php(1142): CodeIgniter\View\View->render('fitur/kelas', [], true)
10 APPPATH\Controllers\Kelas.php(17): view('fitur/kelas', [...])
11 SYSTEMPATH\CodeIgniter.php(907): App\Controllers\Kelas->index()
12 SYSTEMPATH\CodeIgniter.php(457): CodeIgniter\CodeIgniter->runController(Object(App\Controllers\Kelas))
13 SYSTEMPATH\CodeIgniter.php(340): CodeIgniter\CodeIgniter->handleRequest(null, Object(Config\Cache), false)
14 FCPATH\index.php(67): CodeIgniter\CodeIgniter->run()
15 SYSTEMPATH\Commands\Server\rewrite.php(43): require_once('FCPATH\\index.php')
ERROR - 2022-10-09 08:32:11 --> mysqli_sql_exception: Unknown column 'kelas.id' in 'on clause' in E:\laragon\www\p5bk\system\Database\MySQLi\Connection.php:292
Stack trace:
#0 E:\laragon\www\p5bk\system\Database\MySQLi\Connection.php(292): mysqli->query('SELECT `tb_kela...', 0)
#1 E:\laragon\www\p5bk\system\Database\BaseConnection.php(693): CodeIgniter\Database\MySQLi\Connection->execute('SELECT `tb_kela...')
#2 E:\laragon\www\p5bk\system\Database\BaseConnection.php(620): CodeIgniter\Database\BaseConnection->simpleQuery('SELECT `tb_kela...')
#3 E:\laragon\www\p5bk\system\Database\BaseBuilder.php(1585): CodeIgniter\Database\BaseConnection->query('SELECT `tb_kela...', Array, false)
#4 E:\laragon\www\p5bk\system\Model.php(223): CodeIgniter\Database\BaseBuilder->get()
#5 E:\laragon\www\p5bk\system\BaseModel.php(584): CodeIgniter\Model->doFindAll(0, 0)
#6 E:\laragon\www\p5bk\app\Controllers\Kelas.php(16): CodeIgniter\BaseModel->findAll()
#7 E:\laragon\www\p5bk\system\CodeIgniter.php(907): App\Controllers\Kelas->index()
#8 E:\laragon\www\p5bk\system\CodeIgniter.php(457): CodeIgniter\CodeIgniter->runController(Object(App\Controllers\Kelas))
#9 E:\laragon\www\p5bk\system\CodeIgniter.php(340): CodeIgniter\CodeIgniter->handleRequest(NULL, Object(Config\Cache), false)
#10 E:\laragon\www\p5bk\public\index.php(67): CodeIgniter\CodeIgniter->run()
#11 E:\laragon\www\p5bk\system\Commands\Server\rewrite.php(43): require_once('E:\\laragon\\www\\...')
#12 {main}
CRITICAL - 2022-10-09 08:32:11 --> Unknown column 'kelas.id' in 'on clause'
in SYSTEMPATH\Database\MySQLi\Connection.php on line 292.
 1 SYSTEMPATH\Database\MySQLi\Connection.php(292): mysqli->query('SELECT `tb_kelas`.`kelas_id`, `tb_kelas`.`kelas_nama`, COUNT(tb_siswa.siswa_id) as jumlah_siswa
FROM `tb_kelas`
LEFT JOIN `tb_siswa` ON `tb_siswa`.`siswa_kelas` = `kelas`.`id`
GROUP BY `tb_kelas`.`kelas_id`', 0)
 2 SYSTEMPATH\Database\BaseConnection.php(693): CodeIgniter\Database\MySQLi\Connection->execute('SELECT `tb_kelas`.`kelas_id`, `tb_kelas`.`kelas_nama`, COUNT(tb_siswa.siswa_id) as jumlah_siswa
FROM `tb_kelas`
LEFT JOIN `tb_siswa` ON `tb_siswa`.`siswa_kelas` = `kelas`.`id`
GROUP BY `tb_kelas`.`kelas_id`')
 3 SYSTEMPATH\Database\BaseConnection.php(620): CodeIgniter\Database\BaseConnection->simpleQuery('SELECT `tb_kelas`.`kelas_id`, `tb_kelas`.`kelas_nama`, COUNT(tb_siswa.siswa_id) as jumlah_siswa
FROM `tb_kelas`
LEFT JOIN `tb_siswa` ON `tb_siswa`.`siswa_kelas` = `kelas`.`id`
GROUP BY `tb_kelas`.`kelas_id`')
 4 SYSTEMPATH\Database\BaseBuilder.php(1585): CodeIgniter\Database\BaseConnection->query('SELECT `tb_kelas`.`kelas_id`, `tb_kelas`.`kelas_nama`, COUNT(tb_siswa.siswa_id) as jumlah_siswa
FROM `tb_kelas`
LEFT JOIN `tb_siswa` ON `tb_siswa`.`siswa_kelas` = `kelas`.`id`
GROUP BY `tb_kelas`.`kelas_id`', [], false)
 5 SYSTEMPATH\Model.php(223): CodeIgniter\Database\BaseBuilder->get()
 6 SYSTEMPATH\BaseModel.php(584): CodeIgniter\Model->doFindAll(0, 0)
 7 APPPATH\Controllers\Kelas.php(16): CodeIgniter\BaseModel->findAll()
 8 SYSTEMPATH\CodeIgniter.php(907): App\Controllers\Kelas->index()
 9 SYSTEMPATH\CodeIgniter.php(457): CodeIgniter\CodeIgniter->runController(Object(App\Controllers\Kelas))
10 SYSTEMPATH\CodeIgniter.php(340): CodeIgniter\CodeIgniter->handleRequest(null, Object(Config\Cache), false)
11 FCPATH\index.php(67): CodeIgniter\CodeIgniter->run()
12 SYSTEMPATH\Commands\Server\rewrite.php(43): require_once('FCPATH\\index.php')
