CRITICAL - 2022-10-07 14:58:43 --> Undefined variable $title
in APPPATH\Views\fitur\laporan.php on line 6.
 1 APPPATH\Views\fitur\laporan.php(6): CodeIgniter\Debug\Exceptions->errorHandler(2, 'Undefined variable $title', 'APPPATH\\Views\\fitur\\laporan.php', 6)
 2 SYSTEMPATH\View\View.php(213): include('APPPATH\\Views\\fitur\\laporan.php')
 3 SYSTEMPATH\View\View.php(216): CodeIgniter\View\View->CodeIgniter\View\{closure}()
 4 SYSTEMPATH\Common.php(1142): CodeIgniter\View\View->render('fitur/laporan', [], true)
 5 APPPATH\Controllers\Laporan.php(11): view('fitur/laporan')
 6 SYSTEMPATH\CodeIgniter.php(907): App\Controllers\Laporan->index()
 7 SYSTEMPATH\CodeIgniter.php(457): CodeIgniter\CodeIgniter->runController(Object(App\Controllers\Laporan))
 8 SYSTEMPATH\CodeIgniter.php(340): CodeIgniter\CodeIgniter->handleRequest(null, Object(Config\Cache), false)
 9 FCPATH\index.php(67): CodeIgniter\CodeIgniter->run()
10 SYSTEMPATH\Commands\Server\rewrite.php(43): require_once('FCPATH\\index.php')
CRITICAL - 2022-10-07 14:59:16 --> Undefined variable $active
in APPPATH\Views\layout\sidebar.php on line 2.
 1 APPPATH\Views\layout\sidebar.php(2): CodeIgniter\Debug\Exceptions->errorHandler(2, 'Undefined variable $active', 'APPPATH\\Views\\layout\\sidebar.php', 2)
 2 SYSTEMPATH\View\View.php(213): include('APPPATH\\Views\\layout\\sidebar.php')
 3 SYSTEMPATH\View\View.php(216): CodeIgniter\View\View->CodeIgniter\View\{closure}()
 4 SYSTEMPATH\View\View.php(429): CodeIgniter\View\View->render('layout/sidebar', null, true)
 5 APPPATH\Views\layout\index.php(53): CodeIgniter\View\View->include('layout/sidebar')
 6 SYSTEMPATH\View\View.php(213): include('APPPATH\\Views\\layout\\index.php')
 7 SYSTEMPATH\View\View.php(216): CodeIgniter\View\View->CodeIgniter\View\{closure}()
 8 SYSTEMPATH\View\View.php(229): CodeIgniter\View\View->render('layout/index', [], true)
 9 SYSTEMPATH\Common.php(1142): CodeIgniter\View\View->render('fitur/laporan', [], true)
10 APPPATH\Controllers\Laporan.php(15): view('fitur/laporan', [...])
11 SYSTEMPATH\CodeIgniter.php(907): App\Controllers\Laporan->index()
12 SYSTEMPATH\CodeIgniter.php(457): CodeIgniter\CodeIgniter->runController(Object(App\Controllers\Laporan))
13 SYSTEMPATH\CodeIgniter.php(340): CodeIgniter\CodeIgniter->handleRequest(null, Object(Config\Cache), false)
14 FCPATH\index.php(67): CodeIgniter\CodeIgniter->run()
15 SYSTEMPATH\Commands\Server\rewrite.php(43): require_once('FCPATH\\index.php')
ERROR - 2022-10-07 15:13:49 --> mysqli_sql_exception: Unknown column 'siswa.nama_siswa' in 'field list' in E:\laragon\www\p5bk\system\Database\MySQLi\Connection.php:292
Stack trace:
#0 E:\laragon\www\p5bk\system\Database\MySQLi\Connection.php(292): mysqli->query('SELECT `nilai_p...', 0)
#1 E:\laragon\www\p5bk\system\Database\BaseConnection.php(693): CodeIgniter\Database\MySQLi\Connection->execute('SELECT `nilai_p...')
#2 E:\laragon\www\p5bk\system\Database\BaseConnection.php(620): CodeIgniter\Database\BaseConnection->simpleQuery('SELECT `nilai_p...')
#3 E:\laragon\www\p5bk\system\Database\BaseBuilder.php(1585): CodeIgniter\Database\BaseConnection->query('SELECT `nilai_p...', Array, false)
#4 E:\laragon\www\p5bk\app\Models\NilaiP5bk.php(59): CodeIgniter\Database\BaseBuilder->get()
#5 E:\laragon\www\p5bk\app\Controllers\Laporan.php(12): App\Models\NilaiP5bk->getAllNilai()
#6 E:\laragon\www\p5bk\system\CodeIgniter.php(907): App\Controllers\Laporan->index()
#7 E:\laragon\www\p5bk\system\CodeIgniter.php(457): CodeIgniter\CodeIgniter->runController(Object(App\Controllers\Laporan))
#8 E:\laragon\www\p5bk\system\CodeIgniter.php(340): CodeIgniter\CodeIgniter->handleRequest(NULL, Object(Config\Cache), false)
#9 E:\laragon\www\p5bk\public\index.php(67): CodeIgniter\CodeIgniter->run()
#10 E:\laragon\www\p5bk\system\Commands\Server\rewrite.php(43): require_once('E:\\laragon\\www\\...')
#11 {main}
CRITICAL - 2022-10-07 15:13:49 --> Unknown column 'siswa.nama_siswa' in 'field list'
in SYSTEMPATH\Database\MySQLi\Connection.php on line 292.
 1 SYSTEMPATH\Database\MySQLi\Connection.php(292): mysqli->query('SELECT `nilai_p5bk`.*, `siswa`.`nama_siswa`
FROM `nilai_p5bk`
JOIN `tb_siswa` ON `tb_siswa`.`siswa_id` = `nilai_p5bk`.`siswa_id`', 0)
 2 SYSTEMPATH\Database\BaseConnection.php(693): CodeIgniter\Database\MySQLi\Connection->execute('SELECT `nilai_p5bk`.*, `siswa`.`nama_siswa`
FROM `nilai_p5bk`
JOIN `tb_siswa` ON `tb_siswa`.`siswa_id` = `nilai_p5bk`.`siswa_id`')
 3 SYSTEMPATH\Database\BaseConnection.php(620): CodeIgniter\Database\BaseConnection->simpleQuery('SELECT `nilai_p5bk`.*, `siswa`.`nama_siswa`
FROM `nilai_p5bk`
JOIN `tb_siswa` ON `tb_siswa`.`siswa_id` = `nilai_p5bk`.`siswa_id`')
 4 SYSTEMPATH\Database\BaseBuilder.php(1585): CodeIgniter\Database\BaseConnection->query('SELECT `nilai_p5bk`.*, `siswa`.`nama_siswa`
FROM `nilai_p5bk`
JOIN `tb_siswa` ON `tb_siswa`.`siswa_id` = `nilai_p5bk`.`siswa_id`', [], false)
 5 APPPATH\Models\NilaiP5bk.php(59): CodeIgniter\Database\BaseBuilder->get()
 6 APPPATH\Controllers\Laporan.php(12): App\Models\NilaiP5bk->getAllNilai()
 7 SYSTEMPATH\CodeIgniter.php(907): App\Controllers\Laporan->index()
 8 SYSTEMPATH\CodeIgniter.php(457): CodeIgniter\CodeIgniter->runController(Object(App\Controllers\Laporan))
 9 SYSTEMPATH\CodeIgniter.php(340): CodeIgniter\CodeIgniter->handleRequest(null, Object(Config\Cache), false)
10 FCPATH\index.php(67): CodeIgniter\CodeIgniter->run()
11 SYSTEMPATH\Commands\Server\rewrite.php(43): require_once('FCPATH\\index.php')
CRITICAL - 2022-10-07 15:39:01 --> Undefined array key "catatan"
in APPPATH\Views\fitur\laporan.php on line 31.
 1 APPPATH\Views\fitur\laporan.php(31): CodeIgniter\Debug\Exceptions->errorHandler(2, 'Undefined array key "catatan"', 'APPPATH\\Views\\fitur\\laporan.php', 31)
 2 SYSTEMPATH\View\View.php(213): include('APPPATH\\Views\\fitur\\laporan.php')
 3 SYSTEMPATH\View\View.php(216): CodeIgniter\View\View->CodeIgniter\View\{closure}()
 4 SYSTEMPATH\Common.php(1142): CodeIgniter\View\View->render('fitur/laporan', [], true)
 5 APPPATH\Controllers\Laporan.php(19): view('fitur/laporan', [...])
 6 SYSTEMPATH\CodeIgniter.php(907): App\Controllers\Laporan->index()
 7 SYSTEMPATH\CodeIgniter.php(457): CodeIgniter\CodeIgniter->runController(Object(App\Controllers\Laporan))
 8 SYSTEMPATH\CodeIgniter.php(340): CodeIgniter\CodeIgniter->handleRequest(null, Object(Config\Cache), false)
 9 FCPATH\index.php(67): CodeIgniter\CodeIgniter->run()
10 SYSTEMPATH\Commands\Server\rewrite.php(43): require_once('FCPATH\\index.php')
CRITICAL - 2022-10-07 16:00:16 --> Undefined array key "catatan_id"
in APPPATH\Views\fitur\laporan.php on line 35.
 1 APPPATH\Views\fitur\laporan.php(35): CodeIgniter\Debug\Exceptions->errorHandler(2, 'Undefined array key "catatan_id"', 'APPPATH\\Views\\fitur\\laporan.php', 35)
 2 SYSTEMPATH\View\View.php(213): include('APPPATH\\Views\\fitur\\laporan.php')
 3 SYSTEMPATH\View\View.php(216): CodeIgniter\View\View->CodeIgniter\View\{closure}()
 4 SYSTEMPATH\Common.php(1142): CodeIgniter\View\View->render('fitur/laporan', [], true)
 5 APPPATH\Controllers\Laporan.php(25): view('fitur/laporan', [...])
 6 SYSTEMPATH\CodeIgniter.php(907): App\Controllers\Laporan->index()
 7 SYSTEMPATH\CodeIgniter.php(457): CodeIgniter\CodeIgniter->runController(Object(App\Controllers\Laporan))
 8 SYSTEMPATH\CodeIgniter.php(340): CodeIgniter\CodeIgniter->handleRequest(null, Object(Config\Cache), false)
 9 FCPATH\index.php(67): CodeIgniter\CodeIgniter->run()
10 SYSTEMPATH\Commands\Server\rewrite.php(43): require_once('FCPATH\\index.php')
CRITICAL - 2022-10-07 16:09:12 --> syntax error, unexpected token "}", expecting "("
in APPPATH\Views\fitur\laporan.php on line 35.
 1 SYSTEMPATH\View\View.php(216): CodeIgniter\View\View->CodeIgniter\View\{closure}()
 2 SYSTEMPATH\Common.php(1142): CodeIgniter\View\View->render('fitur/laporan', [], true)
 3 APPPATH\Controllers\Laporan.php(25): view('fitur/laporan', [...])
 4 SYSTEMPATH\CodeIgniter.php(907): App\Controllers\Laporan->index()
 5 SYSTEMPATH\CodeIgniter.php(457): CodeIgniter\CodeIgniter->runController(Object(App\Controllers\Laporan))
 6 SYSTEMPATH\CodeIgniter.php(340): CodeIgniter\CodeIgniter->handleRequest(null, Object(Config\Cache), false)
 7 FCPATH\index.php(67): CodeIgniter\CodeIgniter->run()
 8 SYSTEMPATH\Commands\Server\rewrite.php(43): require_once('FCPATH\\index.php')
CRITICAL - 2022-10-07 16:18:27 --> Undefined array key "catatan_nama"
in APPPATH\Views\fitur\laporan.php on line 38.
 1 APPPATH\Views\fitur\laporan.php(38): CodeIgniter\Debug\Exceptions->errorHandler(2, 'Undefined array key "catatan_nama"', 'APPPATH\\Views\\fitur\\laporan.php', 38)
 2 SYSTEMPATH\View\View.php(213): include('APPPATH\\Views\\fitur\\laporan.php')
 3 SYSTEMPATH\View\View.php(216): CodeIgniter\View\View->CodeIgniter\View\{closure}()
 4 SYSTEMPATH\Common.php(1142): CodeIgniter\View\View->render('fitur/laporan', [], true)
 5 APPPATH\Controllers\Laporan.php(25): view('fitur/laporan', [...])
 6 SYSTEMPATH\CodeIgniter.php(907): App\Controllers\Laporan->index()
 7 SYSTEMPATH\CodeIgniter.php(457): CodeIgniter\CodeIgniter->runController(Object(App\Controllers\Laporan))
 8 SYSTEMPATH\CodeIgniter.php(340): CodeIgniter\CodeIgniter->handleRequest(null, Object(Config\Cache), false)
 9 FCPATH\index.php(67): CodeIgniter\CodeIgniter->run()
10 SYSTEMPATH\Commands\Server\rewrite.php(43): require_once('FCPATH\\index.php')
CRITICAL - 2022-10-07 16:23:09 --> foreach() argument must be of type array|object, bool given
in APPPATH\Views\fitur\laporan.php on line 33.
 1 APPPATH\Views\fitur\laporan.php(33): CodeIgniter\Debug\Exceptions->errorHandler(2, 'foreach() argument must be of type array|object, bool given', 'APPPATH\\Views\\fitur\\laporan.php', 33)
 2 SYSTEMPATH\View\View.php(213): include('APPPATH\\Views\\fitur\\laporan.php')
 3 SYSTEMPATH\View\View.php(216): CodeIgniter\View\View->CodeIgniter\View\{closure}()
 4 SYSTEMPATH\Common.php(1142): CodeIgniter\View\View->render('fitur/laporan', [], true)
 5 APPPATH\Controllers\Laporan.php(25): view('fitur/laporan', [...])
 6 SYSTEMPATH\CodeIgniter.php(907): App\Controllers\Laporan->index()
 7 SYSTEMPATH\CodeIgniter.php(457): CodeIgniter\CodeIgniter->runController(Object(App\Controllers\Laporan))
 8 SYSTEMPATH\CodeIgniter.php(340): CodeIgniter\CodeIgniter->handleRequest(null, Object(Config\Cache), false)
 9 FCPATH\index.php(67): CodeIgniter\CodeIgniter->run()
10 SYSTEMPATH\Commands\Server\rewrite.php(43): require_once('FCPATH\\index.php')
CRITICAL - 2022-10-07 16:23:51 --> foreach() argument must be of type array|object, bool given
in APPPATH\Views\fitur\laporan.php on line 33.
 1 APPPATH\Views\fitur\laporan.php(33): CodeIgniter\Debug\Exceptions->errorHandler(2, 'foreach() argument must be of type array|object, bool given', 'APPPATH\\Views\\fitur\\laporan.php', 33)
 2 SYSTEMPATH\View\View.php(213): include('APPPATH\\Views\\fitur\\laporan.php')
 3 SYSTEMPATH\View\View.php(216): CodeIgniter\View\View->CodeIgniter\View\{closure}()
 4 SYSTEMPATH\Common.php(1142): CodeIgniter\View\View->render('fitur/laporan', [], true)
 5 APPPATH\Controllers\Laporan.php(25): view('fitur/laporan', [...])
 6 SYSTEMPATH\CodeIgniter.php(907): App\Controllers\Laporan->index()
 7 SYSTEMPATH\CodeIgniter.php(457): CodeIgniter\CodeIgniter->runController(Object(App\Controllers\Laporan))
 8 SYSTEMPATH\CodeIgniter.php(340): CodeIgniter\CodeIgniter->handleRequest(null, Object(Config\Cache), false)
 9 FCPATH\index.php(67): CodeIgniter\CodeIgniter->run()
10 SYSTEMPATH\Commands\Server\rewrite.php(43): require_once('FCPATH\\index.php')
CRITICAL - 2022-10-07 16:23:53 --> foreach() argument must be of type array|object, bool given
in APPPATH\Views\fitur\laporan.php on line 33.
 1 APPPATH\Views\fitur\laporan.php(33): CodeIgniter\Debug\Exceptions->errorHandler(2, 'foreach() argument must be of type array|object, bool given', 'APPPATH\\Views\\fitur\\laporan.php', 33)
 2 SYSTEMPATH\View\View.php(213): include('APPPATH\\Views\\fitur\\laporan.php')
 3 SYSTEMPATH\View\View.php(216): CodeIgniter\View\View->CodeIgniter\View\{closure}()
 4 SYSTEMPATH\Common.php(1142): CodeIgniter\View\View->render('fitur/laporan', [], true)
 5 APPPATH\Controllers\Laporan.php(25): view('fitur/laporan', [...])
 6 SYSTEMPATH\CodeIgniter.php(907): App\Controllers\Laporan->index()
 7 SYSTEMPATH\CodeIgniter.php(457): CodeIgniter\CodeIgniter->runController(Object(App\Controllers\Laporan))
 8 SYSTEMPATH\CodeIgniter.php(340): CodeIgniter\CodeIgniter->handleRequest(null, Object(Config\Cache), false)
 9 FCPATH\index.php(67): CodeIgniter\CodeIgniter->run()
10 SYSTEMPATH\Commands\Server\rewrite.php(43): require_once('FCPATH\\index.php')
CRITICAL - 2022-10-07 16:23:54 --> foreach() argument must be of type array|object, bool given
in APPPATH\Views\fitur\laporan.php on line 33.
 1 APPPATH\Views\fitur\laporan.php(33): CodeIgniter\Debug\Exceptions->errorHandler(2, 'foreach() argument must be of type array|object, bool given', 'APPPATH\\Views\\fitur\\laporan.php', 33)
 2 SYSTEMPATH\View\View.php(213): include('APPPATH\\Views\\fitur\\laporan.php')
 3 SYSTEMPATH\View\View.php(216): CodeIgniter\View\View->CodeIgniter\View\{closure}()
 4 SYSTEMPATH\Common.php(1142): CodeIgniter\View\View->render('fitur/laporan', [], true)
 5 APPPATH\Controllers\Laporan.php(25): view('fitur/laporan', [...])
 6 SYSTEMPATH\CodeIgniter.php(907): App\Controllers\Laporan->index()
 7 SYSTEMPATH\CodeIgniter.php(457): CodeIgniter\CodeIgniter->runController(Object(App\Controllers\Laporan))
 8 SYSTEMPATH\CodeIgniter.php(340): CodeIgniter\CodeIgniter->handleRequest(null, Object(Config\Cache), false)
 9 FCPATH\index.php(67): CodeIgniter\CodeIgniter->run()
10 SYSTEMPATH\Commands\Server\rewrite.php(43): require_once('FCPATH\\index.php')
CRITICAL - 2022-10-07 16:23:54 --> foreach() argument must be of type array|object, bool given
in APPPATH\Views\fitur\laporan.php on line 33.
 1 APPPATH\Views\fitur\laporan.php(33): CodeIgniter\Debug\Exceptions->errorHandler(2, 'foreach() argument must be of type array|object, bool given', 'APPPATH\\Views\\fitur\\laporan.php', 33)
 2 SYSTEMPATH\View\View.php(213): include('APPPATH\\Views\\fitur\\laporan.php')
 3 SYSTEMPATH\View\View.php(216): CodeIgniter\View\View->CodeIgniter\View\{closure}()
 4 SYSTEMPATH\Common.php(1142): CodeIgniter\View\View->render('fitur/laporan', [], true)
 5 APPPATH\Controllers\Laporan.php(25): view('fitur/laporan', [...])
 6 SYSTEMPATH\CodeIgniter.php(907): App\Controllers\Laporan->index()
 7 SYSTEMPATH\CodeIgniter.php(457): CodeIgniter\CodeIgniter->runController(Object(App\Controllers\Laporan))
 8 SYSTEMPATH\CodeIgniter.php(340): CodeIgniter\CodeIgniter->handleRequest(null, Object(Config\Cache), false)
 9 FCPATH\index.php(67): CodeIgniter\CodeIgniter->run()
10 SYSTEMPATH\Commands\Server\rewrite.php(43): require_once('FCPATH\\index.php')
CRITICAL - 2022-10-07 16:39:11 --> Undefined array key "catatan_id"
in APPPATH\Views\fitur\laporan.php on line 69.
 1 APPPATH\Views\fitur\laporan.php(69): CodeIgniter\Debug\Exceptions->errorHandler(2, 'Undefined array key "catatan_id"', 'APPPATH\\Views\\fitur\\laporan.php', 69)
 2 SYSTEMPATH\View\View.php(213): include('APPPATH\\Views\\fitur\\laporan.php')
 3 SYSTEMPATH\View\View.php(216): CodeIgniter\View\View->CodeIgniter\View\{closure}()
 4 SYSTEMPATH\Common.php(1142): CodeIgniter\View\View->render('fitur/laporan', [], true)
 5 APPPATH\Controllers\Laporan.php(25): view('fitur/laporan', [...])
 6 SYSTEMPATH\CodeIgniter.php(907): App\Controllers\Laporan->index()
 7 SYSTEMPATH\CodeIgniter.php(457): CodeIgniter\CodeIgniter->runController(Object(App\Controllers\Laporan))
 8 SYSTEMPATH\CodeIgniter.php(340): CodeIgniter\CodeIgniter->handleRequest(null, Object(Config\Cache), false)
 9 FCPATH\index.php(67): CodeIgniter\CodeIgniter->run()
10 SYSTEMPATH\Commands\Server\rewrite.php(43): require_once('FCPATH\\index.php')
CRITICAL - 2022-10-07 16:39:23 --> Trying to access array offset on value of type bool
in APPPATH\Views\fitur\laporan.php on line 69.
 1 APPPATH\Views\fitur\laporan.php(69): CodeIgniter\Debug\Exceptions->errorHandler(2, 'Trying to access array offset on value of type bool', 'APPPATH\\Views\\fitur\\laporan.php', 69)
 2 SYSTEMPATH\View\View.php(213): include('APPPATH\\Views\\fitur\\laporan.php')
 3 SYSTEMPATH\View\View.php(216): CodeIgniter\View\View->CodeIgniter\View\{closure}()
 4 SYSTEMPATH\Common.php(1142): CodeIgniter\View\View->render('fitur/laporan', [], true)
 5 APPPATH\Controllers\Laporan.php(25): view('fitur/laporan', [...])
 6 SYSTEMPATH\CodeIgniter.php(907): App\Controllers\Laporan->index()
 7 SYSTEMPATH\CodeIgniter.php(457): CodeIgniter\CodeIgniter->runController(Object(App\Controllers\Laporan))
 8 SYSTEMPATH\CodeIgniter.php(340): CodeIgniter\CodeIgniter->handleRequest(null, Object(Config\Cache), false)
 9 FCPATH\index.php(67): CodeIgniter\CodeIgniter->run()
10 SYSTEMPATH\Commands\Server\rewrite.php(43): require_once('FCPATH\\index.php')
CRITICAL - 2022-10-07 16:40:47 --> Undefined variable $id_catatan
in APPPATH\Views\fitur\laporan.php on line 70.
 1 APPPATH\Views\fitur\laporan.php(70): CodeIgniter\Debug\Exceptions->errorHandler(2, 'Undefined variable $id_catatan', 'APPPATH\\Views\\fitur\\laporan.php', 70)
 2 SYSTEMPATH\View\View.php(213): include('APPPATH\\Views\\fitur\\laporan.php')
 3 SYSTEMPATH\View\View.php(216): CodeIgniter\View\View->CodeIgniter\View\{closure}()
 4 SYSTEMPATH\Common.php(1142): CodeIgniter\View\View->render('fitur/laporan', [], true)
 5 APPPATH\Controllers\Laporan.php(25): view('fitur/laporan', [...])
 6 SYSTEMPATH\CodeIgniter.php(907): App\Controllers\Laporan->index()
 7 SYSTEMPATH\CodeIgniter.php(457): CodeIgniter\CodeIgniter->runController(Object(App\Controllers\Laporan))
 8 SYSTEMPATH\CodeIgniter.php(340): CodeIgniter\CodeIgniter->handleRequest(null, Object(Config\Cache), false)
 9 FCPATH\index.php(67): CodeIgniter\CodeIgniter->run()
10 SYSTEMPATH\Commands\Server\rewrite.php(43): require_once('FCPATH\\index.php')
CRITICAL - 2022-10-07 16:40:49 --> Undefined variable $id_catatan
in APPPATH\Views\fitur\laporan.php on line 70.
 1 APPPATH\Views\fitur\laporan.php(70): CodeIgniter\Debug\Exceptions->errorHandler(2, 'Undefined variable $id_catatan', 'APPPATH\\Views\\fitur\\laporan.php', 70)
 2 SYSTEMPATH\View\View.php(213): include('APPPATH\\Views\\fitur\\laporan.php')
 3 SYSTEMPATH\View\View.php(216): CodeIgniter\View\View->CodeIgniter\View\{closure}()
 4 SYSTEMPATH\Common.php(1142): CodeIgniter\View\View->render('fitur/laporan', [], true)
 5 APPPATH\Controllers\Laporan.php(25): view('fitur/laporan', [...])
 6 SYSTEMPATH\CodeIgniter.php(907): App\Controllers\Laporan->index()
 7 SYSTEMPATH\CodeIgniter.php(457): CodeIgniter\CodeIgniter->runController(Object(App\Controllers\Laporan))
 8 SYSTEMPATH\CodeIgniter.php(340): CodeIgniter\CodeIgniter->handleRequest(null, Object(Config\Cache), false)
 9 FCPATH\index.php(67): CodeIgniter\CodeIgniter->run()
10 SYSTEMPATH\Commands\Server\rewrite.php(43): require_once('FCPATH\\index.php')
CRITICAL - 2022-10-07 16:45:35 --> Allowed fields must be specified for model: App\Models\CatatanModel
in SYSTEMPATH\BaseModel.php on line 1139.
 1 SYSTEMPATH\BaseModel.php(1139): CodeIgniter\Database\Exceptions\DataException::forInvalidAllowedFields('App\\Models\\CatatanModel')
 2 SYSTEMPATH\BaseModel.php(841): CodeIgniter\BaseModel->doProtectFields([...])
 3 SYSTEMPATH\Model.php(693): CodeIgniter\BaseModel->update([...], [...])
 4 APPPATH\Controllers\Laporan.php(33): CodeIgniter\Model->update('3', [...])
 5 SYSTEMPATH\CodeIgniter.php(907): App\Controllers\Laporan->update_catatan()
 6 SYSTEMPATH\CodeIgniter.php(457): CodeIgniter\CodeIgniter->runController(Object(App\Controllers\Laporan))
 7 SYSTEMPATH\CodeIgniter.php(340): CodeIgniter\CodeIgniter->handleRequest(null, Object(Config\Cache), false)
 8 FCPATH\index.php(67): CodeIgniter\CodeIgniter->run()
 9 SYSTEMPATH\Commands\Server\rewrite.php(43): require_once('FCPATH\\index.php')
CRITICAL - 2022-10-07 16:49:10 --> The route for "tambah-catatan" cannot be found.
in SYSTEMPATH\Helpers\url_helper.php on line 542.
 1 SYSTEMPATH\Helpers\url_helper.php(542): CodeIgniter\Router\Exceptions\RouterException::forInvalidRoute('tambah-catatan')
 2 APPPATH\Views\fitur\laporan.php(102): url_to('tambah-catatan')
 3 SYSTEMPATH\View\View.php(213): include('APPPATH\\Views\\fitur\\laporan.php')
 4 SYSTEMPATH\View\View.php(216): CodeIgniter\View\View->CodeIgniter\View\{closure}()
 5 SYSTEMPATH\Common.php(1142): CodeIgniter\View\View->render('fitur/laporan', [], true)
 6 APPPATH\Controllers\Laporan.php(25): view('fitur/laporan', [...])
 7 SYSTEMPATH\CodeIgniter.php(907): App\Controllers\Laporan->index()
 8 SYSTEMPATH\CodeIgniter.php(457): CodeIgniter\CodeIgniter->runController(Object(App\Controllers\Laporan))
 9 SYSTEMPATH\CodeIgniter.php(340): CodeIgniter\CodeIgniter->handleRequest(null, Object(Config\Cache), false)
10 FCPATH\index.php(67): CodeIgniter\CodeIgniter->run()
11 SYSTEMPATH\Commands\Server\rewrite.php(43): require_once('FCPATH\\index.php')
CRITICAL - 2022-10-07 17:05:20 --> Cannot access offset of type string on string
in APPPATH\Views\fitur\test.php on line 289.
 1 SYSTEMPATH\View\View.php(213): include()
 2 SYSTEMPATH\View\View.php(216): CodeIgniter\View\View->CodeIgniter\View\{closure}()
 3 SYSTEMPATH\Common.php(1142): CodeIgniter\View\View->render('fitur/test', [], true)
 4 APPPATH\Controllers\Test.php(95): view('fitur/test', [...])
 5 SYSTEMPATH\CodeIgniter.php(907): App\Controllers\Test->index()
 6 SYSTEMPATH\CodeIgniter.php(457): CodeIgniter\CodeIgniter->runController(Object(App\Controllers\Test))
 7 SYSTEMPATH\CodeIgniter.php(340): CodeIgniter\CodeIgniter->handleRequest(null, Object(Config\Cache), false)
 8 FCPATH\index.php(67): CodeIgniter\CodeIgniter->run()
 9 SYSTEMPATH\Commands\Server\rewrite.php(43): require_once('FCPATH\\index.php')
CRITICAL - 2022-10-07 17:05:31 --> Cannot access offset of type string on string
in APPPATH\Views\fitur\test.php on line 289.
 1 SYSTEMPATH\View\View.php(213): include()
 2 SYSTEMPATH\View\View.php(216): CodeIgniter\View\View->CodeIgniter\View\{closure}()
 3 SYSTEMPATH\Common.php(1142): CodeIgniter\View\View->render('fitur/test', [], true)
 4 APPPATH\Controllers\Test.php(95): view('fitur/test', [...])
 5 SYSTEMPATH\CodeIgniter.php(907): App\Controllers\Test->index()
 6 SYSTEMPATH\CodeIgniter.php(457): CodeIgniter\CodeIgniter->runController(Object(App\Controllers\Test))
 7 SYSTEMPATH\CodeIgniter.php(340): CodeIgniter\CodeIgniter->handleRequest(null, Object(Config\Cache), false)
 8 FCPATH\index.php(67): CodeIgniter\CodeIgniter->run()
 9 SYSTEMPATH\Commands\Server\rewrite.php(43): require_once('FCPATH\\index.php')
CRITICAL - 2022-10-07 17:07:13 --> Cannot access offset of type string on string
in APPPATH\Views\fitur\test.php on line 289.
 1 SYSTEMPATH\View\View.php(213): include()
 2 SYSTEMPATH\View\View.php(216): CodeIgniter\View\View->CodeIgniter\View\{closure}()
 3 SYSTEMPATH\Common.php(1142): CodeIgniter\View\View->render('fitur/test', [], true)
 4 APPPATH\Controllers\Test.php(95): view('fitur/test', [...])
 5 SYSTEMPATH\CodeIgniter.php(907): App\Controllers\Test->index()
 6 SYSTEMPATH\CodeIgniter.php(457): CodeIgniter\CodeIgniter->runController(Object(App\Controllers\Test))
 7 SYSTEMPATH\CodeIgniter.php(340): CodeIgniter\CodeIgniter->handleRequest(null, Object(Config\Cache), false)
 8 FCPATH\index.php(67): CodeIgniter\CodeIgniter->run()
 9 SYSTEMPATH\Commands\Server\rewrite.php(43): require_once('FCPATH\\index.php')
CRITICAL - 2022-10-07 17:31:41 --> Undefined array key "sekolah_nama"
in APPPATH\Controllers\Admin.php on line 47.
 1 APPPATH\Controllers\Admin.php(47): CodeIgniter\Debug\Exceptions->errorHandler(2, 'Undefined array key "sekolah_nama"', 'APPPATH\\Controllers\\Admin.php', 47)
 2 SYSTEMPATH\CodeIgniter.php(907): App\Controllers\Admin->data_sekolah()
 3 SYSTEMPATH\CodeIgniter.php(457): CodeIgniter\CodeIgniter->runController(Object(App\Controllers\Admin))
 4 SYSTEMPATH\CodeIgniter.php(340): CodeIgniter\CodeIgniter->handleRequest(null, Object(Config\Cache), false)
 5 FCPATH\index.php(67): CodeIgniter\CodeIgniter->run()
 6 SYSTEMPATH\Commands\Server\rewrite.php(43): require_once('FCPATH\\index.php')
CRITICAL - 2022-10-07 17:32:07 --> Undefined array key "sekolah_nama"
in APPPATH\Controllers\Admin.php on line 47.
 1 APPPATH\Controllers\Admin.php(47): CodeIgniter\Debug\Exceptions->errorHandler(2, 'Undefined array key "sekolah_nama"', 'APPPATH\\Controllers\\Admin.php', 47)
 2 SYSTEMPATH\CodeIgniter.php(907): App\Controllers\Admin->data_sekolah()
 3 SYSTEMPATH\CodeIgniter.php(457): CodeIgniter\CodeIgniter->runController(Object(App\Controllers\Admin))
 4 SYSTEMPATH\CodeIgniter.php(340): CodeIgniter\CodeIgniter->handleRequest(null, Object(Config\Cache), false)
 5 FCPATH\index.php(67): CodeIgniter\CodeIgniter->run()
 6 SYSTEMPATH\Commands\Server\rewrite.php(43): require_once('FCPATH\\index.php')
CRITICAL - 2022-10-07 17:38:53 --> Undefined array key "sekolah_web"
in APPPATH\Views\fitur\data_sekolah.php on line 58.
 1 APPPATH\Views\fitur\data_sekolah.php(58): CodeIgniter\Debug\Exceptions->errorHandler(2, 'Undefined array key "sekolah_web"', 'APPPATH\\Views\\fitur\\data_sekolah.php', 58)
 2 SYSTEMPATH\View\View.php(213): include('APPPATH\\Views\\fitur\\data_sekolah.php')
 3 SYSTEMPATH\View\View.php(216): CodeIgniter\View\View->CodeIgniter\View\{closure}()
 4 SYSTEMPATH\Common.php(1142): CodeIgniter\View\View->render('fitur/data_sekolah', [], true)
 5 APPPATH\Controllers\Admin.php(57): view('fitur/data_sekolah', [...])
 6 SYSTEMPATH\CodeIgniter.php(907): App\Controllers\Admin->data_sekolah()
 7 SYSTEMPATH\CodeIgniter.php(457): CodeIgniter\CodeIgniter->runController(Object(App\Controllers\Admin))
 8 SYSTEMPATH\CodeIgniter.php(340): CodeIgniter\CodeIgniter->handleRequest(null, Object(Config\Cache), false)
 9 FCPATH\index.php(67): CodeIgniter\CodeIgniter->run()
10 SYSTEMPATH\Commands\Server\rewrite.php(43): require_once('FCPATH\\index.php')
CRITICAL - 2022-10-07 18:11:09 --> Invalid file: fitur/kelas.php
in SYSTEMPATH\Exceptions\FrameworkException.php on line 33.
 1 SYSTEMPATH\View\View.php(201): CodeIgniter\Exceptions\FrameworkException::forInvalidFile('fitur/kelas.php')
 2 SYSTEMPATH\Common.php(1142): CodeIgniter\View\View->render('fitur/kelas', [], true)
 3 APPPATH\Controllers\Kelas.php(11): view('fitur/kelas')
 4 SYSTEMPATH\CodeIgniter.php(907): App\Controllers\Kelas->index()
 5 SYSTEMPATH\CodeIgniter.php(457): CodeIgniter\CodeIgniter->runController(Object(App\Controllers\Kelas))
 6 SYSTEMPATH\CodeIgniter.php(340): CodeIgniter\CodeIgniter->handleRequest(null, Object(Config\Cache), false)
 7 FCPATH\index.php(67): CodeIgniter\CodeIgniter->run()
 8 SYSTEMPATH\Commands\Server\rewrite.php(43): require_once('FCPATH\\index.php')
CRITICAL - 2022-10-07 18:17:07 --> Trying to access array offset on value of type null
in APPPATH\Controllers\Laporan.php on line 76.
 1 APPPATH\Controllers\Laporan.php(76): CodeIgniter\Debug\Exceptions->errorHandler(2, 'Trying to access array offset on value of type null', 'APPPATH\\Controllers\\Laporan.php', 76)
 2 SYSTEMPATH\CodeIgniter.php(907): App\Controllers\Laporan->cetak('1')
 3 SYSTEMPATH\CodeIgniter.php(457): CodeIgniter\CodeIgniter->runController(Object(App\Controllers\Laporan))
 4 SYSTEMPATH\CodeIgniter.php(340): CodeIgniter\CodeIgniter->handleRequest(null, Object(Config\Cache), false)
 5 FCPATH\index.php(67): CodeIgniter\CodeIgniter->run()
 6 SYSTEMPATH\Commands\Server\rewrite.php(43): require_once('FCPATH\\index.php')
CRITICAL - 2022-10-07 18:19:59 --> Trying to access array offset on value of type null
in APPPATH\Controllers\Laporan.php on line 119.
 1 APPPATH\Controllers\Laporan.php(119): CodeIgniter\Debug\Exceptions->errorHandler(2, 'Trying to access array offset on value of type null', 'APPPATH\\Controllers\\Laporan.php', 119)
 2 SYSTEMPATH\CodeIgniter.php(907): App\Controllers\Laporan->cetak('1')
 3 SYSTEMPATH\CodeIgniter.php(457): CodeIgniter\CodeIgniter->runController(Object(App\Controllers\Laporan))
 4 SYSTEMPATH\CodeIgniter.php(340): CodeIgniter\CodeIgniter->handleRequest(null, Object(Config\Cache), false)
 5 FCPATH\index.php(67): CodeIgniter\CodeIgniter->run()
 6 SYSTEMPATH\Commands\Server\rewrite.php(43): require_once('FCPATH\\index.php')
CRITICAL - 2022-10-07 18:20:28 --> Cannot access offset of type string on string
in APPPATH\Views\fitur\cetak.php on line 289.
 1 SYSTEMPATH\View\View.php(213): include()
 2 SYSTEMPATH\View\View.php(216): CodeIgniter\View\View->CodeIgniter\View\{closure}()
 3 SYSTEMPATH\Common.php(1142): CodeIgniter\View\View->render('fitur/cetak', [], true)
 4 APPPATH\Controllers\Laporan.php(137): view('fitur/cetak', [...])
 5 SYSTEMPATH\CodeIgniter.php(907): App\Controllers\Laporan->cetak('1')
 6 SYSTEMPATH\CodeIgniter.php(457): CodeIgniter\CodeIgniter->runController(Object(App\Controllers\Laporan))
 7 SYSTEMPATH\CodeIgniter.php(340): CodeIgniter\CodeIgniter->handleRequest(null, Object(Config\Cache), false)
 8 FCPATH\index.php(67): CodeIgniter\CodeIgniter->run()
 9 SYSTEMPATH\Commands\Server\rewrite.php(43): require_once('FCPATH\\index.php')
CRITICAL - 2022-10-07 18:21:11 --> Cannot access offset of type string on string
in APPPATH\Views\fitur\cetak.php on line 289.
 1 SYSTEMPATH\View\View.php(213): include()
 2 SYSTEMPATH\View\View.php(216): CodeIgniter\View\View->CodeIgniter\View\{closure}()
 3 SYSTEMPATH\Common.php(1142): CodeIgniter\View\View->render('fitur/cetak', [], true)
 4 APPPATH\Controllers\Laporan.php(137): view('fitur/cetak', [...])
 5 SYSTEMPATH\CodeIgniter.php(907): App\Controllers\Laporan->cetak('1')
 6 SYSTEMPATH\CodeIgniter.php(457): CodeIgniter\CodeIgniter->runController(Object(App\Controllers\Laporan))
 7 SYSTEMPATH\CodeIgniter.php(340): CodeIgniter\CodeIgniter->handleRequest(null, Object(Config\Cache), false)
 8 FCPATH\index.php(67): CodeIgniter\CodeIgniter->run()
 9 SYSTEMPATH\Commands\Server\rewrite.php(43): require_once('FCPATH\\index.php')
CRITICAL - 2022-10-07 18:21:20 --> Cannot access offset of type string on string
in APPPATH\Views\fitur\cetak.php on line 289.
 1 SYSTEMPATH\View\View.php(213): include()
 2 SYSTEMPATH\View\View.php(216): CodeIgniter\View\View->CodeIgniter\View\{closure}()
 3 SYSTEMPATH\Common.php(1142): CodeIgniter\View\View->render('fitur/cetak', [], true)
 4 APPPATH\Controllers\Laporan.php(136): view('fitur/cetak', [...])
 5 SYSTEMPATH\CodeIgniter.php(907): App\Controllers\Laporan->cetak('1')
 6 SYSTEMPATH\CodeIgniter.php(457): CodeIgniter\CodeIgniter->runController(Object(App\Controllers\Laporan))
 7 SYSTEMPATH\CodeIgniter.php(340): CodeIgniter\CodeIgniter->handleRequest(null, Object(Config\Cache), false)
 8 FCPATH\index.php(67): CodeIgniter\CodeIgniter->run()
 9 SYSTEMPATH\Commands\Server\rewrite.php(43): require_once('FCPATH\\index.php')
CRITICAL - 2022-10-07 18:21:55 --> Cannot access offset of type string on string
in APPPATH\Views\fitur\cetak.php on line 290.
 1 SYSTEMPATH\View\View.php(213): include()
 2 SYSTEMPATH\View\View.php(216): CodeIgniter\View\View->CodeIgniter\View\{closure}()
 3 SYSTEMPATH\Common.php(1142): CodeIgniter\View\View->render('fitur/cetak', [], true)
 4 APPPATH\Controllers\Laporan.php(136): view('fitur/cetak', [...])
 5 SYSTEMPATH\CodeIgniter.php(907): App\Controllers\Laporan->cetak('1')
 6 SYSTEMPATH\CodeIgniter.php(457): CodeIgniter\CodeIgniter->runController(Object(App\Controllers\Laporan))
 7 SYSTEMPATH\CodeIgniter.php(340): CodeIgniter\CodeIgniter->handleRequest(null, Object(Config\Cache), false)
 8 FCPATH\index.php(67): CodeIgniter\CodeIgniter->run()
 9 SYSTEMPATH\Commands\Server\rewrite.php(43): require_once('FCPATH\\index.php')
CRITICAL - 2022-10-07 18:22:21 --> Cannot access offset of type string on string
in APPPATH\Views\fitur\cetak.php on line 290.
 1 SYSTEMPATH\View\View.php(213): include()
 2 SYSTEMPATH\View\View.php(216): CodeIgniter\View\View->CodeIgniter\View\{closure}()
 3 SYSTEMPATH\Common.php(1142): CodeIgniter\View\View->render('fitur/cetak', [], true)
 4 APPPATH\Controllers\Laporan.php(136): view('fitur/cetak', [...])
 5 SYSTEMPATH\CodeIgniter.php(907): App\Controllers\Laporan->cetak('1')
 6 SYSTEMPATH\CodeIgniter.php(457): CodeIgniter\CodeIgniter->runController(Object(App\Controllers\Laporan))
 7 SYSTEMPATH\CodeIgniter.php(340): CodeIgniter\CodeIgniter->handleRequest(null, Object(Config\Cache), false)
 8 FCPATH\index.php(67): CodeIgniter\CodeIgniter->run()
 9 SYSTEMPATH\Commands\Server\rewrite.php(43): require_once('FCPATH\\index.php')
CRITICAL - 2022-10-07 18:23:57 --> Invalid file: laporan/cetak.php
in SYSTEMPATH\Exceptions\FrameworkException.php on line 33.
 1 SYSTEMPATH\View\View.php(201): CodeIgniter\Exceptions\FrameworkException::forInvalidFile('laporan/cetak.php')
 2 SYSTEMPATH\Common.php(1142): CodeIgniter\View\View->render('laporan/cetak', [], true)
 3 APPPATH\Controllers\Laporan.php(136): view('laporan/cetak', [...])
 4 SYSTEMPATH\CodeIgniter.php(907): App\Controllers\Laporan->cetak('1')
 5 SYSTEMPATH\CodeIgniter.php(457): CodeIgniter\CodeIgniter->runController(Object(App\Controllers\Laporan))
 6 SYSTEMPATH\CodeIgniter.php(340): CodeIgniter\CodeIgniter->handleRequest(null, Object(Config\Cache), false)
 7 FCPATH\index.php(67): CodeIgniter\CodeIgniter->run()
 8 SYSTEMPATH\Commands\Server\rewrite.php(43): require_once('FCPATH\\index.php')
CRITICAL - 2022-10-07 18:25:02 --> Invalid file: laporan/cetak.php
in SYSTEMPATH\Exceptions\FrameworkException.php on line 33.
 1 SYSTEMPATH\View\View.php(201): CodeIgniter\Exceptions\FrameworkException::forInvalidFile('laporan/cetak.php')
 2 SYSTEMPATH\Common.php(1142): CodeIgniter\View\View->render('laporan/cetak', [], true)
 3 APPPATH\Controllers\Laporan.php(136): view('laporan/cetak', [...])
 4 SYSTEMPATH\CodeIgniter.php(907): App\Controllers\Laporan->cetak('1')
 5 SYSTEMPATH\CodeIgniter.php(457): CodeIgniter\CodeIgniter->runController(Object(App\Controllers\Laporan))
 6 SYSTEMPATH\CodeIgniter.php(340): CodeIgniter\CodeIgniter->handleRequest(null, Object(Config\Cache), false)
 7 FCPATH\index.php(67): CodeIgniter\CodeIgniter->run()
 8 SYSTEMPATH\Commands\Server\rewrite.php(43): require_once('FCPATH\\index.php')
