CRITICAL - 2022-09-28 08:11:17 --> Invalid file: fitur/data-sekolah.php
in SYSTEMPATH\Exceptions\FrameworkException.php on line 33.
 1 SYSTEMPATH\View\View.php(201): CodeIgniter\Exceptions\FrameworkException::forInvalidFile('fitur/data-sekolah.php')
 2 SYSTEMPATH\Common.php(1142): CodeIgniter\View\View->render('fitur/data-sekolah', [], true)
 3 APPPATH\Controllers\DataSekolah.php(55): view('fitur/data-sekolah', [...])
 4 SYSTEMPATH\CodeIgniter.php(907): App\Controllers\DataSekolah->ubah_sekolah()
 5 SYSTEMPATH\CodeIgniter.php(457): CodeIgniter\CodeIgniter->runController(Object(App\Controllers\DataSekolah))
 6 SYSTEMPATH\CodeIgniter.php(340): CodeIgniter\CodeIgniter->handleRequest(null, Object(Config\Cache), false)
 7 FCPATH\index.php(67): CodeIgniter\CodeIgniter->run()
 8 SYSTEMPATH\Commands\Server\rewrite.php(43): require_once('FCPATH\\index.php')
CRITICAL - 2022-09-28 08:11:35 --> Invalid file: fitur/data-sekolah.php
in SYSTEMPATH\Exceptions\FrameworkException.php on line 33.
 1 SYSTEMPATH\View\View.php(201): CodeIgniter\Exceptions\FrameworkException::forInvalidFile('fitur/data-sekolah.php')
 2 SYSTEMPATH\Common.php(1142): CodeIgniter\View\View->render('fitur/data-sekolah', [], true)
 3 APPPATH\Controllers\DataSekolah.php(55): view('fitur/data-sekolah', [...])
 4 SYSTEMPATH\CodeIgniter.php(907): App\Controllers\DataSekolah->ubah_sekolah()
 5 SYSTEMPATH\CodeIgniter.php(457): CodeIgniter\CodeIgniter->runController(Object(App\Controllers\DataSekolah))
 6 SYSTEMPATH\CodeIgniter.php(340): CodeIgniter\CodeIgniter->handleRequest(null, Object(Config\Cache), false)
 7 FCPATH\index.php(67): CodeIgniter\CodeIgniter->run()
 8 SYSTEMPATH\Commands\Server\rewrite.php(43): require_once('FCPATH\\index.php')
CRITICAL - 2022-09-28 08:20:57 --> Invalid file: fitur/data_siswa.php
in SYSTEMPATH\Exceptions\FrameworkException.php on line 33.
 1 SYSTEMPATH\View\View.php(201): CodeIgniter\Exceptions\FrameworkException::forInvalidFile('fitur/data_siswa.php')
 2 SYSTEMPATH\Common.php(1142): CodeIgniter\View\View->render('fitur/data_siswa', [], true)
 3 APPPATH\Controllers\Siswa.php(15): view('fitur/data_siswa', [...])
 4 SYSTEMPATH\CodeIgniter.php(907): App\Controllers\Siswa->index()
 5 SYSTEMPATH\CodeIgniter.php(457): CodeIgniter\CodeIgniter->runController(Object(App\Controllers\Siswa))
 6 SYSTEMPATH\CodeIgniter.php(340): CodeIgniter\CodeIgniter->handleRequest(null, Object(Config\Cache), false)
 7 FCPATH\index.php(67): CodeIgniter\CodeIgniter->run()
 8 SYSTEMPATH\Commands\Server\rewrite.php(43): require_once('FCPATH\\index.php')
CRITICAL - 2022-09-28 08:23:00 --> Undefined variable $active
in APPPATH\Views\layout\sidebar.php on line 2.
 1 APPPATH\Views\layout\sidebar.php(2): CodeIgniter\Debug\Exceptions->errorHandler(2, 'Undefined variable $active', 'APPPATH\\Views\\layout\\sidebar.php', 2)
 2 SYSTEMPATH\View\View.php(213): include('APPPATH\\Views\\layout\\sidebar.php')
 3 SYSTEMPATH\View\View.php(216): CodeIgniter\View\View->CodeIgniter\View\{closure}()
 4 SYSTEMPATH\View\View.php(429): CodeIgniter\View\View->render('layout/sidebar', null, true)
 5 APPPATH\Views\layout\index.php(49): CodeIgniter\View\View->include('layout/sidebar')
 6 SYSTEMPATH\View\View.php(213): include('APPPATH\\Views\\layout\\index.php')
 7 SYSTEMPATH\View\View.php(216): CodeIgniter\View\View->CodeIgniter\View\{closure}()
 8 SYSTEMPATH\View\View.php(229): CodeIgniter\View\View->render('layout/index', [], true)
 9 SYSTEMPATH\Common.php(1142): CodeIgniter\View\View->render('fitur/data_siswa', [], true)
10 APPPATH\Controllers\Siswa.php(15): view('fitur/data_siswa', [...])
11 SYSTEMPATH\CodeIgniter.php(907): App\Controllers\Siswa->index()
12 SYSTEMPATH\CodeIgniter.php(457): CodeIgniter\CodeIgniter->runController(Object(App\Controllers\Siswa))
13 SYSTEMPATH\CodeIgniter.php(340): CodeIgniter\CodeIgniter->handleRequest(null, Object(Config\Cache), false)
14 FCPATH\index.php(67): CodeIgniter\CodeIgniter->run()
15 SYSTEMPATH\Commands\Server\rewrite.php(43): require_once('FCPATH\\index.php')
ERROR - 2022-09-28 08:38:50 --> mysqli_sql_exception: Cannot add foreign key constraint in C:\laragon\www\p5bk\system\Database\MySQLi\Connection.php:292
Stack trace:
#0 C:\laragon\www\p5bk\system\Database\MySQLi\Connection.php(292): mysqli->query('CREATE TABLE `t...', 0)
#1 C:\laragon\www\p5bk\system\Database\BaseConnection.php(693): CodeIgniter\Database\MySQLi\Connection->execute('CREATE TABLE `t...')
#2 C:\laragon\www\p5bk\system\Database\BaseConnection.php(620): CodeIgniter\Database\BaseConnection->simpleQuery('CREATE TABLE `t...')
#3 C:\laragon\www\p5bk\system\Database\Forge.php(509): CodeIgniter\Database\BaseConnection->query('CREATE TABLE `t...')
#4 C:\laragon\www\p5bk\app\Database\Migrations\2022-09-28-013117_CreateTableSiswa.php(98): CodeIgniter\Database\Forge->createTable('tb_siswa')
#5 C:\laragon\www\p5bk\system\Database\MigrationRunner.php(868): App\Database\Migrations\CreateTableSiswa->up()
#6 C:\laragon\www\p5bk\system\Database\MigrationRunner.php(187): CodeIgniter\Database\MigrationRunner->migrate('up', Object(stdClass))
#7 C:\laragon\www\p5bk\system\Commands\Database\Migrate.php(84): CodeIgniter\Database\MigrationRunner->latest(NULL)
#8 C:\laragon\www\p5bk\system\CLI\Commands.php(63): CodeIgniter\Commands\Database\Migrate->run(Array)
#9 C:\laragon\www\p5bk\system\CLI\CommandRunner.php(65): CodeIgniter\CLI\Commands->run('migrate', Array)
#10 C:\laragon\www\p5bk\system\CLI\CommandRunner.php(51): CodeIgniter\CLI\CommandRunner->index(Array)
#11 C:\laragon\www\p5bk\system\CodeIgniter.php(900): CodeIgniter\CLI\CommandRunner->_remap('index', Array)
#12 C:\laragon\www\p5bk\system\CodeIgniter.php(457): CodeIgniter\CodeIgniter->runController(Object(CodeIgniter\CLI\CommandRunner))
#13 C:\laragon\www\p5bk\system\CodeIgniter.php(336): CodeIgniter\CodeIgniter->handleRequest(NULL, Object(Config\Cache), false)
#14 C:\laragon\www\p5bk\system\CLI\Console.php(48): CodeIgniter\CodeIgniter->run()
#15 C:\laragon\www\p5bk\spark(98): CodeIgniter\CLI\Console->run()
#16 {main}
ERROR - 2022-09-28 08:41:12 --> mysqli_sql_exception: Cannot add foreign key constraint in C:\laragon\www\p5bk\system\Database\MySQLi\Connection.php:292
Stack trace:
#0 C:\laragon\www\p5bk\system\Database\MySQLi\Connection.php(292): mysqli->query('CREATE TABLE `t...', 0)
#1 C:\laragon\www\p5bk\system\Database\BaseConnection.php(693): CodeIgniter\Database\MySQLi\Connection->execute('CREATE TABLE `t...')
#2 C:\laragon\www\p5bk\system\Database\BaseConnection.php(620): CodeIgniter\Database\BaseConnection->simpleQuery('CREATE TABLE `t...')
#3 C:\laragon\www\p5bk\system\Database\Forge.php(509): CodeIgniter\Database\BaseConnection->query('CREATE TABLE `t...')
#4 C:\laragon\www\p5bk\app\Database\Migrations\2022-09-28-013607_CreateTableKelas.php(44): CodeIgniter\Database\Forge->createTable('tb_kelas')
#5 C:\laragon\www\p5bk\system\Database\MigrationRunner.php(868): App\Database\Migrations\CreateTableKelas->up()
#6 C:\laragon\www\p5bk\system\Database\MigrationRunner.php(187): CodeIgniter\Database\MigrationRunner->migrate('up', Object(stdClass))
#7 C:\laragon\www\p5bk\system\Commands\Database\Migrate.php(84): CodeIgniter\Database\MigrationRunner->latest(NULL)
#8 C:\laragon\www\p5bk\system\CLI\Commands.php(63): CodeIgniter\Commands\Database\Migrate->run(Array)
#9 C:\laragon\www\p5bk\system\CLI\CommandRunner.php(65): CodeIgniter\CLI\Commands->run('migrate', Array)
#10 C:\laragon\www\p5bk\system\CLI\CommandRunner.php(51): CodeIgniter\CLI\CommandRunner->index(Array)
#11 C:\laragon\www\p5bk\system\CodeIgniter.php(900): CodeIgniter\CLI\CommandRunner->_remap('index', Array)
#12 C:\laragon\www\p5bk\system\CodeIgniter.php(457): CodeIgniter\CodeIgniter->runController(Object(CodeIgniter\CLI\CommandRunner))
#13 C:\laragon\www\p5bk\system\CodeIgniter.php(336): CodeIgniter\CodeIgniter->handleRequest(NULL, Object(Config\Cache), false)
#14 C:\laragon\www\p5bk\system\CLI\Console.php(48): CodeIgniter\CodeIgniter->run()
#15 C:\laragon\www\p5bk\spark(98): CodeIgniter\CLI\Console->run()
#16 {main}
ERROR - 2022-09-28 09:00:59 --> Error connecting to the database: mysqli_sql_exception: Unknown database 'p5bk' in C:\laragon\www\p5bk\system\Database\MySQLi\Connection.php:171
Stack trace:
#0 C:\laragon\www\p5bk\system\Database\MySQLi\Connection.php(171): mysqli->real_connect('localhost', 'root', '123456', 'p5bk', 3306, '', 0)
#1 C:\laragon\www\p5bk\system\Database\BaseConnection.php(382): CodeIgniter\Database\MySQLi\Connection->connect(false)
#2 C:\laragon\www\p5bk\system\Database\BaseConnection.php(588): CodeIgniter\Database\BaseConnection->initialize()
#3 C:\laragon\www\p5bk\system\Database\BaseConnection.php(1385): CodeIgniter\Database\BaseConnection->query('SHOW TABLES FRO...')
#4 C:\laragon\www\p5bk\system\Database\BaseConnection.php(1419): CodeIgniter\Database\BaseConnection->listTables()
#5 C:\laragon\www\p5bk\system\Database\MigrationRunner.php(759): CodeIgniter\Database\BaseConnection->tableExists('migrations')
#6 C:\laragon\www\p5bk\system\Database\MigrationRunner.php(167): CodeIgniter\Database\MigrationRunner->ensureTable()
#7 C:\laragon\www\p5bk\system\Commands\Database\Migrate.php(84): CodeIgniter\Database\MigrationRunner->latest(NULL)
#8 C:\laragon\www\p5bk\system\CLI\Commands.php(63): CodeIgniter\Commands\Database\Migrate->run(Array)
#9 C:\laragon\www\p5bk\system\CLI\CommandRunner.php(65): CodeIgniter\CLI\Commands->run('migrate', Array)
#10 C:\laragon\www\p5bk\system\CLI\CommandRunner.php(51): CodeIgniter\CLI\CommandRunner->index(Array)
#11 C:\laragon\www\p5bk\system\CodeIgniter.php(900): CodeIgniter\CLI\CommandRunner->_remap('index', Array)
#12 C:\laragon\www\p5bk\system\CodeIgniter.php(457): CodeIgniter\CodeIgniter->runController(Object(CodeIgniter\CLI\CommandRunner))
#13 C:\laragon\www\p5bk\system\CodeIgniter.php(336): CodeIgniter\CodeIgniter->handleRequest(NULL, Object(Config\Cache), false)
#14 C:\laragon\www\p5bk\system\CLI\Console.php(48): CodeIgniter\CodeIgniter->run()
#15 C:\laragon\www\p5bk\spark(98): CodeIgniter\CLI\Console->run()
#16 {main}

Next CodeIgniter\Database\Exceptions\DatabaseException: Unknown database 'p5bk' in C:\laragon\www\p5bk\system\Database\MySQLi\Connection.php:215
Stack trace:
#0 C:\laragon\www\p5bk\system\Database\BaseConnection.php(382): CodeIgniter\Database\MySQLi\Connection->connect(false)
#1 C:\laragon\www\p5bk\system\Database\BaseConnection.php(588): CodeIgniter\Database\BaseConnection->initialize()
#2 C:\laragon\www\p5bk\system\Database\BaseConnection.php(1385): CodeIgniter\Database\BaseConnection->query('SHOW TABLES FRO...')
#3 C:\laragon\www\p5bk\system\Database\BaseConnection.php(1419): CodeIgniter\Database\BaseConnection->listTables()
#4 C:\laragon\www\p5bk\system\Database\MigrationRunner.php(759): CodeIgniter\Database\BaseConnection->tableExists('migrations')
#5 C:\laragon\www\p5bk\system\Database\MigrationRunner.php(167): CodeIgniter\Database\MigrationRunner->ensureTable()
#6 C:\laragon\www\p5bk\system\Commands\Database\Migrate.php(84): CodeIgniter\Database\MigrationRunner->latest(NULL)
#7 C:\laragon\www\p5bk\system\CLI\Commands.php(63): CodeIgniter\Commands\Database\Migrate->run(Array)
#8 C:\laragon\www\p5bk\system\CLI\CommandRunner.php(65): CodeIgniter\CLI\Commands->run('migrate', Array)
#9 C:\laragon\www\p5bk\system\CLI\CommandRunner.php(51): CodeIgniter\CLI\CommandRunner->index(Array)
#10 C:\laragon\www\p5bk\system\CodeIgniter.php(900): CodeIgniter\CLI\CommandRunner->_remap('index', Array)
#11 C:\laragon\www\p5bk\system\CodeIgniter.php(457): CodeIgniter\CodeIgniter->runController(Object(CodeIgniter\CLI\CommandRunner))
#12 C:\laragon\www\p5bk\system\CodeIgniter.php(336): CodeIgniter\CodeIgniter->handleRequest(NULL, Object(Config\Cache), false)
#13 C:\laragon\www\p5bk\system\CLI\Console.php(48): CodeIgniter\CodeIgniter->run()
#14 C:\laragon\www\p5bk\spark(98): CodeIgniter\CLI\Console->run()
#15 {main}
ERROR - 2022-09-28 09:02:48 --> mysqli_sql_exception: Table 'tb_siswa' already exists in C:\laragon\www\p5bk\system\Database\MySQLi\Connection.php:292
Stack trace:
#0 C:\laragon\www\p5bk\system\Database\MySQLi\Connection.php(292): mysqli->query('CREATE TABLE `t...', 0)
#1 C:\laragon\www\p5bk\system\Database\BaseConnection.php(693): CodeIgniter\Database\MySQLi\Connection->execute('CREATE TABLE `t...')
#2 C:\laragon\www\p5bk\system\Database\BaseConnection.php(620): CodeIgniter\Database\BaseConnection->simpleQuery('CREATE TABLE `t...')
#3 C:\laragon\www\p5bk\system\Database\Forge.php(509): CodeIgniter\Database\BaseConnection->query('CREATE TABLE `t...')
#4 C:\laragon\www\p5bk\app\Database\Migrations\2022-09-28-013117_CreateTableSiswa.php(103): CodeIgniter\Database\Forge->createTable('tb_siswa')
#5 C:\laragon\www\p5bk\system\Database\MigrationRunner.php(868): App\Database\Migrations\CreateTableSiswa->up()
#6 C:\laragon\www\p5bk\system\Database\MigrationRunner.php(187): CodeIgniter\Database\MigrationRunner->migrate('up', Object(stdClass))
#7 C:\laragon\www\p5bk\system\Commands\Database\Migrate.php(84): CodeIgniter\Database\MigrationRunner->latest(NULL)
#8 C:\laragon\www\p5bk\system\CLI\Commands.php(63): CodeIgniter\Commands\Database\Migrate->run(Array)
#9 C:\laragon\www\p5bk\system\CLI\CommandRunner.php(65): CodeIgniter\CLI\Commands->run('migrate', Array)
#10 C:\laragon\www\p5bk\system\CLI\CommandRunner.php(51): CodeIgniter\CLI\CommandRunner->index(Array)
#11 C:\laragon\www\p5bk\system\CodeIgniter.php(900): CodeIgniter\CLI\CommandRunner->_remap('index', Array)
#12 C:\laragon\www\p5bk\system\CodeIgniter.php(457): CodeIgniter\CodeIgniter->runController(Object(CodeIgniter\CLI\CommandRunner))
#13 C:\laragon\www\p5bk\system\CodeIgniter.php(336): CodeIgniter\CodeIgniter->handleRequest(NULL, Object(Config\Cache), false)
#14 C:\laragon\www\p5bk\system\CLI\Console.php(48): CodeIgniter\CodeIgniter->run()
#15 C:\laragon\www\p5bk\spark(98): CodeIgniter\CLI\Console->run()
#16 {main}
ERROR - 2022-09-28 09:03:54 --> mysqli_sql_exception: Cannot add foreign key constraint in C:\laragon\www\p5bk\system\Database\MySQLi\Connection.php:292
Stack trace:
#0 C:\laragon\www\p5bk\system\Database\MySQLi\Connection.php(292): mysqli->query('CREATE TABLE `t...', 0)
#1 C:\laragon\www\p5bk\system\Database\BaseConnection.php(693): CodeIgniter\Database\MySQLi\Connection->execute('CREATE TABLE `t...')
#2 C:\laragon\www\p5bk\system\Database\BaseConnection.php(620): CodeIgniter\Database\BaseConnection->simpleQuery('CREATE TABLE `t...')
#3 C:\laragon\www\p5bk\system\Database\Forge.php(509): CodeIgniter\Database\BaseConnection->query('CREATE TABLE `t...')
#4 C:\laragon\www\p5bk\app\Database\Migrations\2022-09-28-013117_CreateTableSiswa.php(103): CodeIgniter\Database\Forge->createTable('tb_siswa')
#5 C:\laragon\www\p5bk\system\Database\MigrationRunner.php(868): App\Database\Migrations\CreateTableSiswa->up()
#6 C:\laragon\www\p5bk\system\Database\MigrationRunner.php(187): CodeIgniter\Database\MigrationRunner->migrate('up', Object(stdClass))
#7 C:\laragon\www\p5bk\system\Commands\Database\Migrate.php(84): CodeIgniter\Database\MigrationRunner->latest(NULL)
#8 C:\laragon\www\p5bk\system\CLI\Commands.php(63): CodeIgniter\Commands\Database\Migrate->run(Array)
#9 C:\laragon\www\p5bk\system\CLI\CommandRunner.php(65): CodeIgniter\CLI\Commands->run('migrate', Array)
#10 C:\laragon\www\p5bk\system\CLI\CommandRunner.php(51): CodeIgniter\CLI\CommandRunner->index(Array)
#11 C:\laragon\www\p5bk\system\CodeIgniter.php(900): CodeIgniter\CLI\CommandRunner->_remap('index', Array)
#12 C:\laragon\www\p5bk\system\CodeIgniter.php(457): CodeIgniter\CodeIgniter->runController(Object(CodeIgniter\CLI\CommandRunner))
#13 C:\laragon\www\p5bk\system\CodeIgniter.php(336): CodeIgniter\CodeIgniter->handleRequest(NULL, Object(Config\Cache), false)
#14 C:\laragon\www\p5bk\system\CLI\Console.php(48): CodeIgniter\CodeIgniter->run()
#15 C:\laragon\www\p5bk\spark(98): CodeIgniter\CLI\Console->run()
#16 {main}
CRITICAL - 2022-09-28 09:50:59 --> syntax error, unexpected end of file
in APPPATH\Views\fitur\data_siswa.php on line 92.
 1 SYSTEMPATH\View\View.php(216): CodeIgniter\View\View->CodeIgniter\View\{closure}()
 2 SYSTEMPATH\Common.php(1142): CodeIgniter\View\View->render('fitur/data_siswa', [], true)
 3 APPPATH\Controllers\Siswa.php(22): view('fitur/data_siswa', [...])
 4 SYSTEMPATH\CodeIgniter.php(907): App\Controllers\Siswa->index()
 5 SYSTEMPATH\CodeIgniter.php(457): CodeIgniter\CodeIgniter->runController(Object(App\Controllers\Siswa))
 6 SYSTEMPATH\CodeIgniter.php(340): CodeIgniter\CodeIgniter->handleRequest(null, Object(Config\Cache), false)
 7 FCPATH\index.php(67): CodeIgniter\CodeIgniter->run()
 8 SYSTEMPATH\Commands\Server\rewrite.php(43): require_once('FCPATH\\index.php')
