CRITICAL - 2022-09-30 15:05:29 --> Cannot use object of type stdClass as array
in APPPATH\Views\fitur\test.php on line 23.
 1 SYSTEMPATH\View\View.php(213): include()
 2 SYSTEMPATH\View\View.php(216): CodeIgniter\View\View->CodeIgniter\View\{closure}()
 3 SYSTEMPATH\Common.php(1142): CodeIgniter\View\View->render('fitur/test', [], true)
 4 APPPATH\Controllers\Test.php(32): view('fitur/test', [...])
 5 SYSTEMPATH\CodeIgniter.php(907): App\Controllers\Test->index()
 6 SYSTEMPATH\CodeIgniter.php(457): CodeIgniter\CodeIgniter->runController(Object(App\Controllers\Test))
 7 SYSTEMPATH\CodeIgniter.php(340): CodeIgniter\CodeIgniter->handleRequest(null, Object(Config\Cache), false)
 8 FCPATH\index.php(67): CodeIgniter\CodeIgniter->run()
 9 SYSTEMPATH\Commands\Server\rewrite.php(43): require_once('FCPATH\\index.php')
CRITICAL - 2022-09-30 15:05:58 --> Cannot use object of type stdClass as array
in APPPATH\Views\fitur\test.php on line 23.
 1 SYSTEMPATH\View\View.php(213): include()
 2 SYSTEMPATH\View\View.php(216): CodeIgniter\View\View->CodeIgniter\View\{closure}()
 3 SYSTEMPATH\Common.php(1142): CodeIgniter\View\View->render('fitur/test', [], true)
 4 APPPATH\Controllers\Test.php(32): view('fitur/test', [...])
 5 SYSTEMPATH\CodeIgniter.php(907): App\Controllers\Test->index()
 6 SYSTEMPATH\CodeIgniter.php(457): CodeIgniter\CodeIgniter->runController(Object(App\Controllers\Test))
 7 SYSTEMPATH\CodeIgniter.php(340): CodeIgniter\CodeIgniter->handleRequest(null, Object(Config\Cache), false)
 8 FCPATH\index.php(67): CodeIgniter\CodeIgniter->run()
 9 SYSTEMPATH\Commands\Server\rewrite.php(43): require_once('FCPATH\\index.php')
CRITICAL - 2022-09-30 15:06:07 --> Cannot use object of type stdClass as array
in APPPATH\Views\fitur\test.php on line 23.
 1 SYSTEMPATH\View\View.php(213): include()
 2 SYSTEMPATH\View\View.php(216): CodeIgniter\View\View->CodeIgniter\View\{closure}()
 3 SYSTEMPATH\Common.php(1142): CodeIgniter\View\View->render('fitur/test', [], true)
 4 APPPATH\Controllers\Test.php(32): view('fitur/test', [...])
 5 SYSTEMPATH\CodeIgniter.php(907): App\Controllers\Test->index()
 6 SYSTEMPATH\CodeIgniter.php(457): CodeIgniter\CodeIgniter->runController(Object(App\Controllers\Test))
 7 SYSTEMPATH\CodeIgniter.php(340): CodeIgniter\CodeIgniter->handleRequest(null, Object(Config\Cache), false)
 8 FCPATH\index.php(67): CodeIgniter\CodeIgniter->run()
 9 SYSTEMPATH\Commands\Server\rewrite.php(43): require_once('FCPATH\\index.php')
CRITICAL - 2022-09-30 15:09:12 --> Trying to get property 'nama_project' of non-object
in APPPATH\Views\fitur\test.php on line 32.
 1 APPPATH\Views\fitur\test.php(32): CodeIgniter\Debug\Exceptions->errorHandler(8, 'Trying to get property \'nama_project\' of non-object', 'APPPATH\\Views\\fitur\\test.php', 32, [...])
 2 SYSTEMPATH\View\View.php(213): include('APPPATH\\Views\\fitur\\test.php')
 3 SYSTEMPATH\View\View.php(216): CodeIgniter\View\View->CodeIgniter\View\{closure}()
 4 SYSTEMPATH\Common.php(1142): CodeIgniter\View\View->render('fitur/test', [], true)
 5 APPPATH\Controllers\Test.php(32): view('fitur/test', [...])
 6 SYSTEMPATH\CodeIgniter.php(907): App\Controllers\Test->index()
 7 SYSTEMPATH\CodeIgniter.php(457): CodeIgniter\CodeIgniter->runController(Object(App\Controllers\Test))
 8 SYSTEMPATH\CodeIgniter.php(340): CodeIgniter\CodeIgniter->handleRequest(null, Object(Config\Cache), false)
 9 FCPATH\index.php(67): CodeIgniter\CodeIgniter->run()
10 SYSTEMPATH\Commands\Server\rewrite.php(43): require_once('FCPATH\\index.php')
CRITICAL - 2022-09-30 15:09:47 --> Undefined index: nama_project
in APPPATH\Views\fitur\test.php on line 32.
 1 APPPATH\Views\fitur\test.php(32): CodeIgniter\Debug\Exceptions->errorHandler(8, 'Undefined index: nama_project', 'APPPATH\\Views\\fitur\\test.php', 32, [...])
 2 SYSTEMPATH\View\View.php(213): include('APPPATH\\Views\\fitur\\test.php')
 3 SYSTEMPATH\View\View.php(216): CodeIgniter\View\View->CodeIgniter\View\{closure}()
 4 SYSTEMPATH\Common.php(1142): CodeIgniter\View\View->render('fitur/test', [], true)
 5 APPPATH\Controllers\Test.php(32): view('fitur/test', [...])
 6 SYSTEMPATH\CodeIgniter.php(907): App\Controllers\Test->index()
 7 SYSTEMPATH\CodeIgniter.php(457): CodeIgniter\CodeIgniter->runController(Object(App\Controllers\Test))
 8 SYSTEMPATH\CodeIgniter.php(340): CodeIgniter\CodeIgniter->handleRequest(null, Object(Config\Cache), false)
 9 FCPATH\index.php(67): CodeIgniter\CodeIgniter->run()
10 SYSTEMPATH\Commands\Server\rewrite.php(43): require_once('FCPATH\\index.php')
CRITICAL - 2022-09-30 15:23:44 --> The route for "admin-perencanaan/set-aspek" cannot be found.
in SYSTEMPATH\Helpers\url_helper.php on line 542.
 1 SYSTEMPATH\Helpers\url_helper.php(542): CodeIgniter\Router\Exceptions\RouterException::forInvalidRoute('admin-perencanaan/set-aspek')
 2 APPPATH\Views\fitur\test.php(28): url_to('admin-perencanaan/set-aspek')
 3 SYSTEMPATH\View\View.php(213): include('APPPATH\\Views\\fitur\\test.php')
 4 SYSTEMPATH\View\View.php(216): CodeIgniter\View\View->CodeIgniter\View\{closure}()
 5 SYSTEMPATH\Common.php(1142): CodeIgniter\View\View->render('fitur/test', [], true)
 6 APPPATH\Controllers\Test.php(32): view('fitur/test', [...])
 7 SYSTEMPATH\CodeIgniter.php(907): App\Controllers\Test->index()
 8 SYSTEMPATH\CodeIgniter.php(457): CodeIgniter\CodeIgniter->runController(Object(App\Controllers\Test))
 9 SYSTEMPATH\CodeIgniter.php(340): CodeIgniter\CodeIgniter->handleRequest(null, Object(Config\Cache), false)
10 FCPATH\index.php(67): CodeIgniter\CodeIgniter->run()
11 SYSTEMPATH\Commands\Server\rewrite.php(43): require_once('FCPATH\\index.php')
CRITICAL - 2022-09-30 15:39:13 --> Array to string conversion
in SYSTEMPATH\Database\BaseBuilder.php on line 1842.
 1 [internal function]: CodeIgniter\Debug\Exceptions->errorHandler(8, 'Array to string conversion', 'SYSTEMPATH\\Database\\BaseBuilder.php', 1842, [...])
 2 SYSTEMPATH\Database\BaseBuilder.php(1842): implode(',', [...])
 3 SYSTEMPATH\Database\BaseBuilder.php(1770): CodeIgniter\Database\BaseBuilder->setInsertBatch([...], 'ROOTPATH\\public', true)
 4 APPPATH\Controllers\Test.php(53): CodeIgniter\Database\BaseBuilder->insertBatch([...])
 5 SYSTEMPATH\CodeIgniter.php(907): App\Controllers\Test->simpan_aspek()
 6 SYSTEMPATH\CodeIgniter.php(457): CodeIgniter\CodeIgniter->runController(Object(App\Controllers\Test))
 7 SYSTEMPATH\CodeIgniter.php(340): CodeIgniter\CodeIgniter->handleRequest(null, Object(Config\Cache), false)
 8 FCPATH\index.php(67): CodeIgniter\CodeIgniter->run()
 9 SYSTEMPATH\Commands\Server\rewrite.php(43): require_once('FCPATH\\index.php')
CRITICAL - 2022-09-30 15:42:28 --> Undefined offset: 1
in APPPATH\Controllers\Test.php on line 47.
 1 APPPATH\Controllers\Test.php(47): CodeIgniter\Debug\Exceptions->errorHandler(8, 'Undefined offset: 1', 'APPPATH\\Controllers\\Test.php', 47, [...])
 2 SYSTEMPATH\CodeIgniter.php(907): App\Controllers\Test->simpan_aspek()
 3 SYSTEMPATH\CodeIgniter.php(457): CodeIgniter\CodeIgniter->runController(Object(App\Controllers\Test))
 4 SYSTEMPATH\CodeIgniter.php(340): CodeIgniter\CodeIgniter->handleRequest(null, Object(Config\Cache), false)
 5 FCPATH\index.php(67): CodeIgniter\CodeIgniter->run()
 6 SYSTEMPATH\Commands\Server\rewrite.php(43): require_once('FCPATH\\index.php')
CRITICAL - 2022-09-30 15:42:37 --> Undefined offset: 1
in APPPATH\Controllers\Test.php on line 47.
 1 APPPATH\Controllers\Test.php(47): CodeIgniter\Debug\Exceptions->errorHandler(8, 'Undefined offset: 1', 'APPPATH\\Controllers\\Test.php', 47, [...])
 2 SYSTEMPATH\CodeIgniter.php(907): App\Controllers\Test->simpan_aspek()
 3 SYSTEMPATH\CodeIgniter.php(457): CodeIgniter\CodeIgniter->runController(Object(App\Controllers\Test))
 4 SYSTEMPATH\CodeIgniter.php(340): CodeIgniter\CodeIgniter->handleRequest(null, Object(Config\Cache), false)
 5 FCPATH\index.php(67): CodeIgniter\CodeIgniter->run()
 6 SYSTEMPATH\Commands\Server\rewrite.php(43): require_once('FCPATH\\index.php')
CRITICAL - 2022-09-30 15:45:24 --> syntax error, unexpected end of file, expecting function (T_FUNCTION) or const (T_CONST)
in APPPATH\Controllers\Test.php on line 64.
 1 SYSTEMPATH\Autoloader\Autoloader.php(259): CodeIgniter\Autoloader\Autoloader->includeFile('APPPATH\\Controllers\\Test.php')
 2 SYSTEMPATH\Autoloader\Autoloader.php(237): CodeIgniter\Autoloader\Autoloader->loadInNamespace('App\\Controllers\\Test')
 3 [internal function]: CodeIgniter\Autoloader\Autoloader->loadClass('App\\Controllers\\Test')
 4 [internal function]: spl_autoload_call('App\\Controllers\\Test')
 5 SYSTEMPATH\CodeIgniter.php(857): class_exists('\\App\\Controllers\\Test', true)
 6 SYSTEMPATH\CodeIgniter.php(444): CodeIgniter\CodeIgniter->startController()
 7 SYSTEMPATH\CodeIgniter.php(340): CodeIgniter\CodeIgniter->handleRequest(null, Object(Config\Cache), false)
 8 FCPATH\index.php(67): CodeIgniter\CodeIgniter->run()
 9 SYSTEMPATH\Commands\Server\rewrite.php(43): require_once('FCPATH\\index.php')
CRITICAL - 2022-09-30 15:45:26 --> syntax error, unexpected end of file, expecting function (T_FUNCTION) or const (T_CONST)
in APPPATH\Controllers\Test.php on line 64.
 1 SYSTEMPATH\Autoloader\Autoloader.php(259): CodeIgniter\Autoloader\Autoloader->includeFile('APPPATH\\Controllers\\Test.php')
 2 SYSTEMPATH\Autoloader\Autoloader.php(237): CodeIgniter\Autoloader\Autoloader->loadInNamespace('App\\Controllers\\Test')
 3 [internal function]: CodeIgniter\Autoloader\Autoloader->loadClass('App\\Controllers\\Test')
 4 [internal function]: spl_autoload_call('App\\Controllers\\Test')
 5 SYSTEMPATH\CodeIgniter.php(857): class_exists('\\App\\Controllers\\Test', true)
 6 SYSTEMPATH\CodeIgniter.php(444): CodeIgniter\CodeIgniter->startController()
 7 SYSTEMPATH\CodeIgniter.php(340): CodeIgniter\CodeIgniter->handleRequest(null, Object(Config\Cache), false)
 8 FCPATH\index.php(67): CodeIgniter\CodeIgniter->run()
 9 SYSTEMPATH\Commands\Server\rewrite.php(43): require_once('FCPATH\\index.php')
CRITICAL - 2022-09-30 15:46:25 --> Undefined offset: 1
in APPPATH\Controllers\Test.php on line 48.
 1 APPPATH\Controllers\Test.php(48): CodeIgniter\Debug\Exceptions->errorHandler(8, 'Undefined offset: 1', 'APPPATH\\Controllers\\Test.php', 48, [...])
 2 SYSTEMPATH\CodeIgniter.php(907): App\Controllers\Test->simpan_aspek()
 3 SYSTEMPATH\CodeIgniter.php(457): CodeIgniter\CodeIgniter->runController(Object(App\Controllers\Test))
 4 SYSTEMPATH\CodeIgniter.php(340): CodeIgniter\CodeIgniter->handleRequest(null, Object(Config\Cache), false)
 5 FCPATH\index.php(67): CodeIgniter\CodeIgniter->run()
 6 SYSTEMPATH\Commands\Server\rewrite.php(43): require_once('FCPATH\\index.php')
CRITICAL - 2022-09-30 15:55:44 --> Undefined index: id_rencana_budaya_kerja
in APPPATH\Controllers\Test.php on line 26.
 1 APPPATH\Controllers\Test.php(26): CodeIgniter\Debug\Exceptions->errorHandler(8, 'Undefined index: id_rencana_budaya_kerja', 'APPPATH\\Controllers\\Test.php', 26, [...])
 2 SYSTEMPATH\CodeIgniter.php(907): App\Controllers\Test->index()
 3 SYSTEMPATH\CodeIgniter.php(457): CodeIgniter\CodeIgniter->runController(Object(App\Controllers\Test))
 4 SYSTEMPATH\CodeIgniter.php(340): CodeIgniter\CodeIgniter->handleRequest(null, Object(Config\Cache), false)
 5 FCPATH\index.php(67): CodeIgniter\CodeIgniter->run()
 6 SYSTEMPATH\Commands\Server\rewrite.php(43): require_once('FCPATH\\index.php')
CRITICAL - 2022-09-30 15:56:02 --> Cannot use object of type stdClass as array
in APPPATH\Controllers\Test.php on line 27.
 1 SYSTEMPATH\CodeIgniter.php(907): App\Controllers\Test->index()
 2 SYSTEMPATH\CodeIgniter.php(457): CodeIgniter\CodeIgniter->runController(Object(App\Controllers\Test))
 3 SYSTEMPATH\CodeIgniter.php(340): CodeIgniter\CodeIgniter->handleRequest(null, Object(Config\Cache), false)
 4 FCPATH\index.php(67): CodeIgniter\CodeIgniter->run()
 5 SYSTEMPATH\Commands\Server\rewrite.php(43): require_once('FCPATH\\index.php')
CRITICAL - 2022-09-30 15:56:21 --> Trying to get property 'rencana_id' of non-object
in APPPATH\Controllers\Test.php on line 26.
 1 APPPATH\Controllers\Test.php(26): CodeIgniter\Debug\Exceptions->errorHandler(8, 'Trying to get property \'rencana_id\' of non-object', 'APPPATH\\Controllers\\Test.php', 26, [...])
 2 SYSTEMPATH\CodeIgniter.php(907): App\Controllers\Test->index()
 3 SYSTEMPATH\CodeIgniter.php(457): CodeIgniter\CodeIgniter->runController(Object(App\Controllers\Test))
 4 SYSTEMPATH\CodeIgniter.php(340): CodeIgniter\CodeIgniter->handleRequest(null, Object(Config\Cache), false)
 5 FCPATH\index.php(67): CodeIgniter\CodeIgniter->run()
 6 SYSTEMPATH\Commands\Server\rewrite.php(43): require_once('FCPATH\\index.php')
CRITICAL - 2022-09-30 15:56:43 --> Undefined index: id
in APPPATH\Controllers\Test.php on line 26.
 1 APPPATH\Controllers\Test.php(26): CodeIgniter\Debug\Exceptions->errorHandler(8, 'Undefined index: id', 'APPPATH\\Controllers\\Test.php', 26, [...])
 2 SYSTEMPATH\CodeIgniter.php(907): App\Controllers\Test->index()
 3 SYSTEMPATH\CodeIgniter.php(457): CodeIgniter\CodeIgniter->runController(Object(App\Controllers\Test))
 4 SYSTEMPATH\CodeIgniter.php(340): CodeIgniter\CodeIgniter->handleRequest(null, Object(Config\Cache), false)
 5 FCPATH\index.php(67): CodeIgniter\CodeIgniter->run()
 6 SYSTEMPATH\Commands\Server\rewrite.php(43): require_once('FCPATH\\index.php')
CRITICAL - 2022-09-30 15:56:58 --> Cannot use object of type stdClass as array
in APPPATH\Controllers\Test.php on line 27.
 1 SYSTEMPATH\CodeIgniter.php(907): App\Controllers\Test->index()
 2 SYSTEMPATH\CodeIgniter.php(457): CodeIgniter\CodeIgniter->runController(Object(App\Controllers\Test))
 3 SYSTEMPATH\CodeIgniter.php(340): CodeIgniter\CodeIgniter->handleRequest(null, Object(Config\Cache), false)
 4 FCPATH\index.php(67): CodeIgniter\CodeIgniter->run()
 5 SYSTEMPATH\Commands\Server\rewrite.php(43): require_once('FCPATH\\index.php')
CRITICAL - 2022-09-30 15:59:19 --> Trying to get property 'nama_project' of non-object
in APPPATH\Views\fitur\test.php on line 32.
 1 APPPATH\Views\fitur\test.php(32): CodeIgniter\Debug\Exceptions->errorHandler(8, 'Trying to get property \'nama_project\' of non-object', 'APPPATH\\Views\\fitur\\test.php', 32, [...])
 2 SYSTEMPATH\View\View.php(213): include('APPPATH\\Views\\fitur\\test.php')
 3 SYSTEMPATH\View\View.php(216): CodeIgniter\View\View->CodeIgniter\View\{closure}()
 4 SYSTEMPATH\Common.php(1142): CodeIgniter\View\View->render('fitur/test', [], true)
 5 APPPATH\Controllers\Test.php(46): view('fitur/test', [...])
 6 SYSTEMPATH\CodeIgniter.php(907): App\Controllers\Test->index()
 7 SYSTEMPATH\CodeIgniter.php(457): CodeIgniter\CodeIgniter->runController(Object(App\Controllers\Test))
 8 SYSTEMPATH\CodeIgniter.php(340): CodeIgniter\CodeIgniter->handleRequest(null, Object(Config\Cache), false)
 9 FCPATH\index.php(67): CodeIgniter\CodeIgniter->run()
10 SYSTEMPATH\Commands\Server\rewrite.php(43): require_once('FCPATH\\index.php')
CRITICAL - 2022-09-30 15:59:47 --> Undefined index: nama_project
in APPPATH\Views\fitur\test.php on line 32.
 1 APPPATH\Views\fitur\test.php(32): CodeIgniter\Debug\Exceptions->errorHandler(8, 'Undefined index: nama_project', 'APPPATH\\Views\\fitur\\test.php', 32, [...])
 2 SYSTEMPATH\View\View.php(213): include('APPPATH\\Views\\fitur\\test.php')
 3 SYSTEMPATH\View\View.php(216): CodeIgniter\View\View->CodeIgniter\View\{closure}()
 4 SYSTEMPATH\Common.php(1142): CodeIgniter\View\View->render('fitur/test', [], true)
 5 APPPATH\Controllers\Test.php(46): view('fitur/test', [...])
 6 SYSTEMPATH\CodeIgniter.php(907): App\Controllers\Test->index()
 7 SYSTEMPATH\CodeIgniter.php(457): CodeIgniter\CodeIgniter->runController(Object(App\Controllers\Test))
 8 SYSTEMPATH\CodeIgniter.php(340): CodeIgniter\CodeIgniter->handleRequest(null, Object(Config\Cache), false)
 9 FCPATH\index.php(67): CodeIgniter\CodeIgniter->run()
10 SYSTEMPATH\Commands\Server\rewrite.php(43): require_once('FCPATH\\index.php')
CRITICAL - 2022-09-30 16:00:01 --> Undefined index: nama
in APPPATH\Views\fitur\test.php on line 32.
 1 APPPATH\Views\fitur\test.php(32): CodeIgniter\Debug\Exceptions->errorHandler(8, 'Undefined index: nama', 'APPPATH\\Views\\fitur\\test.php', 32, [...])
 2 SYSTEMPATH\View\View.php(213): include('APPPATH\\Views\\fitur\\test.php')
 3 SYSTEMPATH\View\View.php(216): CodeIgniter\View\View->CodeIgniter\View\{closure}()
 4 SYSTEMPATH\Common.php(1142): CodeIgniter\View\View->render('fitur/test', [], true)
 5 APPPATH\Controllers\Test.php(46): view('fitur/test', [...])
 6 SYSTEMPATH\CodeIgniter.php(907): App\Controllers\Test->index()
 7 SYSTEMPATH\CodeIgniter.php(457): CodeIgniter\CodeIgniter->runController(Object(App\Controllers\Test))
 8 SYSTEMPATH\CodeIgniter.php(340): CodeIgniter\CodeIgniter->handleRequest(null, Object(Config\Cache), false)
 9 FCPATH\index.php(67): CodeIgniter\CodeIgniter->run()
10 SYSTEMPATH\Commands\Server\rewrite.php(43): require_once('FCPATH\\index.php')
CRITICAL - 2022-09-30 16:00:03 --> Undefined index: nama
in APPPATH\Views\fitur\test.php on line 32.
 1 APPPATH\Views\fitur\test.php(32): CodeIgniter\Debug\Exceptions->errorHandler(8, 'Undefined index: nama', 'APPPATH\\Views\\fitur\\test.php', 32, [...])
 2 SYSTEMPATH\View\View.php(213): include('APPPATH\\Views\\fitur\\test.php')
 3 SYSTEMPATH\View\View.php(216): CodeIgniter\View\View->CodeIgniter\View\{closure}()
 4 SYSTEMPATH\Common.php(1142): CodeIgniter\View\View->render('fitur/test', [], true)
 5 APPPATH\Controllers\Test.php(46): view('fitur/test', [...])
 6 SYSTEMPATH\CodeIgniter.php(907): App\Controllers\Test->index()
 7 SYSTEMPATH\CodeIgniter.php(457): CodeIgniter\CodeIgniter->runController(Object(App\Controllers\Test))
 8 SYSTEMPATH\CodeIgniter.php(340): CodeIgniter\CodeIgniter->handleRequest(null, Object(Config\Cache), false)
 9 FCPATH\index.php(67): CodeIgniter\CodeIgniter->run()
10 SYSTEMPATH\Commands\Server\rewrite.php(43): require_once('FCPATH\\index.php')
CRITICAL - 2022-09-30 16:02:42 --> Trying to get property 'judul_project' of non-object
in APPPATH\Views\fitur\test.php on line 30.
 1 APPPATH\Views\fitur\test.php(30): CodeIgniter\Debug\Exceptions->errorHandler(8, 'Trying to get property \'judul_project\' of non-object', 'APPPATH\\Views\\fitur\\test.php', 30, [...])
 2 SYSTEMPATH\View\View.php(213): include('APPPATH\\Views\\fitur\\test.php')
 3 SYSTEMPATH\View\View.php(216): CodeIgniter\View\View->CodeIgniter\View\{closure}()
 4 SYSTEMPATH\Common.php(1142): CodeIgniter\View\View->render('fitur/test', [], true)
 5 APPPATH\Controllers\Test.php(46): view('fitur/test', [...])
 6 SYSTEMPATH\CodeIgniter.php(907): App\Controllers\Test->index()
 7 SYSTEMPATH\CodeIgniter.php(457): CodeIgniter\CodeIgniter->runController(Object(App\Controllers\Test))
 8 SYSTEMPATH\CodeIgniter.php(340): CodeIgniter\CodeIgniter->handleRequest(null, Object(Config\Cache), false)
 9 FCPATH\index.php(67): CodeIgniter\CodeIgniter->run()
10 SYSTEMPATH\Commands\Server\rewrite.php(43): require_once('FCPATH\\index.php')
CRITICAL - 2022-09-30 16:03:03 --> Undefined index: nama
in APPPATH\Views\fitur\test.php on line 30.
 1 APPPATH\Views\fitur\test.php(30): CodeIgniter\Debug\Exceptions->errorHandler(8, 'Undefined index: nama', 'APPPATH\\Views\\fitur\\test.php', 30, [...])
 2 SYSTEMPATH\View\View.php(213): include('APPPATH\\Views\\fitur\\test.php')
 3 SYSTEMPATH\View\View.php(216): CodeIgniter\View\View->CodeIgniter\View\{closure}()
 4 SYSTEMPATH\Common.php(1142): CodeIgniter\View\View->render('fitur/test', [], true)
 5 APPPATH\Controllers\Test.php(46): view('fitur/test', [...])
 6 SYSTEMPATH\CodeIgniter.php(907): App\Controllers\Test->index()
 7 SYSTEMPATH\CodeIgniter.php(457): CodeIgniter\CodeIgniter->runController(Object(App\Controllers\Test))
 8 SYSTEMPATH\CodeIgniter.php(340): CodeIgniter\CodeIgniter->handleRequest(null, Object(Config\Cache), false)
 9 FCPATH\index.php(67): CodeIgniter\CodeIgniter->run()
10 SYSTEMPATH\Commands\Server\rewrite.php(43): require_once('FCPATH\\index.php')
CRITICAL - 2022-09-30 16:03:18 --> Trying to get property 'nama' of non-object
in APPPATH\Views\fitur\test.php on line 30.
 1 APPPATH\Views\fitur\test.php(30): CodeIgniter\Debug\Exceptions->errorHandler(8, 'Trying to get property \'nama\' of non-object', 'APPPATH\\Views\\fitur\\test.php', 30, [...])
 2 SYSTEMPATH\View\View.php(213): include('APPPATH\\Views\\fitur\\test.php')
 3 SYSTEMPATH\View\View.php(216): CodeIgniter\View\View->CodeIgniter\View\{closure}()
 4 SYSTEMPATH\Common.php(1142): CodeIgniter\View\View->render('fitur/test', [], true)
 5 APPPATH\Controllers\Test.php(46): view('fitur/test', [...])
 6 SYSTEMPATH\CodeIgniter.php(907): App\Controllers\Test->index()
 7 SYSTEMPATH\CodeIgniter.php(457): CodeIgniter\CodeIgniter->runController(Object(App\Controllers\Test))
 8 SYSTEMPATH\CodeIgniter.php(340): CodeIgniter\CodeIgniter->handleRequest(null, Object(Config\Cache), false)
 9 FCPATH\index.php(67): CodeIgniter\CodeIgniter->run()
10 SYSTEMPATH\Commands\Server\rewrite.php(43): require_once('FCPATH\\index.php')
CRITICAL - 2022-09-30 16:03:31 --> Array to string conversion
in APPPATH\Views\fitur\test.php on line 30.
 1 APPPATH\Views\fitur\test.php(30): CodeIgniter\Debug\Exceptions->errorHandler(8, 'Array to string conversion', 'APPPATH\\Views\\fitur\\test.php', 30, [...])
 2 SYSTEMPATH\View\View.php(213): include('APPPATH\\Views\\fitur\\test.php')
 3 SYSTEMPATH\View\View.php(216): CodeIgniter\View\View->CodeIgniter\View\{closure}()
 4 SYSTEMPATH\Common.php(1142): CodeIgniter\View\View->render('fitur/test', [], true)
 5 APPPATH\Controllers\Test.php(46): view('fitur/test', [...])
 6 SYSTEMPATH\CodeIgniter.php(907): App\Controllers\Test->index()
 7 SYSTEMPATH\CodeIgniter.php(457): CodeIgniter\CodeIgniter->runController(Object(App\Controllers\Test))
 8 SYSTEMPATH\CodeIgniter.php(340): CodeIgniter\CodeIgniter->handleRequest(null, Object(Config\Cache), false)
 9 FCPATH\index.php(67): CodeIgniter\CodeIgniter->run()
10 SYSTEMPATH\Commands\Server\rewrite.php(43): require_once('FCPATH\\index.php')
CRITICAL - 2022-09-30 16:03:59 --> Trying to get property 'id_project' of non-object
in APPPATH\Views\fitur\test.php on line 36.
 1 APPPATH\Views\fitur\test.php(36): CodeIgniter\Debug\Exceptions->errorHandler(8, 'Trying to get property \'id_project\' of non-object', 'APPPATH\\Views\\fitur\\test.php', 36, [...])
 2 SYSTEMPATH\View\View.php(213): include('APPPATH\\Views\\fitur\\test.php')
 3 SYSTEMPATH\View\View.php(216): CodeIgniter\View\View->CodeIgniter\View\{closure}()
 4 SYSTEMPATH\Common.php(1142): CodeIgniter\View\View->render('fitur/test', [], true)
 5 APPPATH\Controllers\Test.php(46): view('fitur/test', [...])
 6 SYSTEMPATH\CodeIgniter.php(907): App\Controllers\Test->index()
 7 SYSTEMPATH\CodeIgniter.php(457): CodeIgniter\CodeIgniter->runController(Object(App\Controllers\Test))
 8 SYSTEMPATH\CodeIgniter.php(340): CodeIgniter\CodeIgniter->handleRequest(null, Object(Config\Cache), false)
 9 FCPATH\index.php(67): CodeIgniter\CodeIgniter->run()
10 SYSTEMPATH\Commands\Server\rewrite.php(43): require_once('FCPATH\\index.php')
CRITICAL - 2022-09-30 16:04:54 --> Undefined index: nama
in APPPATH\Views\fitur\test.php on line 1.
 1 APPPATH\Views\fitur\test.php(1): CodeIgniter\Debug\Exceptions->errorHandler(8, 'Undefined index: nama', 'APPPATH\\Views\\fitur\\test.php', 1, [...])
 2 SYSTEMPATH\View\View.php(213): include('APPPATH\\Views\\fitur\\test.php')
 3 SYSTEMPATH\View\View.php(216): CodeIgniter\View\View->CodeIgniter\View\{closure}()
 4 SYSTEMPATH\Common.php(1142): CodeIgniter\View\View->render('fitur/test', [], true)
 5 APPPATH\Controllers\Test.php(46): view('fitur/test', [...])
 6 SYSTEMPATH\CodeIgniter.php(907): App\Controllers\Test->index()
 7 SYSTEMPATH\CodeIgniter.php(457): CodeIgniter\CodeIgniter->runController(Object(App\Controllers\Test))
 8 SYSTEMPATH\CodeIgniter.php(340): CodeIgniter\CodeIgniter->handleRequest(null, Object(Config\Cache), false)
 9 FCPATH\index.php(67): CodeIgniter\CodeIgniter->run()
10 SYSTEMPATH\Commands\Server\rewrite.php(43): require_once('FCPATH\\index.php')
CRITICAL - 2022-09-30 16:05:39 --> Trying to get property 'nama_project' of non-object
in APPPATH\Views\fitur\test.php on line 36.
 1 APPPATH\Views\fitur\test.php(36): CodeIgniter\Debug\Exceptions->errorHandler(8, 'Trying to get property \'nama_project\' of non-object', 'APPPATH\\Views\\fitur\\test.php', 36, [...])
 2 SYSTEMPATH\View\View.php(213): include('APPPATH\\Views\\fitur\\test.php')
 3 SYSTEMPATH\View\View.php(216): CodeIgniter\View\View->CodeIgniter\View\{closure}()
 4 SYSTEMPATH\Common.php(1142): CodeIgniter\View\View->render('fitur/test', [], true)
 5 APPPATH\Controllers\Test.php(46): view('fitur/test', [...])
 6 SYSTEMPATH\CodeIgniter.php(907): App\Controllers\Test->index()
 7 SYSTEMPATH\CodeIgniter.php(457): CodeIgniter\CodeIgniter->runController(Object(App\Controllers\Test))
 8 SYSTEMPATH\CodeIgniter.php(340): CodeIgniter\CodeIgniter->handleRequest(null, Object(Config\Cache), false)
 9 FCPATH\index.php(67): CodeIgniter\CodeIgniter->run()
10 SYSTEMPATH\Commands\Server\rewrite.php(43): require_once('FCPATH\\index.php')
CRITICAL - 2022-09-30 16:06:54 --> Invalid argument supplied for foreach()
in APPPATH\Controllers\Test.php on line 60.
 1 APPPATH\Controllers\Test.php(60): CodeIgniter\Debug\Exceptions->errorHandler(2, 'Invalid argument supplied for foreach()', 'APPPATH\\Controllers\\Test.php', 60, [...])
 2 SYSTEMPATH\CodeIgniter.php(907): App\Controllers\Test->simpan_aspek()
 3 SYSTEMPATH\CodeIgniter.php(457): CodeIgniter\CodeIgniter->runController(Object(App\Controllers\Test))
 4 SYSTEMPATH\CodeIgniter.php(340): CodeIgniter\CodeIgniter->handleRequest(null, Object(Config\Cache), false)
 5 FCPATH\index.php(67): CodeIgniter\CodeIgniter->run()
 6 SYSTEMPATH\Commands\Server\rewrite.php(43): require_once('FCPATH\\index.php')
CRITICAL - 2022-09-30 16:07:05 --> Invalid argument supplied for foreach()
in APPPATH\Controllers\Test.php on line 60.
 1 APPPATH\Controllers\Test.php(60): CodeIgniter\Debug\Exceptions->errorHandler(2, 'Invalid argument supplied for foreach()', 'APPPATH\\Controllers\\Test.php', 60, [...])
 2 SYSTEMPATH\CodeIgniter.php(907): App\Controllers\Test->simpan_aspek()
 3 SYSTEMPATH\CodeIgniter.php(457): CodeIgniter\CodeIgniter->runController(Object(App\Controllers\Test))
 4 SYSTEMPATH\CodeIgniter.php(340): CodeIgniter\CodeIgniter->handleRequest(null, Object(Config\Cache), false)
 5 FCPATH\index.php(67): CodeIgniter\CodeIgniter->run()
 6 SYSTEMPATH\Commands\Server\rewrite.php(43): require_once('FCPATH\\index.php')
CRITICAL - 2022-09-30 16:08:18 --> Invalid argument supplied for foreach()
in APPPATH\Controllers\Test.php on line 58.
 1 APPPATH\Controllers\Test.php(58): CodeIgniter\Debug\Exceptions->errorHandler(2, 'Invalid argument supplied for foreach()', 'APPPATH\\Controllers\\Test.php', 58, [...])
 2 SYSTEMPATH\CodeIgniter.php(907): App\Controllers\Test->simpan_aspek()
 3 SYSTEMPATH\CodeIgniter.php(457): CodeIgniter\CodeIgniter->runController(Object(App\Controllers\Test))
 4 SYSTEMPATH\CodeIgniter.php(340): CodeIgniter\CodeIgniter->handleRequest(null, Object(Config\Cache), false)
 5 FCPATH\index.php(67): CodeIgniter\CodeIgniter->run()
 6 SYSTEMPATH\Commands\Server\rewrite.php(43): require_once('FCPATH\\index.php')
CRITICAL - 2022-09-30 16:08:42 --> count(): Parameter must be an array or an object that implements Countable
in APPPATH\Controllers\Test.php on line 78.
 1 [internal function]: CodeIgniter\Debug\Exceptions->errorHandler(2, 'count(): Parameter must be an array or an object that implements Countable', 'APPPATH\\Controllers\\Test.php', 78, [...])
 2 APPPATH\Controllers\Test.php(78): count(null)
 3 SYSTEMPATH\CodeIgniter.php(907): App\Controllers\Test->simpan_aspek()
 4 SYSTEMPATH\CodeIgniter.php(457): CodeIgniter\CodeIgniter->runController(Object(App\Controllers\Test))
 5 SYSTEMPATH\CodeIgniter.php(340): CodeIgniter\CodeIgniter->handleRequest(null, Object(Config\Cache), false)
 6 FCPATH\index.php(67): CodeIgniter\CodeIgniter->run()
 7 SYSTEMPATH\Commands\Server\rewrite.php(43): require_once('FCPATH\\index.php')
CRITICAL - 2022-09-30 16:09:01 --> count(): Parameter must be an array or an object that implements Countable
in APPPATH\Controllers\Test.php on line 78.
 1 [internal function]: CodeIgniter\Debug\Exceptions->errorHandler(2, 'count(): Parameter must be an array or an object that implements Countable', 'APPPATH\\Controllers\\Test.php', 78, [...])
 2 APPPATH\Controllers\Test.php(78): count(null)
 3 SYSTEMPATH\CodeIgniter.php(907): App\Controllers\Test->simpan_aspek()
 4 SYSTEMPATH\CodeIgniter.php(457): CodeIgniter\CodeIgniter->runController(Object(App\Controllers\Test))
 5 SYSTEMPATH\CodeIgniter.php(340): CodeIgniter\CodeIgniter->handleRequest(null, Object(Config\Cache), false)
 6 FCPATH\index.php(67): CodeIgniter\CodeIgniter->run()
 7 SYSTEMPATH\Commands\Server\rewrite.php(43): require_once('FCPATH\\index.php')
CRITICAL - 2022-09-30 16:09:51 --> count(): Parameter must be an array or an object that implements Countable
in APPPATH\Controllers\Test.php on line 61.
 1 [internal function]: CodeIgniter\Debug\Exceptions->errorHandler(2, 'count(): Parameter must be an array or an object that implements Countable', 'APPPATH\\Controllers\\Test.php', 61, [...])
 2 APPPATH\Controllers\Test.php(61): count(null)
 3 SYSTEMPATH\CodeIgniter.php(907): App\Controllers\Test->simpan_aspek()
 4 SYSTEMPATH\CodeIgniter.php(457): CodeIgniter\CodeIgniter->runController(Object(App\Controllers\Test))
 5 SYSTEMPATH\CodeIgniter.php(340): CodeIgniter\CodeIgniter->handleRequest(null, Object(Config\Cache), false)
 6 FCPATH\index.php(67): CodeIgniter\CodeIgniter->run()
 7 SYSTEMPATH\Commands\Server\rewrite.php(43): require_once('FCPATH\\index.php')
CRITICAL - 2022-09-30 16:17:38 --> Invalid argument supplied for foreach()
in APPPATH\Controllers\Test.php on line 61.
 1 APPPATH\Controllers\Test.php(61): CodeIgniter\Debug\Exceptions->errorHandler(2, 'Invalid argument supplied for foreach()', 'APPPATH\\Controllers\\Test.php', 61, [...])
 2 SYSTEMPATH\CodeIgniter.php(907): App\Controllers\Test->simpan_aspek()
 3 SYSTEMPATH\CodeIgniter.php(457): CodeIgniter\CodeIgniter->runController(Object(App\Controllers\Test))
 4 SYSTEMPATH\CodeIgniter.php(340): CodeIgniter\CodeIgniter->handleRequest(null, Object(Config\Cache), false)
 5 FCPATH\index.php(67): CodeIgniter\CodeIgniter->run()
 6 SYSTEMPATH\Commands\Server\rewrite.php(43): require_once('FCPATH\\index.php')
CRITICAL - 2022-09-30 16:24:33 --> syntax error, unexpected ')'
in APPPATH\Controllers\Test.php on line 55.
 1 SYSTEMPATH\Autoloader\Autoloader.php(259): CodeIgniter\Autoloader\Autoloader->includeFile('APPPATH\\Controllers\\Test.php')
 2 SYSTEMPATH\Autoloader\Autoloader.php(237): CodeIgniter\Autoloader\Autoloader->loadInNamespace('App\\Controllers\\Test')
 3 [internal function]: CodeIgniter\Autoloader\Autoloader->loadClass('App\\Controllers\\Test')
 4 [internal function]: spl_autoload_call('App\\Controllers\\Test')
 5 SYSTEMPATH\CodeIgniter.php(857): class_exists('\\App\\Controllers\\Test', true)
 6 SYSTEMPATH\CodeIgniter.php(444): CodeIgniter\CodeIgniter->startController()
 7 SYSTEMPATH\CodeIgniter.php(340): CodeIgniter\CodeIgniter->handleRequest(null, Object(Config\Cache), false)
 8 FCPATH\index.php(67): CodeIgniter\CodeIgniter->run()
 9 SYSTEMPATH\Commands\Server\rewrite.php(43): require_once('FCPATH\\index.php')
CRITICAL - 2022-09-30 16:24:33 --> syntax error, unexpected ')'
in APPPATH\Controllers\Test.php on line 55.
 1 SYSTEMPATH\Autoloader\Autoloader.php(259): CodeIgniter\Autoloader\Autoloader->includeFile('APPPATH\\Controllers\\Test.php')
 2 SYSTEMPATH\Autoloader\Autoloader.php(237): CodeIgniter\Autoloader\Autoloader->loadInNamespace('App\\Controllers\\Test')
 3 [internal function]: CodeIgniter\Autoloader\Autoloader->loadClass('App\\Controllers\\Test')
 4 [internal function]: spl_autoload_call('App\\Controllers\\Test')
 5 SYSTEMPATH\CodeIgniter.php(857): class_exists('\\App\\Controllers\\Test', true)
 6 SYSTEMPATH\CodeIgniter.php(444): CodeIgniter\CodeIgniter->startController()
 7 SYSTEMPATH\CodeIgniter.php(340): CodeIgniter\CodeIgniter->handleRequest(null, Object(Config\Cache), false)
 8 FCPATH\index.php(67): CodeIgniter\CodeIgniter->run()
 9 SYSTEMPATH\Commands\Server\rewrite.php(43): require_once('FCPATH\\index.php')
CRITICAL - 2022-09-30 16:28:44 --> Undefined variable: data
in APPPATH\Controllers\Test.php on line 66.
 1 APPPATH\Controllers\Test.php(66): CodeIgniter\Debug\Exceptions->errorHandler(8, 'Undefined variable: data', 'APPPATH\\Controllers\\Test.php', 66, [...])
 2 SYSTEMPATH\CodeIgniter.php(907): App\Controllers\Test->simpan_aspek()
 3 SYSTEMPATH\CodeIgniter.php(457): CodeIgniter\CodeIgniter->runController(Object(App\Controllers\Test))
 4 SYSTEMPATH\CodeIgniter.php(340): CodeIgniter\CodeIgniter->handleRequest(null, Object(Config\Cache), false)
 5 FCPATH\index.php(67): CodeIgniter\CodeIgniter->run()
 6 SYSTEMPATH\Commands\Server\rewrite.php(43): require_once('FCPATH\\index.php')
ERROR - 2022-09-30 16:42:10 --> mysqli_sql_exception: Unknown column 'project_id' in 'field list' in E:\laragon\www\p5bk\system\Database\MySQLi\Connection.php:292
Stack trace:
#0 E:\laragon\www\p5bk\system\Database\MySQLi\Connection.php(292): mysqli->query('INSERT INTO `as...', 0)
#1 E:\laragon\www\p5bk\system\Database\BaseConnection.php(693): CodeIgniter\Database\MySQLi\Connection->execute('INSERT INTO `as...')
#2 E:\laragon\www\p5bk\system\Database\BaseConnection.php(620): CodeIgniter\Database\BaseConnection->simpleQuery('INSERT INTO `as...')
#3 E:\laragon\www\p5bk\system\Database\BaseBuilder.php(1778): CodeIgniter\Database\BaseConnection->query('INSERT INTO `as...', NULL, false)
#4 E:\laragon\www\p5bk\app\Controllers\Test.php(91): CodeIgniter\Database\BaseBuilder->insertBatch(Array)
#5 E:\laragon\www\p5bk\system\CodeIgniter.php(907): App\Controllers\Test->simpan_aspek()
#6 E:\laragon\www\p5bk\system\CodeIgniter.php(457): CodeIgniter\CodeIgniter->runController(Object(App\Controllers\Test))
#7 E:\laragon\www\p5bk\system\CodeIgniter.php(340): CodeIgniter\CodeIgniter->handleRequest(NULL, Object(Config\Cache), false)
#8 E:\laragon\www\p5bk\public\index.php(67): CodeIgniter\CodeIgniter->run()
#9 E:\laragon\www\p5bk\system\Commands\Server\rewrite.php(43): require_once('E:\\laragon\\www\\...')
#10 {main}
CRITICAL - 2022-09-30 16:42:10 --> Unknown column 'project_id' in 'field list'
in SYSTEMPATH\Database\MySQLi\Connection.php on line 292.
 1 SYSTEMPATH\Database\MySQLi\Connection.php(292): mysqli->query('INSERT INTO `aspek_penilaian` (`dimensi_id`, `project_id`) VALUES (\'1\',\'1\'), (\'3\',\'1\')', 0)
 2 SYSTEMPATH\Database\BaseConnection.php(693): CodeIgniter\Database\MySQLi\Connection->execute('INSERT INTO `aspek_penilaian` (`dimensi_id`, `project_id`) VALUES (\'1\',\'1\'), (\'3\',\'1\')')
 3 SYSTEMPATH\Database\BaseConnection.php(620): CodeIgniter\Database\BaseConnection->simpleQuery('INSERT INTO `aspek_penilaian` (`dimensi_id`, `project_id`) VALUES (\'1\',\'1\'), (\'3\',\'1\')')
 4 SYSTEMPATH\Database\BaseBuilder.php(1778): CodeIgniter\Database\BaseConnection->query('INSERT INTO `aspek_penilaian` (`dimensi_id`, `project_id`) VALUES (\'1\',\'1\'), (\'3\',\'1\')', null, false)
 5 APPPATH\Controllers\Test.php(91): CodeIgniter\Database\BaseBuilder->insertBatch([...])
 6 SYSTEMPATH\CodeIgniter.php(907): App\Controllers\Test->simpan_aspek()
 7 SYSTEMPATH\CodeIgniter.php(457): CodeIgniter\CodeIgniter->runController(Object(App\Controllers\Test))
 8 SYSTEMPATH\CodeIgniter.php(340): CodeIgniter\CodeIgniter->handleRequest(null, Object(Config\Cache), false)
 9 FCPATH\index.php(67): CodeIgniter\CodeIgniter->run()
10 SYSTEMPATH\Commands\Server\rewrite.php(43): require_once('FCPATH\\index.php')
CRITICAL - 2022-09-30 17:22:02 --> Undefined index: kelas_nama
in APPPATH\Views\fitur\perencanaan.php on line 42.
 1 APPPATH\Views\fitur\perencanaan.php(42): CodeIgniter\Debug\Exceptions->errorHandler(8, 'Undefined index: kelas_nama', 'APPPATH\\Views\\fitur\\perencanaan.php', 42, [...])
 2 SYSTEMPATH\View\View.php(213): include('APPPATH\\Views\\fitur\\perencanaan.php')
 3 SYSTEMPATH\View\View.php(216): CodeIgniter\View\View->CodeIgniter\View\{closure}()
 4 SYSTEMPATH\Common.php(1142): CodeIgniter\View\View->render('fitur/perencanaan', [], true)
 5 APPPATH\Controllers\P5bk.php(42): view('fitur/perencanaan', [...])
 6 SYSTEMPATH\CodeIgniter.php(907): App\Controllers\P5bk->index()
 7 SYSTEMPATH\CodeIgniter.php(457): CodeIgniter\CodeIgniter->runController(Object(App\Controllers\P5bk))
 8 SYSTEMPATH\CodeIgniter.php(340): CodeIgniter\CodeIgniter->handleRequest(null, Object(Config\Cache), false)
 9 FCPATH\index.php(67): CodeIgniter\CodeIgniter->run()
10 SYSTEMPATH\Commands\Server\rewrite.php(43): require_once('FCPATH\\index.php')
ERROR - 2022-09-30 17:24:44 --> mysqli_sql_exception: Unknown column 'tb_kelas.kelas_id' in 'field list' in E:\laragon\www\p5bk\system\Database\MySQLi\Connection.php:292
Stack trace:
#0 E:\laragon\www\p5bk\system\Database\MySQLi\Connection.php(292): mysqli->query('SELECT `tb_kela...', 0)
#1 E:\laragon\www\p5bk\system\Database\BaseConnection.php(693): CodeIgniter\Database\MySQLi\Connection->execute('SELECT `tb_kela...')
#2 E:\laragon\www\p5bk\system\Database\BaseConnection.php(620): CodeIgniter\Database\BaseConnection->simpleQuery('SELECT `tb_kela...')
#3 E:\laragon\www\p5bk\system\Database\BaseBuilder.php(1585): CodeIgniter\Database\BaseConnection->query('SELECT `tb_kela...', Array, false)
#4 E:\laragon\www\p5bk\app\Controllers\P5bk.php(30): CodeIgniter\Database\BaseBuilder->get()
#5 E:\laragon\www\p5bk\system\CodeIgniter.php(907): App\Controllers\P5bk->index()
#6 E:\laragon\www\p5bk\system\CodeIgniter.php(457): CodeIgniter\CodeIgniter->runController(Object(App\Controllers\P5bk))
#7 E:\laragon\www\p5bk\system\CodeIgniter.php(340): CodeIgniter\CodeIgniter->handleRequest(NULL, Object(Config\Cache), false)
#8 E:\laragon\www\p5bk\public\index.php(67): CodeIgniter\CodeIgniter->run()
#9 E:\laragon\www\p5bk\system\Commands\Server\rewrite.php(43): require_once('E:\\laragon\\www\\...')
#10 {main}
CRITICAL - 2022-09-30 17:24:44 --> Unknown column 'tb_kelas.kelas_id' in 'field list'
in SYSTEMPATH\Database\MySQLi\Connection.php on line 292.
 1 SYSTEMPATH\Database\MySQLi\Connection.php(292): mysqli->query('SELECT `tb_kelas`.`kelas_id`, `tb_kelas`.`kelas_nama`
FROM `rencana_budaya_kerja`
GROUP BY `rencana_budaya_kerja`.`rencana_id`', 0)
 2 SYSTEMPATH\Database\BaseConnection.php(693): CodeIgniter\Database\MySQLi\Connection->execute('SELECT `tb_kelas`.`kelas_id`, `tb_kelas`.`kelas_nama`
FROM `rencana_budaya_kerja`
GROUP BY `rencana_budaya_kerja`.`rencana_id`')
 3 SYSTEMPATH\Database\BaseConnection.php(620): CodeIgniter\Database\BaseConnection->simpleQuery('SELECT `tb_kelas`.`kelas_id`, `tb_kelas`.`kelas_nama`
FROM `rencana_budaya_kerja`
GROUP BY `rencana_budaya_kerja`.`rencana_id`')
 4 SYSTEMPATH\Database\BaseBuilder.php(1585): CodeIgniter\Database\BaseConnection->query('SELECT `tb_kelas`.`kelas_id`, `tb_kelas`.`kelas_nama`
FROM `rencana_budaya_kerja`
GROUP BY `rencana_budaya_kerja`.`rencana_id`', [], false)
 5 APPPATH\Controllers\P5bk.php(30): CodeIgniter\Database\BaseBuilder->get()
 6 SYSTEMPATH\CodeIgniter.php(907): App\Controllers\P5bk->index()
 7 SYSTEMPATH\CodeIgniter.php(457): CodeIgniter\CodeIgniter->runController(Object(App\Controllers\P5bk))
 8 SYSTEMPATH\CodeIgniter.php(340): CodeIgniter\CodeIgniter->handleRequest(null, Object(Config\Cache), false)
 9 FCPATH\index.php(67): CodeIgniter\CodeIgniter->run()
10 SYSTEMPATH\Commands\Server\rewrite.php(43): require_once('FCPATH\\index.php')
CRITICAL - 2022-09-30 17:25:22 --> Undefined index: dimensi
in APPPATH\Views\fitur\perencanaan.php on line 45.
 1 APPPATH\Views\fitur\perencanaan.php(45): CodeIgniter\Debug\Exceptions->errorHandler(8, 'Undefined index: dimensi', 'APPPATH\\Views\\fitur\\perencanaan.php', 45, [...])
 2 SYSTEMPATH\View\View.php(213): include('APPPATH\\Views\\fitur\\perencanaan.php')
 3 SYSTEMPATH\View\View.php(216): CodeIgniter\View\View->CodeIgniter\View\{closure}()
 4 SYSTEMPATH\Common.php(1142): CodeIgniter\View\View->render('fitur/perencanaan', [], true)
 5 APPPATH\Controllers\P5bk.php(43): view('fitur/perencanaan', [...])
 6 SYSTEMPATH\CodeIgniter.php(907): App\Controllers\P5bk->index()
 7 SYSTEMPATH\CodeIgniter.php(457): CodeIgniter\CodeIgniter->runController(Object(App\Controllers\P5bk))
 8 SYSTEMPATH\CodeIgniter.php(340): CodeIgniter\CodeIgniter->handleRequest(null, Object(Config\Cache), false)
 9 FCPATH\index.php(67): CodeIgniter\CodeIgniter->run()
10 SYSTEMPATH\Commands\Server\rewrite.php(43): require_once('FCPATH\\index.php')
CRITICAL - 2022-09-30 17:26:37 --> Undefined index: dimensi
in APPPATH\Views\fitur\perencanaan.php on line 45.
 1 APPPATH\Views\fitur\perencanaan.php(45): CodeIgniter\Debug\Exceptions->errorHandler(8, 'Undefined index: dimensi', 'APPPATH\\Views\\fitur\\perencanaan.php', 45, [...])
 2 SYSTEMPATH\View\View.php(213): include('APPPATH\\Views\\fitur\\perencanaan.php')
 3 SYSTEMPATH\View\View.php(216): CodeIgniter\View\View->CodeIgniter\View\{closure}()
 4 SYSTEMPATH\Common.php(1142): CodeIgniter\View\View->render('fitur/perencanaan', [], true)
 5 APPPATH\Controllers\P5bk.php(43): view('fitur/perencanaan', [...])
 6 SYSTEMPATH\CodeIgniter.php(907): App\Controllers\P5bk->index()
 7 SYSTEMPATH\CodeIgniter.php(457): CodeIgniter\CodeIgniter->runController(Object(App\Controllers\P5bk))
 8 SYSTEMPATH\CodeIgniter.php(340): CodeIgniter\CodeIgniter->handleRequest(null, Object(Config\Cache), false)
 9 FCPATH\index.php(67): CodeIgniter\CodeIgniter->run()
10 SYSTEMPATH\Commands\Server\rewrite.php(43): require_once('FCPATH\\index.php')
CRITICAL - 2022-09-30 17:29:36 --> Undefined property: CodeIgniter\Database\MySQLi\Builder::$DB
in APPPATH\Controllers\P5bk.php on line 33.
 1 APPPATH\Controllers\P5bk.php(33): CodeIgniter\Debug\Exceptions->errorHandler(8, 'Undefined property: CodeIgniter\\Database\\MySQLi\\Builder::$DB', 'APPPATH\\Controllers\\P5bk.php', 33, [...])
 2 SYSTEMPATH\CodeIgniter.php(907): App\Controllers\P5bk->index()
 3 SYSTEMPATH\CodeIgniter.php(457): CodeIgniter\CodeIgniter->runController(Object(App\Controllers\P5bk))
 4 SYSTEMPATH\CodeIgniter.php(340): CodeIgniter\CodeIgniter->handleRequest(null, Object(Config\Cache), false)
 5 FCPATH\index.php(67): CodeIgniter\CodeIgniter->run()
 6 SYSTEMPATH\Commands\Server\rewrite.php(43): require_once('FCPATH\\index.php')
ERROR - 2022-09-30 17:34:34 --> mysqli_sql_exception: Column 'rencana_id' in group statement is ambiguous in E:\laragon\www\p5bk\system\Database\MySQLi\Connection.php:292
Stack trace:
#0 E:\laragon\www\p5bk\system\Database\MySQLi\Connection.php(292): mysqli->query('SELECT COUNT(di...', 0)
#1 E:\laragon\www\p5bk\system\Database\BaseConnection.php(693): CodeIgniter\Database\MySQLi\Connection->execute('SELECT COUNT(di...')
#2 E:\laragon\www\p5bk\system\Database\BaseConnection.php(620): CodeIgniter\Database\BaseConnection->simpleQuery('SELECT COUNT(di...')
#3 E:\laragon\www\p5bk\system\Database\BaseBuilder.php(1585): CodeIgniter\Database\BaseConnection->query('SELECT COUNT(di...', Array, false)
#4 E:\laragon\www\p5bk\app\Controllers\P5bk.php(36): CodeIgniter\Database\BaseBuilder->get()
#5 E:\laragon\www\p5bk\system\CodeIgniter.php(907): App\Controllers\P5bk->index()
#6 E:\laragon\www\p5bk\system\CodeIgniter.php(457): CodeIgniter\CodeIgniter->runController(Object(App\Controllers\P5bk))
#7 E:\laragon\www\p5bk\system\CodeIgniter.php(340): CodeIgniter\CodeIgniter->handleRequest(NULL, Object(Config\Cache), false)
#8 E:\laragon\www\p5bk\public\index.php(67): CodeIgniter\CodeIgniter->run()
#9 E:\laragon\www\p5bk\system\Commands\Server\rewrite.php(43): require_once('E:\\laragon\\www\\...')
#10 {main}
CRITICAL - 2022-09-30 17:34:34 --> Column 'rencana_id' in group statement is ambiguous
in SYSTEMPATH\Database\MySQLi\Connection.php on line 292.
 1 SYSTEMPATH\Database\MySQLi\Connection.php(292): mysqli->query('SELECT COUNT(dimensi_id) as dimensi
FROM `aspek_penilaian`
JOIN `rencana_budaya_kerja` ON `rencana_budaya_kerja`.`rencana_id` = `aspek_penilaian`.`rencana_id`
GROUP BY `rencana_id`', 0)
 2 SYSTEMPATH\Database\BaseConnection.php(693): CodeIgniter\Database\MySQLi\Connection->execute('SELECT COUNT(dimensi_id) as dimensi
FROM `aspek_penilaian`
JOIN `rencana_budaya_kerja` ON `rencana_budaya_kerja`.`rencana_id` = `aspek_penilaian`.`rencana_id`
GROUP BY `rencana_id`')
 3 SYSTEMPATH\Database\BaseConnection.php(620): CodeIgniter\Database\BaseConnection->simpleQuery('SELECT COUNT(dimensi_id) as dimensi
FROM `aspek_penilaian`
JOIN `rencana_budaya_kerja` ON `rencana_budaya_kerja`.`rencana_id` = `aspek_penilaian`.`rencana_id`
GROUP BY `rencana_id`')
 4 SYSTEMPATH\Database\BaseBuilder.php(1585): CodeIgniter\Database\BaseConnection->query('SELECT COUNT(dimensi_id) as dimensi
FROM `aspek_penilaian`
JOIN `rencana_budaya_kerja` ON `rencana_budaya_kerja`.`rencana_id` = `aspek_penilaian`.`rencana_id`
GROUP BY `rencana_id`', [], false)
 5 APPPATH\Controllers\P5bk.php(36): CodeIgniter\Database\BaseBuilder->get()
 6 SYSTEMPATH\CodeIgniter.php(907): App\Controllers\P5bk->index()
 7 SYSTEMPATH\CodeIgniter.php(457): CodeIgniter\CodeIgniter->runController(Object(App\Controllers\P5bk))
 8 SYSTEMPATH\CodeIgniter.php(340): CodeIgniter\CodeIgniter->handleRequest(null, Object(Config\Cache), false)
 9 FCPATH\index.php(67): CodeIgniter\CodeIgniter->run()
10 SYSTEMPATH\Commands\Server\rewrite.php(43): require_once('FCPATH\\index.php')
ERROR - 2022-09-30 17:35:32 --> mysqli_sql_exception: You have an error in your SQL syntax; check the manual that corresponds to your MySQL server version for the right syntax to use near 'as `id`' at line 4 in E:\laragon\www\p5bk\system\Database\MySQLi\Connection.php:292
Stack trace:
#0 E:\laragon\www\p5bk\system\Database\MySQLi\Connection.php(292): mysqli->query('SELECT COUNT(di...', 0)
#1 E:\laragon\www\p5bk\system\Database\BaseConnection.php(693): CodeIgniter\Database\MySQLi\Connection->execute('SELECT COUNT(di...')
#2 E:\laragon\www\p5bk\system\Database\BaseConnection.php(620): CodeIgniter\Database\BaseConnection->simpleQuery('SELECT COUNT(di...')
#3 E:\laragon\www\p5bk\system\Database\BaseBuilder.php(1585): CodeIgniter\Database\BaseConnection->query('SELECT COUNT(di...', Array, false)
#4 E:\laragon\www\p5bk\app\Controllers\P5bk.php(36): CodeIgniter\Database\BaseBuilder->get()
#5 E:\laragon\www\p5bk\system\CodeIgniter.php(907): App\Controllers\P5bk->index()
#6 E:\laragon\www\p5bk\system\CodeIgniter.php(457): CodeIgniter\CodeIgniter->runController(Object(App\Controllers\P5bk))
#7 E:\laragon\www\p5bk\system\CodeIgniter.php(340): CodeIgniter\CodeIgniter->handleRequest(NULL, Object(Config\Cache), false)
#8 E:\laragon\www\p5bk\public\index.php(67): CodeIgniter\CodeIgniter->run()
#9 E:\laragon\www\p5bk\system\Commands\Server\rewrite.php(43): require_once('E:\\laragon\\www\\...')
#10 {main}
CRITICAL - 2022-09-30 17:35:32 --> You have an error in your SQL syntax; check the manual that corresponds to your MySQL server version for the right syntax to use near 'as `id`' at line 4
in SYSTEMPATH\Database\MySQLi\Connection.php on line 292.
 1 SYSTEMPATH\Database\MySQLi\Connection.php(292): mysqli->query('SELECT COUNT(dimensi_id) as dimensi
FROM `aspek_penilaian`
JOIN `rencana_budaya_kerja` ON `rencana_budaya_kerja`.`rencana_id` = `aspek_penilaian`.`rencana_id`
GROUP BY `rencana_id` as `id`', 0)
 2 SYSTEMPATH\Database\BaseConnection.php(693): CodeIgniter\Database\MySQLi\Connection->execute('SELECT COUNT(dimensi_id) as dimensi
FROM `aspek_penilaian`
JOIN `rencana_budaya_kerja` ON `rencana_budaya_kerja`.`rencana_id` = `aspek_penilaian`.`rencana_id`
GROUP BY `rencana_id` as `id`')
 3 SYSTEMPATH\Database\BaseConnection.php(620): CodeIgniter\Database\BaseConnection->simpleQuery('SELECT COUNT(dimensi_id) as dimensi
FROM `aspek_penilaian`
JOIN `rencana_budaya_kerja` ON `rencana_budaya_kerja`.`rencana_id` = `aspek_penilaian`.`rencana_id`
GROUP BY `rencana_id` as `id`')
 4 SYSTEMPATH\Database\BaseBuilder.php(1585): CodeIgniter\Database\BaseConnection->query('SELECT COUNT(dimensi_id) as dimensi
FROM `aspek_penilaian`
JOIN `rencana_budaya_kerja` ON `rencana_budaya_kerja`.`rencana_id` = `aspek_penilaian`.`rencana_id`
GROUP BY `rencana_id` as `id`', [], false)
 5 APPPATH\Controllers\P5bk.php(36): CodeIgniter\Database\BaseBuilder->get()
 6 SYSTEMPATH\CodeIgniter.php(907): App\Controllers\P5bk->index()
 7 SYSTEMPATH\CodeIgniter.php(457): CodeIgniter\CodeIgniter->runController(Object(App\Controllers\P5bk))
 8 SYSTEMPATH\CodeIgniter.php(340): CodeIgniter\CodeIgniter->handleRequest(null, Object(Config\Cache), false)
 9 FCPATH\index.php(67): CodeIgniter\CodeIgniter->run()
10 SYSTEMPATH\Commands\Server\rewrite.php(43): require_once('FCPATH\\index.php')
ERROR - 2022-09-30 17:36:10 --> mysqli_sql_exception: Column 'rencana_id' in group statement is ambiguous in E:\laragon\www\p5bk\system\Database\MySQLi\Connection.php:292
Stack trace:
#0 E:\laragon\www\p5bk\system\Database\MySQLi\Connection.php(292): mysqli->query('SELECT COUNT(di...', 0)
#1 E:\laragon\www\p5bk\system\Database\BaseConnection.php(693): CodeIgniter\Database\MySQLi\Connection->execute('SELECT COUNT(di...')
#2 E:\laragon\www\p5bk\system\Database\BaseConnection.php(620): CodeIgniter\Database\BaseConnection->simpleQuery('SELECT COUNT(di...')
#3 E:\laragon\www\p5bk\system\Database\BaseBuilder.php(1585): CodeIgniter\Database\BaseConnection->query('SELECT COUNT(di...', Array, false)
#4 E:\laragon\www\p5bk\app\Controllers\P5bk.php(36): CodeIgniter\Database\BaseBuilder->get()
#5 E:\laragon\www\p5bk\system\CodeIgniter.php(907): App\Controllers\P5bk->index()
#6 E:\laragon\www\p5bk\system\CodeIgniter.php(457): CodeIgniter\CodeIgniter->runController(Object(App\Controllers\P5bk))
#7 E:\laragon\www\p5bk\system\CodeIgniter.php(340): CodeIgniter\CodeIgniter->handleRequest(NULL, Object(Config\Cache), false)
#8 E:\laragon\www\p5bk\public\index.php(67): CodeIgniter\CodeIgniter->run()
#9 E:\laragon\www\p5bk\system\Commands\Server\rewrite.php(43): require_once('E:\\laragon\\www\\...')
#10 {main}
CRITICAL - 2022-09-30 17:36:10 --> Column 'rencana_id' in group statement is ambiguous
in SYSTEMPATH\Database\MySQLi\Connection.php on line 292.
 1 SYSTEMPATH\Database\MySQLi\Connection.php(292): mysqli->query('SELECT COUNT(dimensi_id) as dimensi
FROM `aspek_penilaian`
JOIN `rencana_budaya_kerja` ON `rencana_budaya_kerja`.`rencana_id` = `aspek_penilaian`.`rencana_id`
GROUP BY `rencana_id`', 0)
 2 SYSTEMPATH\Database\BaseConnection.php(693): CodeIgniter\Database\MySQLi\Connection->execute('SELECT COUNT(dimensi_id) as dimensi
FROM `aspek_penilaian`
JOIN `rencana_budaya_kerja` ON `rencana_budaya_kerja`.`rencana_id` = `aspek_penilaian`.`rencana_id`
GROUP BY `rencana_id`')
 3 SYSTEMPATH\Database\BaseConnection.php(620): CodeIgniter\Database\BaseConnection->simpleQuery('SELECT COUNT(dimensi_id) as dimensi
FROM `aspek_penilaian`
JOIN `rencana_budaya_kerja` ON `rencana_budaya_kerja`.`rencana_id` = `aspek_penilaian`.`rencana_id`
GROUP BY `rencana_id`')
 4 SYSTEMPATH\Database\BaseBuilder.php(1585): CodeIgniter\Database\BaseConnection->query('SELECT COUNT(dimensi_id) as dimensi
FROM `aspek_penilaian`
JOIN `rencana_budaya_kerja` ON `rencana_budaya_kerja`.`rencana_id` = `aspek_penilaian`.`rencana_id`
GROUP BY `rencana_id`', [], false)
 5 APPPATH\Controllers\P5bk.php(36): CodeIgniter\Database\BaseBuilder->get()
 6 SYSTEMPATH\CodeIgniter.php(907): App\Controllers\P5bk->index()
 7 SYSTEMPATH\CodeIgniter.php(457): CodeIgniter\CodeIgniter->runController(Object(App\Controllers\P5bk))
 8 SYSTEMPATH\CodeIgniter.php(340): CodeIgniter\CodeIgniter->handleRequest(null, Object(Config\Cache), false)
 9 FCPATH\index.php(67): CodeIgniter\CodeIgniter->run()
10 SYSTEMPATH\Commands\Server\rewrite.php(43): require_once('FCPATH\\index.php')
CRITICAL - 2022-09-30 17:36:42 --> Undefined index: dimensi
in APPPATH\Views\fitur\perencanaan.php on line 45.
 1 APPPATH\Views\fitur\perencanaan.php(45): CodeIgniter\Debug\Exceptions->errorHandler(8, 'Undefined index: dimensi', 'APPPATH\\Views\\fitur\\perencanaan.php', 45, [...])
 2 SYSTEMPATH\View\View.php(213): include('APPPATH\\Views\\fitur\\perencanaan.php')
 3 SYSTEMPATH\View\View.php(216): CodeIgniter\View\View->CodeIgniter\View\{closure}()
 4 SYSTEMPATH\Common.php(1142): CodeIgniter\View\View->render('fitur/perencanaan', [], true)
 5 APPPATH\Controllers\P5bk.php(53): view('fitur/perencanaan', [...])
 6 SYSTEMPATH\CodeIgniter.php(907): App\Controllers\P5bk->index()
 7 SYSTEMPATH\CodeIgniter.php(457): CodeIgniter\CodeIgniter->runController(Object(App\Controllers\P5bk))
 8 SYSTEMPATH\CodeIgniter.php(340): CodeIgniter\CodeIgniter->handleRequest(null, Object(Config\Cache), false)
 9 FCPATH\index.php(67): CodeIgniter\CodeIgniter->run()
10 SYSTEMPATH\Commands\Server\rewrite.php(43): require_once('FCPATH\\index.php')
CRITICAL - 2022-09-30 17:40:13 --> Undefined variable: s
in APPPATH\Controllers\P5bk.php on line 41.
 1 APPPATH\Controllers\P5bk.php(41): CodeIgniter\Debug\Exceptions->errorHandler(8, 'Undefined variable: s', 'APPPATH\\Controllers\\P5bk.php', 41, [...])
 2 SYSTEMPATH\CodeIgniter.php(907): App\Controllers\P5bk->index()
 3 SYSTEMPATH\CodeIgniter.php(457): CodeIgniter\CodeIgniter->runController(Object(App\Controllers\P5bk))
 4 SYSTEMPATH\CodeIgniter.php(340): CodeIgniter\CodeIgniter->handleRequest(null, Object(Config\Cache), false)
 5 FCPATH\index.php(67): CodeIgniter\CodeIgniter->run()
 6 SYSTEMPATH\Commands\Server\rewrite.php(43): require_once('FCPATH\\index.php')
CRITICAL - 2022-09-30 17:40:37 --> Undefined variable: a
in APPPATH\Views\fitur\perencanaan.php on line 45.
 1 APPPATH\Views\fitur\perencanaan.php(45): CodeIgniter\Debug\Exceptions->errorHandler(8, 'Undefined variable: a', 'APPPATH\\Views\\fitur\\perencanaan.php', 45, [...])
 2 SYSTEMPATH\View\View.php(213): include('APPPATH\\Views\\fitur\\perencanaan.php')
 3 SYSTEMPATH\View\View.php(216): CodeIgniter\View\View->CodeIgniter\View\{closure}()
 4 SYSTEMPATH\Common.php(1142): CodeIgniter\View\View->render('fitur/perencanaan', [], true)
 5 APPPATH\Controllers\P5bk.php(44): view('fitur/perencanaan', [...])
 6 SYSTEMPATH\CodeIgniter.php(907): App\Controllers\P5bk->index()
 7 SYSTEMPATH\CodeIgniter.php(457): CodeIgniter\CodeIgniter->runController(Object(App\Controllers\P5bk))
 8 SYSTEMPATH\CodeIgniter.php(340): CodeIgniter\CodeIgniter->handleRequest(null, Object(Config\Cache), false)
 9 FCPATH\index.php(67): CodeIgniter\CodeIgniter->run()
10 SYSTEMPATH\Commands\Server\rewrite.php(43): require_once('FCPATH\\index.php')
CRITICAL - 2022-09-30 17:40:45 --> Undefined index: dimensi
in APPPATH\Views\fitur\perencanaan.php on line 45.
 1 APPPATH\Views\fitur\perencanaan.php(45): CodeIgniter\Debug\Exceptions->errorHandler(8, 'Undefined index: dimensi', 'APPPATH\\Views\\fitur\\perencanaan.php', 45, [...])
 2 SYSTEMPATH\View\View.php(213): include('APPPATH\\Views\\fitur\\perencanaan.php')
 3 SYSTEMPATH\View\View.php(216): CodeIgniter\View\View->CodeIgniter\View\{closure}()
 4 SYSTEMPATH\Common.php(1142): CodeIgniter\View\View->render('fitur/perencanaan', [], true)
 5 APPPATH\Controllers\P5bk.php(44): view('fitur/perencanaan', [...])
 6 SYSTEMPATH\CodeIgniter.php(907): App\Controllers\P5bk->index()
 7 SYSTEMPATH\CodeIgniter.php(457): CodeIgniter\CodeIgniter->runController(Object(App\Controllers\P5bk))
 8 SYSTEMPATH\CodeIgniter.php(340): CodeIgniter\CodeIgniter->handleRequest(null, Object(Config\Cache), false)
 9 FCPATH\index.php(67): CodeIgniter\CodeIgniter->run()
10 SYSTEMPATH\Commands\Server\rewrite.php(43): require_once('FCPATH\\index.php')
CRITICAL - 2022-09-30 17:40:47 --> Undefined index: dimensi
in APPPATH\Views\fitur\perencanaan.php on line 45.
 1 APPPATH\Views\fitur\perencanaan.php(45): CodeIgniter\Debug\Exceptions->errorHandler(8, 'Undefined index: dimensi', 'APPPATH\\Views\\fitur\\perencanaan.php', 45, [...])
 2 SYSTEMPATH\View\View.php(213): include('APPPATH\\Views\\fitur\\perencanaan.php')
 3 SYSTEMPATH\View\View.php(216): CodeIgniter\View\View->CodeIgniter\View\{closure}()
 4 SYSTEMPATH\Common.php(1142): CodeIgniter\View\View->render('fitur/perencanaan', [], true)
 5 APPPATH\Controllers\P5bk.php(44): view('fitur/perencanaan', [...])
 6 SYSTEMPATH\CodeIgniter.php(907): App\Controllers\P5bk->index()
 7 SYSTEMPATH\CodeIgniter.php(457): CodeIgniter\CodeIgniter->runController(Object(App\Controllers\P5bk))
 8 SYSTEMPATH\CodeIgniter.php(340): CodeIgniter\CodeIgniter->handleRequest(null, Object(Config\Cache), false)
 9 FCPATH\index.php(67): CodeIgniter\CodeIgniter->run()
10 SYSTEMPATH\Commands\Server\rewrite.php(43): require_once('FCPATH\\index.php')
ERROR - 2022-09-30 17:48:37 --> mysqli_sql_exception: Unknown column 'aspek_penilaian.dimensi_id' in 'field list' in E:\laragon\www\p5bk\system\Database\MySQLi\Connection.php:292
Stack trace:
#0 E:\laragon\www\p5bk\system\Database\MySQLi\Connection.php(292): mysqli->query('SELECT `rencana...', 0)
#1 E:\laragon\www\p5bk\system\Database\BaseConnection.php(693): CodeIgniter\Database\MySQLi\Connection->execute('SELECT `rencana...')
#2 E:\laragon\www\p5bk\system\Database\BaseConnection.php(620): CodeIgniter\Database\BaseConnection->simpleQuery('SELECT `rencana...')
#3 E:\laragon\www\p5bk\system\Database\BaseBuilder.php(1585): CodeIgniter\Database\BaseConnection->query('SELECT `rencana...', Array, false)
#4 E:\laragon\www\p5bk\app\Controllers\P5bk.php(30): CodeIgniter\Database\BaseBuilder->get()
#5 E:\laragon\www\p5bk\system\CodeIgniter.php(907): App\Controllers\P5bk->index()
#6 E:\laragon\www\p5bk\system\CodeIgniter.php(457): CodeIgniter\CodeIgniter->runController(Object(App\Controllers\P5bk))
#7 E:\laragon\www\p5bk\system\CodeIgniter.php(340): CodeIgniter\CodeIgniter->handleRequest(NULL, Object(Config\Cache), false)
#8 E:\laragon\www\p5bk\public\index.php(67): CodeIgniter\CodeIgniter->run()
#9 E:\laragon\www\p5bk\system\Commands\Server\rewrite.php(43): require_once('E:\\laragon\\www\\...')
#10 {main}
CRITICAL - 2022-09-30 17:48:37 --> Unknown column 'aspek_penilaian.dimensi_id' in 'field list'
in SYSTEMPATH\Database\MySQLi\Connection.php on line 292.
 1 SYSTEMPATH\Database\MySQLi\Connection.php(292): mysqli->query('SELECT `rencana_budaya_kerja`.`rencana_id`, `rencana_budaya_kerja`.`nama`, `rencana_budaya_kerja`.`deskripsi`, `tb_kelas`.`kelas_id`, `tb_kelas`.`kelas_nama`, COUNT(aspek_penilaian.dimensi_id) as dimensi
FROM `rencana_budaya_kerja`
JOIN `tb_kelas` ON `tb_kelas`.`kelas_id` = `rencana_budaya_kerja`.`kelas_id`
GROUP BY `rencana_budaya_kerja`.`rencana_id`', 0)
 2 SYSTEMPATH\Database\BaseConnection.php(693): CodeIgniter\Database\MySQLi\Connection->execute('SELECT `rencana_budaya_kerja`.`rencana_id`, `rencana_budaya_kerja`.`nama`, `rencana_budaya_kerja`.`deskripsi`, `tb_kelas`.`kelas_id`, `tb_kelas`.`kelas_nama`, COUNT(aspek_penilaian.dimensi_id) as dimensi
FROM `rencana_budaya_kerja`
JOIN `tb_kelas` ON `tb_kelas`.`kelas_id` = `rencana_budaya_kerja`.`kelas_id`
GROUP BY `rencana_budaya_kerja`.`rencana_id`')
 3 SYSTEMPATH\Database\BaseConnection.php(620): CodeIgniter\Database\BaseConnection->simpleQuery('SELECT `rencana_budaya_kerja`.`rencana_id`, `rencana_budaya_kerja`.`nama`, `rencana_budaya_kerja`.`deskripsi`, `tb_kelas`.`kelas_id`, `tb_kelas`.`kelas_nama`, COUNT(aspek_penilaian.dimensi_id) as dimensi
FROM `rencana_budaya_kerja`
JOIN `tb_kelas` ON `tb_kelas`.`kelas_id` = `rencana_budaya_kerja`.`kelas_id`
GROUP BY `rencana_budaya_kerja`.`rencana_id`')
 4 SYSTEMPATH\Database\BaseBuilder.php(1585): CodeIgniter\Database\BaseConnection->query('SELECT `rencana_budaya_kerja`.`rencana_id`, `rencana_budaya_kerja`.`nama`, `rencana_budaya_kerja`.`deskripsi`, `tb_kelas`.`kelas_id`, `tb_kelas`.`kelas_nama`, COUNT(aspek_penilaian.dimensi_id) as dimensi
FROM `rencana_budaya_kerja`
JOIN `tb_kelas` ON `tb_kelas`.`kelas_id` = `rencana_budaya_kerja`.`kelas_id`
GROUP BY `rencana_budaya_kerja`.`rencana_id`', [], false)
 5 APPPATH\Controllers\P5bk.php(30): CodeIgniter\Database\BaseBuilder->get()
 6 SYSTEMPATH\CodeIgniter.php(907): App\Controllers\P5bk->index()
 7 SYSTEMPATH\CodeIgniter.php(457): CodeIgniter\CodeIgniter->runController(Object(App\Controllers\P5bk))
 8 SYSTEMPATH\CodeIgniter.php(340): CodeIgniter\CodeIgniter->handleRequest(null, Object(Config\Cache), false)
 9 FCPATH\index.php(67): CodeIgniter\CodeIgniter->run()
10 SYSTEMPATH\Commands\Server\rewrite.php(43): require_once('FCPATH\\index.php')
CRITICAL - 2022-09-30 17:50:45 --> Undefined property: CodeIgniter\Database\MySQLi\Builder::$dimensi
in APPPATH\Controllers\P5bk.php on line 34.
 1 APPPATH\Controllers\P5bk.php(34): CodeIgniter\Debug\Exceptions->errorHandler(8, 'Undefined property: CodeIgniter\\Database\\MySQLi\\Builder::$dimensi', 'APPPATH\\Controllers\\P5bk.php', 34, [...])
 2 SYSTEMPATH\CodeIgniter.php(907): App\Controllers\P5bk->index()
 3 SYSTEMPATH\CodeIgniter.php(457): CodeIgniter\CodeIgniter->runController(Object(App\Controllers\P5bk))
 4 SYSTEMPATH\CodeIgniter.php(340): CodeIgniter\CodeIgniter->handleRequest(null, Object(Config\Cache), false)
 5 FCPATH\index.php(67): CodeIgniter\CodeIgniter->run()
 6 SYSTEMPATH\Commands\Server\rewrite.php(43): require_once('FCPATH\\index.php')
CRITICAL - 2022-09-30 17:50:59 --> Cannot use object of type CodeIgniter\Database\MySQLi\Builder as array
in APPPATH\Controllers\P5bk.php on line 34.
 1 SYSTEMPATH\CodeIgniter.php(907): App\Controllers\P5bk->index()
 2 SYSTEMPATH\CodeIgniter.php(457): CodeIgniter\CodeIgniter->runController(Object(App\Controllers\P5bk))
 3 SYSTEMPATH\CodeIgniter.php(340): CodeIgniter\CodeIgniter->handleRequest(null, Object(Config\Cache), false)
 4 FCPATH\index.php(67): CodeIgniter\CodeIgniter->run()
 5 SYSTEMPATH\Commands\Server\rewrite.php(43): require_once('FCPATH\\index.php')
CRITICAL - 2022-09-30 17:52:04 --> Undefined index: dimensi
in APPPATH\Views\fitur\perencanaan.php on line 45.
 1 APPPATH\Views\fitur\perencanaan.php(45): CodeIgniter\Debug\Exceptions->errorHandler(8, 'Undefined index: dimensi', 'APPPATH\\Views\\fitur\\perencanaan.php', 45, [...])
 2 SYSTEMPATH\View\View.php(213): include('APPPATH\\Views\\fitur\\perencanaan.php')
 3 SYSTEMPATH\View\View.php(216): CodeIgniter\View\View->CodeIgniter\View\{closure}()
 4 SYSTEMPATH\Common.php(1142): CodeIgniter\View\View->render('fitur/perencanaan', [], true)
 5 APPPATH\Controllers\P5bk.php(43): view('fitur/perencanaan', [...])
 6 SYSTEMPATH\CodeIgniter.php(907): App\Controllers\P5bk->index()
 7 SYSTEMPATH\CodeIgniter.php(457): CodeIgniter\CodeIgniter->runController(Object(App\Controllers\P5bk))
 8 SYSTEMPATH\CodeIgniter.php(340): CodeIgniter\CodeIgniter->handleRequest(null, Object(Config\Cache), false)
 9 FCPATH\index.php(67): CodeIgniter\CodeIgniter->run()
10 SYSTEMPATH\Commands\Server\rewrite.php(43): require_once('FCPATH\\index.php')
CRITICAL - 2022-09-30 18:13:24 --> Undefined variable: I
in APPPATH\Views\fitur\perencanaan.php on line 160.
 1 APPPATH\Views\fitur\perencanaan.php(160): CodeIgniter\Debug\Exceptions->errorHandler(8, 'Undefined variable: I', 'APPPATH\\Views\\fitur\\perencanaan.php', 160, [...])
 2 SYSTEMPATH\View\View.php(213): include('APPPATH\\Views\\fitur\\perencanaan.php')
 3 SYSTEMPATH\View\View.php(216): CodeIgniter\View\View->CodeIgniter\View\{closure}()
 4 SYSTEMPATH\Common.php(1142): CodeIgniter\View\View->render('fitur/perencanaan', [], true)
 5 APPPATH\Controllers\P5bk.php(50): view('fitur/perencanaan', [...])
 6 SYSTEMPATH\CodeIgniter.php(907): App\Controllers\P5bk->index()
 7 SYSTEMPATH\CodeIgniter.php(457): CodeIgniter\CodeIgniter->runController(Object(App\Controllers\P5bk))
 8 SYSTEMPATH\CodeIgniter.php(340): CodeIgniter\CodeIgniter->handleRequest(null, Object(Config\Cache), false)
 9 FCPATH\index.php(67): CodeIgniter\CodeIgniter->run()
10 SYSTEMPATH\Commands\Server\rewrite.php(43): require_once('FCPATH\\index.php')
CRITICAL - 2022-09-30 18:43:44 --> Undefined variable: aspek
in APPPATH\Views\fitur\perencanaan.php on line 161.
 1 APPPATH\Views\fitur\perencanaan.php(161): CodeIgniter\Debug\Exceptions->errorHandler(8, 'Undefined variable: aspek', 'APPPATH\\Views\\fitur\\perencanaan.php', 161, [...])
 2 SYSTEMPATH\View\View.php(213): include('APPPATH\\Views\\fitur\\perencanaan.php')
 3 SYSTEMPATH\View\View.php(216): CodeIgniter\View\View->CodeIgniter\View\{closure}()
 4 SYSTEMPATH\Common.php(1142): CodeIgniter\View\View->render('fitur/perencanaan', [], true)
 5 APPPATH\Controllers\P5bk.php(50): view('fitur/perencanaan', [...])
 6 SYSTEMPATH\CodeIgniter.php(907): App\Controllers\P5bk->index()
 7 SYSTEMPATH\CodeIgniter.php(457): CodeIgniter\CodeIgniter->runController(Object(App\Controllers\P5bk))
 8 SYSTEMPATH\CodeIgniter.php(340): CodeIgniter\CodeIgniter->handleRequest(null, Object(Config\Cache), false)
 9 FCPATH\index.php(67): CodeIgniter\CodeIgniter->run()
10 SYSTEMPATH\Commands\Server\rewrite.php(43): require_once('FCPATH\\index.php')
CRITICAL - 2022-09-30 19:56:13 --> Undefined variable: dimensi
in APPPATH\Views\fitur\test.php on line 21.
 1 APPPATH\Views\fitur\test.php(21): CodeIgniter\Debug\Exceptions->errorHandler(8, 'Undefined variable: dimensi', 'APPPATH\\Views\\fitur\\test.php', 21, [...])
 2 SYSTEMPATH\View\View.php(213): include('APPPATH\\Views\\fitur\\test.php')
 3 SYSTEMPATH\View\View.php(216): CodeIgniter\View\View->CodeIgniter\View\{closure}()
 4 SYSTEMPATH\Common.php(1142): CodeIgniter\View\View->render('fitur/test', [], true)
 5 APPPATH\Controllers\Test.php(25): view('fitur/test', [...])
 6 SYSTEMPATH\CodeIgniter.php(907): App\Controllers\Test->index()
 7 SYSTEMPATH\CodeIgniter.php(457): CodeIgniter\CodeIgniter->runController(Object(App\Controllers\Test))
 8 SYSTEMPATH\CodeIgniter.php(340): CodeIgniter\CodeIgniter->handleRequest(null, Object(Config\Cache), false)
 9 FCPATH\index.php(67): CodeIgniter\CodeIgniter->run()
10 SYSTEMPATH\Commands\Server\rewrite.php(43): require_once('FCPATH\\index.php')
CRITICAL - 2022-09-30 21:31:31 --> Undefined property: App\Controllers\Test::$db
in APPPATH\Controllers\Test.php on line 18.
 1 APPPATH\Controllers\Test.php(18): CodeIgniter\Debug\Exceptions->errorHandler(8, 'Undefined property: App\\Controllers\\Test::$db', 'APPPATH\\Controllers\\Test.php', 18, [...])
 2 SYSTEMPATH\CodeIgniter.php(907): App\Controllers\Test->index()
 3 SYSTEMPATH\CodeIgniter.php(457): CodeIgniter\CodeIgniter->runController(Object(App\Controllers\Test))
 4 SYSTEMPATH\CodeIgniter.php(340): CodeIgniter\CodeIgniter->handleRequest(null, Object(Config\Cache), false)
 5 FCPATH\index.php(67): CodeIgniter\CodeIgniter->run()
 6 SYSTEMPATH\Commands\Server\rewrite.php(43): require_once('FCPATH\\index.php')
CRITICAL - 2022-09-30 21:31:50 --> Undefined property: App\Controllers\Test::$db
in APPPATH\Controllers\Test.php on line 19.
 1 APPPATH\Controllers\Test.php(19): CodeIgniter\Debug\Exceptions->errorHandler(8, 'Undefined property: App\\Controllers\\Test::$db', 'APPPATH\\Controllers\\Test.php', 19, [...])
 2 SYSTEMPATH\CodeIgniter.php(907): App\Controllers\Test->index()
 3 SYSTEMPATH\CodeIgniter.php(457): CodeIgniter\CodeIgniter->runController(Object(App\Controllers\Test))
 4 SYSTEMPATH\CodeIgniter.php(340): CodeIgniter\CodeIgniter->handleRequest(null, Object(Config\Cache), false)
 5 FCPATH\index.php(67): CodeIgniter\CodeIgniter->run()
 6 SYSTEMPATH\Commands\Server\rewrite.php(43): require_once('FCPATH\\index.php')
CRITICAL - 2022-09-30 21:31:51 --> Undefined property: App\Controllers\Test::$db
in APPPATH\Controllers\Test.php on line 19.
 1 APPPATH\Controllers\Test.php(19): CodeIgniter\Debug\Exceptions->errorHandler(8, 'Undefined property: App\\Controllers\\Test::$db', 'APPPATH\\Controllers\\Test.php', 19, [...])
 2 SYSTEMPATH\CodeIgniter.php(907): App\Controllers\Test->index()
 3 SYSTEMPATH\CodeIgniter.php(457): CodeIgniter\CodeIgniter->runController(Object(App\Controllers\Test))
 4 SYSTEMPATH\CodeIgniter.php(340): CodeIgniter\CodeIgniter->handleRequest(null, Object(Config\Cache), false)
 5 FCPATH\index.php(67): CodeIgniter\CodeIgniter->run()
 6 SYSTEMPATH\Commands\Server\rewrite.php(43): require_once('FCPATH\\index.php')
CRITICAL - 2022-09-30 21:32:44 --> You must set the database table to be used with your query.
in SYSTEMPATH\Database\BaseConnection.php on line 872.
 1 APPPATH\Controllers\Test.php(32): CodeIgniter\Database\BaseConnection->table('ROOTPATH\\public')
 2 SYSTEMPATH\CodeIgniter.php(907): App\Controllers\Test->index()
 3 SYSTEMPATH\CodeIgniter.php(457): CodeIgniter\CodeIgniter->runController(Object(App\Controllers\Test))
 4 SYSTEMPATH\CodeIgniter.php(340): CodeIgniter\CodeIgniter->handleRequest(null, Object(Config\Cache), false)
 5 FCPATH\index.php(67): CodeIgniter\CodeIgniter->run()
 6 SYSTEMPATH\Commands\Server\rewrite.php(43): require_once('FCPATH\\index.php')
